Log file open, 04/11/16 16:39:27
LogInit:Display: Running engine for game: CS580AIProject
LogPlatformFile: Not using cached read wrapper
LogInit:Display: RandInit(-1229600769) SRandInit(-1229600767).
LogTaskGraph: Started task graph with 4 named threads and 7 total threads.
LogStats: Stats thread started at 0.061854
LogHMD: Can't find Oculus library dev build: is proper Runtime installed? Version: 1.3.0
LogInit: Version: 4.11.1-2934540+++UE4+Release-4.11
LogInit: API Version: 2927265
LogInit: Compiled (64-bit): Apr  6 2016 02:14:16
LogInit: Compiled with Visual C++: 19.00.23026.00
LogInit: Build Configuration: Development
LogInit: Branch Name: ++UE4+Release-4.11
LogInit: Command line: -EpicPortal 
LogInit: Base directory: C:/Program Files (x86)/Epic Games/4.11/Engine/Binaries/Win64/
LogInit: Installed Engine Build: 1
LogInit: Using libcurl 7.41.0
LogInit:  - built for x86_64-pc-win32
LogInit:  - supports SSL with WinSSL
LogInit:  - other features:
LogInit:      CURL_VERSION_SSL
LogInit:      CURL_VERSION_IPV6
LogInit:      CURL_VERSION_ASYNCHDNS
LogInit:      CURL_VERSION_LARGEFILE
LogInit:      CURL_VERSION_IDN
LogInit:  CurlRequestOptions (configurable via config and command line):
LogInit:  - bVerifyPeer = true  - Libcurl will verify peer certificate
LogInit:  - bUseHttpProxy = false  - Libcurl will NOT use HTTP proxy
LogInit:  - bDontReuseConnections = false  - Libcurl will reuse connections
LogInit:  - CertBundlePath = nullptr  - Libcurl will use whatever was configured at build time.
LogInit: Presizing for max 16777216 objects, including 0 objects not considered by GC, pre-allocating 0 bytes for permanent pool.
LogInit: Object subsystem initialized
[2016.04.11-23.39.27:475][  0]LogInit: Selected Device Profile: [Windows]
[2016.04.11-23.39.27:475][  0]LogInit: Applying CVar settings loaded from the selected device profile: [Windows]
[2016.04.11-23.39.27:486][  0]LogInit: Computer: DIT2526US
[2016.04.11-23.39.27:486][  0]LogInit: User: cdiaz
[2016.04.11-23.39.27:486][  0]LogInit: CPU Page size=65536, Cores=4
[2016.04.11-23.39.27:486][  0]LogInit: High frequency timer resolution =3.515654 MHz
[2016.04.11-23.39.27:486][  0]LogMemory: Memory total: Physical=15.9GB (16GB approx)
[2016.04.11-23.39.27:486][  0]LogMemory: Platform Memory Stats for Windows
[2016.04.11-23.39.27:486][  0]LogMemory: Process Physical Memory: 314.82 MB used, 314.82 MB peak
[2016.04.11-23.39.27:486][  0]LogMemory: Process Virtual Memory: 316.98 MB used, 316.98 MB peak
[2016.04.11-23.39.27:486][  0]LogMemory: Physical Memory: 10021.51 MB used, 16326.90 MB total
[2016.04.11-23.39.27:486][  0]LogMemory: Virtual Memory: 620.74 MB used, 8388608.00 MB total
[2016.04.11-23.39.27:534][  0]LogTextLocalizationManager: No specific translations for ('en-US') exist, so ('en') translations will be used.
[2016.04.11-23.39.27:865][  0]LogD3D11RHI: D3D11 adapters:
[2016.04.11-23.39.27:886][  0]LogD3D11RHI:    0. 'NVIDIA GeForce GTX 760' (Feature Level 11_0)
[2016.04.11-23.39.27:886][  0]LogD3D11RHI:       1990MB of dedicated video memory, 0MB of dedicated system memory, and 2048MB of shared system memory, 1 output[s]
[2016.04.11-23.39.27:886][  0]LogD3D11RHI: Chosen D3D11 Adapter: 0
[2016.04.11-23.39.28:787][  0]LogD3D11RHI: Creating new Direct3DDevice
[2016.04.11-23.39.28:787][  0]LogD3D11RHI:     Adapter Name: NVIDIA GeForce GTX 760
[2016.04.11-23.39.28:787][  0]LogD3D11RHI:   Driver Version: 10.18.13.5891 (internal 10.18.13.5891)
[2016.04.11-23.39.28:787][  0]LogD3D11RHI:      Driver Date: 11-5-2015
[2016.04.11-23.39.28:787][  0]LogRHI: Texture pool is 1361 MB (70% of 1945 MB)
[2016.04.11-23.39.28:823][  0]LogD3D11RHI: Async texture creation enabled
[2016.04.11-23.39.28:839][  0]LogShaderCompilers: Guid format shader working directory is -14 characters bigger than the processId version (../../../../../../Users/c.diaz/Desktop/CS580AI/CS580AIProject 4.11/Intermediate/Shaders/WorkingDirectory/3316/).
[2016.04.11-23.39.28:839][  0]LogShaderCompilers: Cleaned the shader compiler working directory 'C:/Users/C5AE6~1.DIA/AppData/Local/Temp/UnrealShaderWorkingDir/04AB11B64F66936068D65A8A1313A1A2/'.
[2016.04.11-23.39.28:839][  0]LogShaderCompilers:Display: Using Local Shader Compiler.
[2016.04.11-23.39.29:614][  0]LogTemp:Display: Loaded TP AllDesktopTargetPlatform
[2016.04.11-23.39.29:618][  0]LogTemp:Display: Loaded TP WindowsClientTargetPlatform
[2016.04.11-23.39.29:621][  0]LogTemp:Display: Loaded TP WindowsNoEditorTargetPlatform
[2016.04.11-23.39.29:625][  0]LogTemp:Display: Loaded TP WindowsServerTargetPlatform
[2016.04.11-23.39.29:628][  0]LogTemp:Display: Loaded TP WindowsTargetPlatform
[2016.04.11-23.39.29:631][  0]LogTemp:Display: Loaded TP AndroidTargetPlatform
[2016.04.11-23.39.29:635][  0]LogTemp:Display: Loaded TP Android_ASTCTargetPlatform
[2016.04.11-23.39.29:637][  0]LogTemp:Display: Loaded TP Android_ATCTargetPlatform
[2016.04.11-23.39.29:640][  0]LogTemp:Display: Loaded TP Android_DXTTargetPlatform
[2016.04.11-23.39.29:643][  0]LogTemp:Display: Loaded TP Android_ETC1TargetPlatform
[2016.04.11-23.39.29:646][  0]LogTemp:Display: Loaded TP Android_ETC2TargetPlatform
[2016.04.11-23.39.29:651][  0]LogTemp:Display: Loaded TP Android_MultiTargetPlatform
[2016.04.11-23.39.29:651][  0]LogTemp:Display: Loaded TP Android_PVRTCTargetPlatform
[2016.04.11-23.39.29:652][  0]LogTemp:Display: Loaded TP HTML5TargetPlatform
[2016.04.11-23.39.29:670][  0]LogTemp:Display: Loaded TP IOSTargetPlatform
[2016.04.11-23.39.29:672][  0]LogTemp:Display: Loaded TP TVOSTargetPlatform
[2016.04.11-23.39.29:675][  0]LogTemp:Display: Loaded TP LinuxNoEditorTargetPlatform
[2016.04.11-23.39.29:678][  0]LogTemp:Display: Loaded TP LinuxServerTargetPlatform
[2016.04.11-23.39.29:681][  0]LogTemp:Display: Loaded TP LinuxTargetPlatform
[2016.04.11-23.39.29:681][  0]LogTargetPlatformManager:Display: Building Assets For Windows
[2016.04.11-23.39.29:739][  0]LogDerivedDataCache:Display: Max Cache Size: 512 MB
[2016.04.11-23.39.29:783][  0]LogDerivedDataCache: Loaded boot cache 0.04s 46MB C:/Users/c.diaz/AppData/Local/UnrealEngine/4.11/DerivedDataCache/Boot.ddc.
[2016.04.11-23.39.29:783][  0]LogDerivedDataCache:Display: Loaded Boot cache: C:/Users/c.diaz/AppData/Local/UnrealEngine/4.11/DerivedDataCache/Boot.ddc
[2016.04.11-23.39.29:783][  0]LogDerivedDataCache: FDerivedDataBackendGraph:  Pak pak cache file ../../../../../../Users/c.diaz/Desktop/CS580AI/CS580AIProject 4.11/DerivedDataCache/DDC.ddp not found, will not use a pak cache.
[2016.04.11-23.39.29:783][  0]LogDerivedDataCache: Unable to find inner node Pak for hierarchical cache Hierarchy.
[2016.04.11-23.39.29:784][  0]LogDerivedDataCache: FDerivedDataBackendGraph:  CompressedPak pak cache file ../../../../../../Users/c.diaz/Desktop/CS580AI/CS580AIProject 4.11/DerivedDataCache/Compressed.ddp not found, will not use a pak cache.
[2016.04.11-23.39.29:784][  0]LogDerivedDataCache: Unable to find inner node CompressedPak for hierarchical cache Hierarchy.
[2016.04.11-23.39.29:795][  0]LogDerivedDataCache:Display: Pak cache opened for reading ../../../Engine/DerivedDataCache/Compressed.ddp.
[2016.04.11-23.39.29:808][  0]LogDerivedDataCache: Using Local data cache path C:/Users/c.diaz/AppData/Local/UnrealEngine/Common/DerivedDataCache: Writable
[2016.04.11-23.39.29:940][  0]LogInit: Selected Device Profile: [Windows]
[2016.04.11-23.39.29:941][  0]LogContentStreaming: Texture pool size is 0.00 MB
[2016.04.11-23.39.29:961][  0]LogMaterial: Uniform references updated for custom material expression Custom.
[2016.04.11-23.39.30:084][  0]LogMeshUtilities: No automatic mesh reduction module available
[2016.04.11-23.39.30:084][  0]LogMeshUtilities: No automatic mesh merging module available
[2016.04.11-23.39.30:084][  0]LogMeshUtilities: No distributed automatic mesh merging module available
[2016.04.11-23.39.30:295][  0]LogUObjectArray: 27678 objects as part of root set at end of initial load.
[2016.04.11-23.39.30:295][  0]LogUObjectAllocator: 5591392 out of 0 bytes used by permanent object pool.
[2016.04.11-23.39.30:295][  0]LogUObjectArray: CloseDisregardForGC: 0/0 objects in disregard for GC pool
[2016.04.11-23.39.30:302][  0]LogInit: WinSock: version 1.1 (2.2), MaxSocks=32767, MaxUdp=65467
[2016.04.11-23.39.30:376][  0]LogSlate: SlateFontCache - WITH_FREETYPE: 1, WITH_HARFBUZZ: 1
[2016.04.11-23.39.30:376][  0]LogSlate: SlateFontCache - WITH_FREETYPE: 1, WITH_HARFBUZZ: 1
[2016.04.11-23.39.30:459][  0]LogStreaming:Warning: Failed to read file '../../../Engine/Content/Editor/Slate/Common/Selection_16x.png' error.
[2016.04.11-23.39.30:459][  0]LogSlate: Could not find file for Slate resource: ../../../Engine/Content/Editor/Slate/Common/Selection_16x.png
[2016.04.11-23.39.30:459][  0]LogStreaming:Warning: Failed to read file '../../../Engine/Content/Editor/Slate/Common/Selection_16x.png' error.
[2016.04.11-23.39.30:459][  0]LogSlate: Could not find file for Slate resource: ../../../Engine/Content/Editor/Slate/Common/Selection_16x.png
[2016.04.11-23.39.30:459][  0]LogStreaming:Warning: Failed to read file '../../../Engine/Content/Editor/Slate/Common/Selection_16x.png' error.
[2016.04.11-23.39.30:459][  0]LogSlate: Could not find file for Slate resource: ../../../Engine/Content/Editor/Slate/Common/Selection_16x.png
[2016.04.11-23.39.30:944][  0]LogUdpMessaging: Initializing bridge on interface 0.0.0.0:0 to multicast group 230.0.0.1:6666.
[2016.04.11-23.39.31:089][  0]LogAssetRegistry: FAssetRegistry took 0.0268 seconds to start up
[2016.04.11-23.39.31:233][  0]SourceControl: Info Source control is disabled
[2016.04.11-23.39.31:250][  0]SourceControl: Info Source control is disabled
[2016.04.11-23.39.31:259][  0]SourceControl: Info Source control is disabled
[2016.04.11-23.39.31:267][  0]SourceControl: Info Source control is disabled
[2016.04.11-23.39.31:448][  0]LogEngine: Initializing Engine...
[2016.04.11-23.39.31:449][  0]LogHMD: SteamVR failed to initialize.  Err: 110
[2016.04.11-23.39.31:450][  0]LogHMD: SteamVR failed to initialize.  Err: 110
[2016.04.11-23.39.31:558][  0]LogAIModule: Creating AISystem for world NewWorld
[2016.04.11-23.39.31:563][  0]LogInit: XAudio2 using 'Speakers (Realtek High Definition Audio)' : 2 channels at 48 kHz using 32 bits per sample (channel mask 0x3)
[2016.04.11-23.39.31:571][  0]LogInit: FAudioDevice initialized.
[2016.04.11-23.39.31:590][  0]LogDerivedDataCache: Saved boot cache 0.02s 46MB C:/Users/c.diaz/AppData/Local/UnrealEngine/4.11/DerivedDataCache/Boot.ddc.
[2016.04.11-23.39.31:593][  0]LogInit: Texture streaming: Enabled
[2016.04.11-23.39.31:610][  0]LogInit: Transaction tracking system initialized
[2016.04.11-23.39.31:627][  0]BlueprintLog: New page: Editor Load
[2016.04.11-23.39.31:685][  0]LocalizationService: Info Localization service is disabled
[2016.04.11-23.39.31:741][  0]LogConsoleResponse:Display: 
[2016.04.11-23.39.31:837][  0]LogCook:Display: Max memory allowance for cook 8192mb
[2016.04.11-23.39.31:837][  0]LogCook:Display: Mobile HDR setting 1
[2016.04.11-23.39.31:837][  0]LogCook:Display: Done creating registry. It took  0.00s.
[2016.04.11-23.39.31:875][  0]LogFileCache: Scanning file cache for directory 'C:/Users/c.diaz/Desktop/CS580AI/CS580AIProject 4.11/Content/' took 0.02s
[2016.04.11-23.39.31:875][  0]SourceControl: Info Source control is disabled
[2016.04.11-23.39.31:875][  0]Cmd: MAP LOAD FILE="../../../../../../Users/c.diaz/Desktop/CS580AI/CS580AIProject 4.11/Content/TopDownBP/Maps/TopDownExampleMap.umap" TEMPLATE=0 SHOWPROGRESS=1 FEATURELEVEL=3
[2016.04.11-23.39.31:876][  0]LightingResults: New page: Lighting Build
[2016.04.11-23.39.31:878][  0]MapCheck: New page: Map Check
[2016.04.11-23.39.31:878][  0]LightingResults: New page: Lighting Build
[2016.04.11-23.39.32:011][  0]LogClass:Warning: Type mismatch in CustomDistance of move_to_enemy_C - Previous (FloatProperty) Current(StructProperty) for package:  FObjectReader
[2016.04.11-23.39.32:442][  0]LogAIModule: Creating AISystem for world TopDownExampleMap
[2016.04.11-23.39.32:457][  0]LogEditorServer: Finished looking for orphan Actors (0.000 secs)
[2016.04.11-23.39.32:457][  0]Cmd: MAP CHECKDEP NOCLEARLOG
[2016.04.11-23.39.32:513][  0]MapCheck: Info Map check complete: 0 Error(s), 0 Warning(s), took 55.379ms to complete.
[2016.04.11-23.39.32:513][  0]LogFileHelpers: Loading map 'TopDownExampleMap' took 0.638
[2016.04.11-23.39.32:599][  0]LogCollectionManager: Loaded 0 collections in 0.001581 seconds
[2016.04.11-23.39.32:643][  0]LogFileCache: Scanning file cache for directory 'C:/Users/c.diaz/Desktop/CS580AI/CS580AIProject 4.11/Saved/Collections/' took 0.01s
[2016.04.11-23.39.32:643][  0]LogFileCache: Scanning file cache for directory 'C:/Users/c.diaz/Desktop/CS580AI/CS580AIProject 4.11/Content/Developers/cdiaz/Collections/' took 0.01s
[2016.04.11-23.39.32:643][  0]LogFileCache: Scanning file cache for directory 'C:/Users/c.diaz/Desktop/CS580AI/CS580AIProject 4.11/Content/Collections/' took 0.01s
[2016.04.11-23.39.32:643][  0]LogCollectionManager: Rebuilt the GUID cache for 0 collections in 0.000002 seconds
[2016.04.11-23.39.32:649][  0]LogContentBrowser: Native class hierarchy populated in 0.0060 seconds. Added 1979 classes and 343 folders.
[2016.04.11-23.39.32:652][  0]LogStats: UGameplayTagsManager::ConstructGameplayTagTree: Construct from data asset -  0.000 s
[2016.04.11-23.39.32:652][  0]LogStats: UGameplayTagsManager::ConstructGameplayTagTree: GameplayTagTreeChangedEvent.Broadcast -  0.000 s
[2016.04.11-23.39.32:652][  0]LogContentBrowser: Native class hierarchy updated for 'GameplayTags' in 0.0004 seconds. Added 12 classes and 0 folders.
[2016.04.11-23.39.32:656][  0]LogContentBrowser: Native class hierarchy updated for 'WidgetCarousel' in 0.0003 seconds. Added 0 classes and 0 folders.
[2016.04.11-23.39.32:661][  0]LogContentBrowser: Native class hierarchy updated for 'SuperSearch' in 0.0003 seconds. Added 1 classes and 2 folders.
[2016.04.11-23.39.32:704][  0]LogContentBrowser: Native class hierarchy updated for 'AddContentDialog' in 0.0004 seconds. Added 0 classes and 0 folders.
[2016.04.11-23.39.32:707][  0]LogContentBrowser: Native class hierarchy updated for 'SceneOutliner' in 0.0004 seconds. Added 1 classes and 2 folders.
[2016.04.11-23.39.32:722][  0]LogCrashTracker: Crashtracker disabled due to settings.
[2016.04.11-23.39.32:725][  0]LogUObjectGlobals:Warning: Failed to find object 'Class None.'
[2016.04.11-23.39.32:754][  0]LogContentBrowser: Native class hierarchy updated for 'HierarchicalLODOutliner' in 0.0004 seconds. Added 1 classes and 2 folders.
[2016.04.11-23.39.32:755][  0]LogLoad: Full Startup: 6.10 seconds (BP compile: 0.18 seconds)
[2016.04.11-23.39.32:755][  0]LogExternalProfiler: Found external profiler: VSPerf
[2016.04.11-23.39.32:755][  0]LogExternalProfiler: Using external profiler: VSPerf
[2016.04.11-23.39.33:093][  0]LogOcInput: OculusInput pre-init called
[2016.04.11-23.39.33:101][  0]LogOcInput: Can't find Oculus library dev build: is proper Runtime installed? Version: 1.3.0
[2016.04.11-23.39.33:154][  0]LogContentStreaming: Texture pool size now 1000 MB
[2016.04.11-23.39.33:284][  0]LogRenderer: Reallocating scene render targets to support 792x572 (Frame:2).
[2016.04.11-23.39.33:459][  1]LogAssetRegistry: Asset discovery search completed in 2.3962 seconds
[2016.04.11-23.39.33:459][  1]LogCollectionManager: Rebuilt the object cache for 0 collections in 0.000001 seconds (found 0 objects)
[2016.04.11-23.39.33:459][  1]LogCollectionManager: Fixed up redirectors for 0 collections in 0.000025 seconds (updated 0 objects)
[2016.04.11-23.40.25:612][342]LogEditorViewport: Clicking on Actor (context menu): StaticMeshActor (Floor)
[2016.04.11-23.40.27:375][535]LogEditorViewport: Clicking on Actor (LMB): NPC_Character_C (NPC_Character)
[2016.04.11-23.40.33:386][223]LogBlueprintUserMessages: Early PlayInEditor Detection: Level '/Game/TopDownBP/Maps/TopDownExampleMap.TopDownExampleMap:PersistentLevel' has LevelScriptBlueprint '/Game/TopDownBP/Maps/TopDownExampleMap.TopDownExampleMap:PersistentLevel.TopDownExampleMap' with GeneratedClass '/Game/TopDownBP/Maps/TopDownExampleMap.TopDownExampleMap_C' with ClassGeneratedBy '/Game/TopDownBP/Maps/TopDownExampleMap.TopDownExampleMap:PersistentLevel.TopDownExampleMap'
[2016.04.11-23.40.33:386][223]LogPlayLevel: PlayLevel: No blueprints needed recompiling
[2016.04.11-23.40.33:387][223]PIE: New page: PIE session: TopDownExampleMap (Apr 11, 2016, 8:40:33 AM)
[2016.04.11-23.40.33:387][223]LogPlayLevel: Creating play world package: /Game/TopDownBP/Maps/UEDPIE_0_TopDownExampleMap
[2016.04.11-23.40.33:410][223]LogPlayLevel: PIE: StaticDuplicateObject took: (0.022347s)
[2016.04.11-23.40.33:410][223]LogAIModule: Creating AISystem for world TopDownExampleMap
[2016.04.11-23.40.33:410][223]LogPlayLevel: PIE: World Init took: (0.000845s)
[2016.04.11-23.40.33:411][223]LogPlayLevel: PIE: Created PIE world by copying editor world from /Game/TopDownBP/Maps/TopDownExampleMap.TopDownExampleMap to /Game/TopDownBP/Maps/UEDPIE_0_TopDownExampleMap.TopDownExampleMap (0.023464s)
[2016.04.11-23.40.33:411][223]LogActorComponent: UnregisterComponent: (/Engine/Transient.CharMoveComp) Not registered. Aborting.
[2016.04.11-23.40.33:411][223]LogActorComponent: UnregisterComponent: (/Engine/Transient.PawnSensing_GEN_VARIABLE) Not registered. Aborting.
[2016.04.11-23.40.33:411][223]LogActorComponent: UnregisterComponent: (/Engine/Transient.ProjectileMovement_GEN_VARIABLE) Not registered. Aborting.
[2016.04.11-23.40.33:436][223]LogInit: XAudio2 using 'Speakers (Realtek High Definition Audio)' : 2 channels at 48 kHz using 32 bits per sample (channel mask 0x3)
[2016.04.11-23.40.33:441][223]LogInit: FAudioDevice initialized.
[2016.04.11-23.40.33:479][223]LogWorld: Game class is 'TopDownGameMode_C'
[2016.04.11-23.40.33:487][223]LogWorld: Bringing World /Game/TopDownBP/Maps/UEDPIE_0_TopDownExampleMap.TopDownExampleMap up for play (max tick rate 0) at 2016.04.11-16.40.33
[2016.04.11-23.40.33:489][223]LogWorld: Bringing up level for play took: 0.009169
[2016.04.11-23.40.33:492][223]LogContentBrowser: Native class hierarchy updated for 'MovieSceneCapture' in 0.0004 seconds. Added 9 classes and 0 folders.
[2016.04.11-23.40.33:493][223]PIE: Info Play in editor start time for /Game/TopDownBP/Maps/UEDPIE_0_TopDownExampleMap 0.378
[2016.04.11-23.40.33:493][223]LogBlueprintUserMessages: Late PlayInEditor Detection: Level '/Game/TopDownBP/Maps/TopDownExampleMap.TopDownExampleMap:PersistentLevel' has LevelScriptBlueprint '/Game/TopDownBP/Maps/TopDownExampleMap.TopDownExampleMap:PersistentLevel.TopDownExampleMap' with GeneratedClass '/Game/TopDownBP/Maps/TopDownExampleMap.TopDownExampleMap_C' with ClassGeneratedBy '/Game/TopDownBP/Maps/TopDownExampleMap.TopDownExampleMap:PersistentLevel.TopDownExampleMap'
[2016.04.11-23.40.41:036][123]LogBlueprintUserMessages: Early EndPlayMap Detection: Level '/Game/TopDownBP/Maps/TopDownExampleMap.TopDownExampleMap:PersistentLevel' has LevelScriptBlueprint '/Game/TopDownBP/Maps/TopDownExampleMap.TopDownExampleMap:PersistentLevel.TopDownExampleMap' with GeneratedClass '/Game/TopDownBP/Maps/TopDownExampleMap.TopDownExampleMap_C' with ClassGeneratedBy '/Game/TopDownBP/Maps/TopDownExampleMap.TopDownExampleMap:PersistentLevel.TopDownExampleMap'
[2016.04.11-23.40.41:087][123]LogBlueprintUserMessages: Late EndPlayMap Detection: Level '/Game/TopDownBP/Maps/TopDownExampleMap.TopDownExampleMap:PersistentLevel' has LevelScriptBlueprint '/Game/TopDownBP/Maps/TopDownExampleMap.TopDownExampleMap:PersistentLevel.TopDownExampleMap' with GeneratedClass '/Game/TopDownBP/Maps/TopDownExampleMap.TopDownExampleMap_C' with ClassGeneratedBy '/Game/TopDownBP/Maps/TopDownExampleMap.TopDownExampleMap:PersistentLevel.TopDownExampleMap'
[2016.04.11-23.40.49:223][ 55]LogBlueprintUserMessages: Early PlayInEditor Detection: Level '/Game/TopDownBP/Maps/TopDownExampleMap.TopDownExampleMap:PersistentLevel' has LevelScriptBlueprint '/Game/TopDownBP/Maps/TopDownExampleMap.TopDownExampleMap:PersistentLevel.TopDownExampleMap' with GeneratedClass '/Game/TopDownBP/Maps/TopDownExampleMap.TopDownExampleMap_C' with ClassGeneratedBy '/Game/TopDownBP/Maps/TopDownExampleMap.TopDownExampleMap:PersistentLevel.TopDownExampleMap'
[2016.04.11-23.40.49:223][ 55]LogPlayLevel: PlayLevel: No blueprints needed recompiling
[2016.04.11-23.40.49:223][ 55]PIE: New page: PIE session: TopDownExampleMap (Apr 11, 2016, 8:40:49 AM)
[2016.04.11-23.40.49:223][ 55]LogPlayLevel: Creating play world package: /Game/TopDownBP/Maps/UEDPIE_0_TopDownExampleMap
[2016.04.11-23.40.49:241][ 55]LogPlayLevel: PIE: StaticDuplicateObject took: (0.018226s)
[2016.04.11-23.40.49:242][ 55]LogAIModule: Creating AISystem for world TopDownExampleMap
[2016.04.11-23.40.49:242][ 55]LogPlayLevel: PIE: World Init took: (0.000945s)
[2016.04.11-23.40.49:242][ 55]LogPlayLevel: PIE: Created PIE world by copying editor world from /Game/TopDownBP/Maps/TopDownExampleMap.TopDownExampleMap to /Game/TopDownBP/Maps/UEDPIE_0_TopDownExampleMap.TopDownExampleMap (0.019363s)
[2016.04.11-23.40.49:254][ 55]LogInit: XAudio2 using 'Speakers (Realtek High Definition Audio)' : 2 channels at 48 kHz using 32 bits per sample (channel mask 0x3)
[2016.04.11-23.40.49:259][ 55]LogInit: FAudioDevice initialized.
[2016.04.11-23.40.49:284][ 55]LogWorld: Game class is 'TopDownGameMode_C'
[2016.04.11-23.40.49:293][ 55]LogWorld: Bringing World /Game/TopDownBP/Maps/UEDPIE_0_TopDownExampleMap.TopDownExampleMap up for play (max tick rate 0) at 2016.04.11-16.40.49
[2016.04.11-23.40.49:294][ 55]LogWorld: Bringing up level for play took: 0.009390
[2016.04.11-23.40.49:296][ 55]PIE: Info Play in editor start time for /Game/TopDownBP/Maps/UEDPIE_0_TopDownExampleMap 0.182
[2016.04.11-23.40.49:297][ 55]LogBlueprintUserMessages: Late PlayInEditor Detection: Level '/Game/TopDownBP/Maps/TopDownExampleMap.TopDownExampleMap:PersistentLevel' has LevelScriptBlueprint '/Game/TopDownBP/Maps/TopDownExampleMap.TopDownExampleMap:PersistentLevel.TopDownExampleMap' with GeneratedClass '/Game/TopDownBP/Maps/TopDownExampleMap.TopDownExampleMap_C' with ClassGeneratedBy '/Game/TopDownBP/Maps/TopDownExampleMap.TopDownExampleMap:PersistentLevel.TopDownExampleMap'
[2016.04.11-23.40.56:084][865]LogBlueprintUserMessages: Early EndPlayMap Detection: Level '/Game/TopDownBP/Maps/TopDownExampleMap.TopDownExampleMap:PersistentLevel' has LevelScriptBlueprint '/Game/TopDownBP/Maps/TopDownExampleMap.TopDownExampleMap:PersistentLevel.TopDownExampleMap' with GeneratedClass '/Game/TopDownBP/Maps/TopDownExampleMap.TopDownExampleMap_C' with ClassGeneratedBy '/Game/TopDownBP/Maps/TopDownExampleMap.TopDownExampleMap:PersistentLevel.TopDownExampleMap'
[2016.04.11-23.40.56:136][865]LogBlueprintUserMessages: Late EndPlayMap Detection: Level '/Game/TopDownBP/Maps/TopDownExampleMap.TopDownExampleMap:PersistentLevel' has LevelScriptBlueprint '/Game/TopDownBP/Maps/TopDownExampleMap.TopDownExampleMap:PersistentLevel.TopDownExampleMap' with GeneratedClass '/Game/TopDownBP/Maps/TopDownExampleMap.TopDownExampleMap_C' with ClassGeneratedBy '/Game/TopDownBP/Maps/TopDownExampleMap.TopDownExampleMap:PersistentLevel.TopDownExampleMap'
[2016.04.11-23.40.57:932][ 71]LogBlueprintUserMessages: Early PlayInEditor Detection: Level '/Game/TopDownBP/Maps/TopDownExampleMap.TopDownExampleMap:PersistentLevel' has LevelScriptBlueprint '/Game/TopDownBP/Maps/TopDownExampleMap.TopDownExampleMap:PersistentLevel.TopDownExampleMap' with GeneratedClass '/Game/TopDownBP/Maps/TopDownExampleMap.TopDownExampleMap_C' with ClassGeneratedBy '/Game/TopDownBP/Maps/TopDownExampleMap.TopDownExampleMap:PersistentLevel.TopDownExampleMap'
[2016.04.11-23.40.57:932][ 71]LogPlayLevel: PlayLevel: No blueprints needed recompiling
[2016.04.11-23.40.57:933][ 71]PIE: New page: PIE session: TopDownExampleMap (Apr 11, 2016, 8:40:57 AM)
[2016.04.11-23.40.57:933][ 71]LogPlayLevel: Creating play world package: /Game/TopDownBP/Maps/UEDPIE_0_TopDownExampleMap
[2016.04.11-23.40.57:951][ 71]LogPlayLevel: PIE: StaticDuplicateObject took: (0.018054s)
[2016.04.11-23.40.57:951][ 71]LogAIModule: Creating AISystem for world TopDownExampleMap
[2016.04.11-23.40.57:951][ 71]LogPlayLevel: PIE: World Init took: (0.000467s)
[2016.04.11-23.40.57:951][ 71]LogPlayLevel: PIE: Created PIE world by copying editor world from /Game/TopDownBP/Maps/TopDownExampleMap.TopDownExampleMap to /Game/TopDownBP/Maps/UEDPIE_0_TopDownExampleMap.TopDownExampleMap (0.018740s)
[2016.04.11-23.40.57:965][ 71]LogInit: XAudio2 using 'Speakers (Realtek High Definition Audio)' : 2 channels at 48 kHz using 32 bits per sample (channel mask 0x3)
[2016.04.11-23.40.57:969][ 71]LogInit: FAudioDevice initialized.
[2016.04.11-23.40.57:995][ 71]LogWorld: Game class is 'TopDownGameMode_C'
[2016.04.11-23.40.58:003][ 71]LogWorld: Bringing World /Game/TopDownBP/Maps/UEDPIE_0_TopDownExampleMap.TopDownExampleMap up for play (max tick rate 0) at 2016.04.11-16.40.58
[2016.04.11-23.40.58:005][ 71]LogWorld: Bringing up level for play took: 0.008886
[2016.04.11-23.40.58:007][ 71]PIE: Info Play in editor start time for /Game/TopDownBP/Maps/UEDPIE_0_TopDownExampleMap 0.892
[2016.04.11-23.40.58:007][ 71]LogBlueprintUserMessages: Late PlayInEditor Detection: Level '/Game/TopDownBP/Maps/TopDownExampleMap.TopDownExampleMap:PersistentLevel' has LevelScriptBlueprint '/Game/TopDownBP/Maps/TopDownExampleMap.TopDownExampleMap:PersistentLevel.TopDownExampleMap' with GeneratedClass '/Game/TopDownBP/Maps/TopDownExampleMap.TopDownExampleMap_C' with ClassGeneratedBy '/Game/TopDownBP/Maps/TopDownExampleMap.TopDownExampleMap:PersistentLevel.TopDownExampleMap'
[2016.04.11-23.41.03:578][735]LogBlueprintUserMessages: Early EndPlayMap Detection: Level '/Game/TopDownBP/Maps/TopDownExampleMap.TopDownExampleMap:PersistentLevel' has LevelScriptBlueprint '/Game/TopDownBP/Maps/TopDownExampleMap.TopDownExampleMap:PersistentLevel.TopDownExampleMap' with GeneratedClass '/Game/TopDownBP/Maps/TopDownExampleMap.TopDownExampleMap_C' with ClassGeneratedBy '/Game/TopDownBP/Maps/TopDownExampleMap.TopDownExampleMap:PersistentLevel.TopDownExampleMap'
[2016.04.11-23.41.03:628][735]LogBlueprintUserMessages: Late EndPlayMap Detection: Level '/Game/TopDownBP/Maps/TopDownExampleMap.TopDownExampleMap:PersistentLevel' has LevelScriptBlueprint '/Game/TopDownBP/Maps/TopDownExampleMap.TopDownExampleMap:PersistentLevel.TopDownExampleMap' with GeneratedClass '/Game/TopDownBP/Maps/TopDownExampleMap.TopDownExampleMap_C' with ClassGeneratedBy '/Game/TopDownBP/Maps/TopDownExampleMap.TopDownExampleMap:PersistentLevel.TopDownExampleMap'
[2016.04.11-23.41.08:352][289]LogBlueprintUserMessages: Early PlayInEditor Detection: Level '/Game/TopDownBP/Maps/TopDownExampleMap.TopDownExampleMap:PersistentLevel' has LevelScriptBlueprint '/Game/TopDownBP/Maps/TopDownExampleMap.TopDownExampleMap:PersistentLevel.TopDownExampleMap' with GeneratedClass '/Game/TopDownBP/Maps/TopDownExampleMap.TopDownExampleMap_C' with ClassGeneratedBy '/Game/TopDownBP/Maps/TopDownExampleMap.TopDownExampleMap:PersistentLevel.TopDownExampleMap'
[2016.04.11-23.41.08:352][289]LogPlayLevel: PlayLevel: No blueprints needed recompiling
[2016.04.11-23.41.08:352][289]PIE: New page: PIE session: TopDownExampleMap (Apr 11, 2016, 8:41:08 AM)
[2016.04.11-23.41.08:352][289]LogPlayLevel: Creating play world package: /Game/TopDownBP/Maps/UEDPIE_0_TopDownExampleMap
[2016.04.11-23.41.08:375][289]LogPlayLevel: PIE: StaticDuplicateObject took: (0.022301s)
[2016.04.11-23.41.08:375][289]LogAIModule: Creating AISystem for world TopDownExampleMap
[2016.04.11-23.41.08:375][289]LogPlayLevel: PIE: World Init took: (0.000685s)
[2016.04.11-23.41.08:376][289]LogPlayLevel: PIE: Created PIE world by copying editor world from /Game/TopDownBP/Maps/TopDownExampleMap.TopDownExampleMap to /Game/TopDownBP/Maps/UEDPIE_0_TopDownExampleMap.TopDownExampleMap (0.023214s)
[2016.04.11-23.41.08:386][289]LogInit: XAudio2 using 'Speakers (Realtek High Definition Audio)' : 2 channels at 48 kHz using 32 bits per sample (channel mask 0x3)
[2016.04.11-23.41.08:391][289]LogInit: FAudioDevice initialized.
[2016.04.11-23.41.08:416][289]LogWorld: Game class is 'TopDownGameMode_C'
[2016.04.11-23.41.08:425][289]LogWorld: Bringing World /Game/TopDownBP/Maps/UEDPIE_0_TopDownExampleMap.TopDownExampleMap up for play (max tick rate 0) at 2016.04.11-16.41.08
[2016.04.11-23.41.08:427][289]LogWorld: Bringing up level for play took: 0.010255
[2016.04.11-23.41.08:429][289]PIE: Info Play in editor start time for /Game/TopDownBP/Maps/UEDPIE_0_TopDownExampleMap -0.686
[2016.04.11-23.41.08:430][289]LogBlueprintUserMessages: Late PlayInEditor Detection: Level '/Game/TopDownBP/Maps/TopDownExampleMap.TopDownExampleMap:PersistentLevel' has LevelScriptBlueprint '/Game/TopDownBP/Maps/TopDownExampleMap.TopDownExampleMap:PersistentLevel.TopDownExampleMap' with GeneratedClass '/Game/TopDownBP/Maps/TopDownExampleMap.TopDownExampleMap_C' with ClassGeneratedBy '/Game/TopDownBP/Maps/TopDownExampleMap.TopDownExampleMap:PersistentLevel.TopDownExampleMap'
[2016.04.11-23.41.21:587][860]LogBlueprintUserMessages: Early EndPlayMap Detection: Level '/Game/TopDownBP/Maps/TopDownExampleMap.TopDownExampleMap:PersistentLevel' has LevelScriptBlueprint '/Game/TopDownBP/Maps/TopDownExampleMap.TopDownExampleMap:PersistentLevel.TopDownExampleMap' with GeneratedClass '/Game/TopDownBP/Maps/TopDownExampleMap.TopDownExampleMap_C' with ClassGeneratedBy '/Game/TopDownBP/Maps/TopDownExampleMap.TopDownExampleMap:PersistentLevel.TopDownExampleMap'
[2016.04.11-23.41.21:636][860]LogBlueprintUserMessages: Late EndPlayMap Detection: Level '/Game/TopDownBP/Maps/TopDownExampleMap.TopDownExampleMap:PersistentLevel' has LevelScriptBlueprint '/Game/TopDownBP/Maps/TopDownExampleMap.TopDownExampleMap:PersistentLevel.TopDownExampleMap' with GeneratedClass '/Game/TopDownBP/Maps/TopDownExampleMap.TopDownExampleMap_C' with ClassGeneratedBy '/Game/TopDownBP/Maps/TopDownExampleMap.TopDownExampleMap:PersistentLevel.TopDownExampleMap'
[2016.04.11-23.44.53:006][548]LogBlueprintUserMessages: Early PlayInEditor Detection: Level '/Game/TopDownBP/Maps/TopDownExampleMap.TopDownExampleMap:PersistentLevel' has LevelScriptBlueprint '/Game/TopDownBP/Maps/TopDownExampleMap.TopDownExampleMap:PersistentLevel.TopDownExampleMap' with GeneratedClass '/Game/TopDownBP/Maps/TopDownExampleMap.TopDownExampleMap_C' with ClassGeneratedBy '/Game/TopDownBP/Maps/TopDownExampleMap.TopDownExampleMap:PersistentLevel.TopDownExampleMap'
[2016.04.11-23.44.53:006][548]LogPlayLevel: PlayLevel: No blueprints needed recompiling
[2016.04.11-23.44.53:006][548]PIE: New page: PIE session: TopDownExampleMap (Apr 11, 2016, 8:44:53 AM)
[2016.04.11-23.44.53:006][548]LogPlayLevel: Creating play world package: /Game/TopDownBP/Maps/UEDPIE_0_TopDownExampleMap
[2016.04.11-23.44.53:026][548]LogPlayLevel: PIE: StaticDuplicateObject took: (0.019754s)
[2016.04.11-23.44.53:026][548]LogAIModule: Creating AISystem for world TopDownExampleMap
[2016.04.11-23.44.53:026][548]LogPlayLevel: PIE: World Init took: (0.000695s)
[2016.04.11-23.44.53:026][548]LogPlayLevel: PIE: Created PIE world by copying editor world from /Game/TopDownBP/Maps/TopDownExampleMap.TopDownExampleMap to /Game/TopDownBP/Maps/UEDPIE_0_TopDownExampleMap.TopDownExampleMap (0.020667s)
[2016.04.11-23.44.53:026][548]LogActorComponent: UnregisterComponent: (/Engine/Transient.CharMoveComp) Not registered. Aborting.
[2016.04.11-23.44.53:026][548]LogActorComponent: UnregisterComponent: (/Engine/Transient.PawnSensing_GEN_VARIABLE) Not registered. Aborting.
[2016.04.11-23.44.53:027][548]LogActorComponent: UnregisterComponent: (/Engine/Transient.ProjectileMovement_GEN_VARIABLE) Not registered. Aborting.
[2016.04.11-23.44.53:038][548]LogInit: XAudio2 using 'Speakers (Realtek High Definition Audio)' : 2 channels at 48 kHz using 32 bits per sample (channel mask 0x3)
[2016.04.11-23.44.53:043][548]LogInit: FAudioDevice initialized.
[2016.04.11-23.44.53:069][548]LogWorld: Game class is 'TopDownGameMode_C'
[2016.04.11-23.44.53:078][548]LogWorld: Bringing World /Game/TopDownBP/Maps/UEDPIE_0_TopDownExampleMap.TopDownExampleMap up for play (max tick rate 0) at 2016.04.11-16.44.53
[2016.04.11-23.44.53:080][548]LogWorld: Bringing up level for play took: 0.009509
[2016.04.11-23.44.53:082][548]PIE: Info Play in editor start time for /Game/TopDownBP/Maps/UEDPIE_0_TopDownExampleMap -0.046
[2016.04.11-23.44.53:082][548]LogBlueprintUserMessages: Late PlayInEditor Detection: Level '/Game/TopDownBP/Maps/TopDownExampleMap.TopDownExampleMap:PersistentLevel' has LevelScriptBlueprint '/Game/TopDownBP/Maps/TopDownExampleMap.TopDownExampleMap:PersistentLevel.TopDownExampleMap' with GeneratedClass '/Game/TopDownBP/Maps/TopDownExampleMap.TopDownExampleMap_C' with ClassGeneratedBy '/Game/TopDownBP/Maps/TopDownExampleMap.TopDownExampleMap:PersistentLevel.TopDownExampleMap'
[2016.04.11-23.45.06:349][134]LogBlueprintUserMessages: Early EndPlayMap Detection: Level '/Game/TopDownBP/Maps/TopDownExampleMap.TopDownExampleMap:PersistentLevel' has LevelScriptBlueprint '/Game/TopDownBP/Maps/TopDownExampleMap.TopDownExampleMap:PersistentLevel.TopDownExampleMap' with GeneratedClass '/Game/TopDownBP/Maps/TopDownExampleMap.TopDownExampleMap_C' with ClassGeneratedBy '/Game/TopDownBP/Maps/TopDownExampleMap.TopDownExampleMap:PersistentLevel.TopDownExampleMap'
[2016.04.11-23.45.06:399][134]LogBlueprintUserMessages: Late EndPlayMap Detection: Level '/Game/TopDownBP/Maps/TopDownExampleMap.TopDownExampleMap:PersistentLevel' has LevelScriptBlueprint '/Game/TopDownBP/Maps/TopDownExampleMap.TopDownExampleMap:PersistentLevel.TopDownExampleMap' with GeneratedClass '/Game/TopDownBP/Maps/TopDownExampleMap.TopDownExampleMap_C' with ClassGeneratedBy '/Game/TopDownBP/Maps/TopDownExampleMap.TopDownExampleMap:PersistentLevel.TopDownExampleMap'
[2016.04.11-23.47.35:658][718]LogPackageName: SearchForPackageOnDisk took   0.000s, but failed to resolve /Game/TopDownBP/AI/Health_Check.
[2016.04.11-23.47.40:055][112]LogContentBrowser: Native class hierarchy updated for 'BlueprintGraph' in 0.0006 seconds. Added 108 classes and 0 folders.
[2016.04.11-23.47.57:322][ 99]BlueprintLog: New page: Compile Health_Check
[2016.04.11-23.47.57:327][ 99]LogActorComponent: UnregisterComponent: (/Engine/Transient.CharMoveComp) Not registered. Aborting.
[2016.04.11-23.47.57:327][ 99]LogActorComponent: UnregisterComponent: (/Engine/Transient.PawnSensing_GEN_VARIABLE) Not registered. Aborting.
[2016.04.11-23.47.57:327][ 99]LogActorComponent: UnregisterComponent: (/Engine/Transient.ProjectileMovement_GEN_VARIABLE) Not registered. Aborting.
[2016.04.11-23.47.57:406][ 99]BlueprintEditorCompileResults: Info [0510.72] Compile of Health_Check successful! [in 84 ms]
[2016.04.11-23.48.07:229][264]LogSlate:Warning: Prevented a slow task dialog from being summoned while a context menu was open
[2016.04.11-23.53.06:405][854]Cmd: OBJ SAVEPACKAGE PACKAGE="/Game/TopDownBP/AI/Health_Check" FILE="../../../../../../Users/c.diaz/Desktop/CS580AI/CS580AIProject 4.11/Content/TopDownBP/AI/Health_Check.uasset" SILENT=true
[2016.04.11-23.53.06:425][854]LogSavePackage: Save=17.96ms
[2016.04.11-23.53.06:425][854]LogSavePackage: Moving '../../../../../../Users/c.diaz/Desktop/CS580AI/CS580AIProject 4.11/Saved/Health_CheckD7F53C7B4655CA637CCCB1981F4EC47B.tmp' to '../../../../../../Users/c.diaz/Desktop/CS580AI/CS580AIProject 4.11/Content/TopDownBP/AI/Health_Check.uasset'
[2016.04.11-23.53.06:428][854]LogSavePackage: Total save time: 21.02ms
[2016.04.11-23.53.06:428][854]LogSavePackage:Display: Finished SavePackage ../../../../../../Users/c.diaz/Desktop/CS580AI/CS580AIProject 4.11/Content/TopDownBP/AI/Health_Check.uasset
[2016.04.11-23.53.06:450][856]LogPackageName: SearchForPackageOnDisk took   0.000s to resolve /Game/TopDownBP/AI/Health_Check.
[2016.04.11-23.53.06:854][904]BlueprintLog: New page: Compile Health_Check
[2016.04.11-23.53.06:862][904]LogActorComponent: UnregisterComponent: (/Engine/Transient.CharMoveComp) Not registered. Aborting.
[2016.04.11-23.53.06:862][904]LogActorComponent: UnregisterComponent: (/Engine/Transient.PawnSensing_GEN_VARIABLE) Not registered. Aborting.
[2016.04.11-23.53.06:862][904]LogActorComponent: UnregisterComponent: (/Engine/Transient.ProjectileMovement_GEN_VARIABLE) Not registered. Aborting.
[2016.04.11-23.53.06:921][904]BlueprintEditorCompileResults: Info [0820.22] Compile of Health_Check successful! [in 66 ms]
[2016.04.11-23.55.18:441][641]BlueprintLog: New page: Compile Health_Check
[2016.04.11-23.55.18:508][641]BlueprintEditorCompileResults: Info [0951.80] Compile of Health_Check successful! [in 66 ms]
[2016.04.11-23.55.25:242][446]LogSlate:Warning: Prevented a slow task dialog from being summoned while a context menu was open
[2016.04.11-23.57.37:833][258]BlueprintLog: New page: Compile Health_Check
[2016.04.11-23.57.37:900][258]BlueprintEditorCompileResults: Info [1091.18] Compile of Health_Check successful! [in 66 ms]
[2016.04.11-23.57.38:515][328]Cmd: OBJ SAVEPACKAGE PACKAGE="/Game/TopDownBP/AI/Health_Check" FILE="../../../../../../Users/c.diaz/Desktop/CS580AI/CS580AIProject 4.11/Content/TopDownBP/AI/Health_Check.uasset" SILENT=true
[2016.04.11-23.57.38:548][328]LogSavePackage: Save=17.32ms
[2016.04.11-23.57.38:548][328]LogSavePackage: Moving '../../../../../../Users/c.diaz/Desktop/CS580AI/CS580AIProject 4.11/Saved/Health_CheckF87CC5F148F78606D61DC69BC07AE018.tmp' to '../../../../../../Users/c.diaz/Desktop/CS580AI/CS580AIProject 4.11/Content/TopDownBP/AI/Health_Check.uasset'
[2016.04.11-23.57.38:552][328]LogSavePackage: Total save time: 35.44ms
[2016.04.11-23.57.38:552][328]LogSavePackage:Display: Finished SavePackage ../../../../../../Users/c.diaz/Desktop/CS580AI/CS580AIProject 4.11/Content/TopDownBP/AI/Health_Check.uasset
[2016.04.11-23.58.05:467][714]LogSavePackage: Save=471.26ms
[2016.04.11-23.58.05:467][714]LogSavePackage: Moving '../../../../../../Users/c.diaz/Desktop/CS580AI/CS580AIProject 4.11/Saved/TopDownExampleMap_Auto1828B95F640F0C28D3E196898774D393C.tmp' to '../../../../../../Users/c.diaz/Desktop/CS580AI/CS580AIProject 4.11/Saved/Autosaves/Game/TopDownBP/Maps/TopDownExampleMap_Auto1.umap'
[2016.04.11-23.58.05:470][714]LogSavePackage: Total save time: 493.29ms
[2016.04.11-23.58.05:470][714]LogSavePackage:Display: Finished SavePackage ../../../../../../Users/c.diaz/Desktop/CS580AI/CS580AIProject 4.11/Saved/Autosaves/Game/TopDownBP/Maps/TopDownExampleMap_Auto1.umap
[2016.04.11-23.58.05:472][714]LogFileHelpers: Editor autosave (incl. sublevels) for '/Game/TopDownBP/Maps/TopDownExampleMap' took 0.514
[2016.04.11-23.58.05:472][714]LogFileHelpers: Editor autosave (incl. sublevels) for all levels took 0.514
[2016.04.11-23.58.05:476][714]OBJ SavePackage: Generating thumbnails for [0] asset(s) in package [/Game/TopDownBP/AI/NPC_BlackBoard] ([1] browsable assets)...
[2016.04.11-23.58.05:476][714]OBJ SavePackage: Finished generating thumbnails for package [/Game/TopDownBP/AI/NPC_BlackBoard]
[2016.04.11-23.58.05:491][714]LogSavePackage: Save=1.73ms
[2016.04.11-23.58.05:491][714]LogSavePackage: Moving '../../../../../../Users/c.diaz/Desktop/CS580AI/CS580AIProject 4.11/Saved/NPC_BlackBoard_Auto1953463A744C0438C4A53DB99A7DC5BC8.tmp' to '../../../../../../Users/c.diaz/Desktop/CS580AI/CS580AIProject 4.11/Saved/Autosaves/Game/TopDownBP/AI/NPC_BlackBoard_Auto1.uasset'
[2016.04.11-23.58.05:493][714]LogSavePackage: Total save time: 15.33ms
[2016.04.11-23.58.05:493][714]LogSavePackage:Display: Finished SavePackage ../../../../../../Users/c.diaz/Desktop/CS580AI/CS580AIProject 4.11/Saved/Autosaves/Game/TopDownBP/AI/NPC_BlackBoard_Auto1.uasset
[2016.04.11-23.58.05:497][714]OBJ SavePackage: Generating thumbnails for [0] asset(s) in package [/Game/TopDownBP/AI/NPC_MOVE_BT] ([1] browsable assets)...
[2016.04.11-23.58.05:497][714]OBJ SavePackage: Finished generating thumbnails for package [/Game/TopDownBP/AI/NPC_MOVE_BT]
[2016.04.11-23.58.05:513][714]LogSavePackage: Save=4.25ms
[2016.04.11-23.58.05:513][714]LogSavePackage: Moving '../../../../../../Users/c.diaz/Desktop/CS580AI/CS580AIProject 4.11/Saved/NPC_MOVE_BT_Auto15A2833D84E874A828EF540A01D57650C.tmp' to '../../../../../../Users/c.diaz/Desktop/CS580AI/CS580AIProject 4.11/Saved/Autosaves/Game/TopDownBP/AI/NPC_MOVE_BT_Auto1.uasset'
[2016.04.11-23.58.05:515][714]LogSavePackage: Total save time: 16.07ms
[2016.04.11-23.58.05:515][714]LogSavePackage:Display: Finished SavePackage ../../../../../../Users/c.diaz/Desktop/CS580AI/CS580AIProject 4.11/Saved/Autosaves/Game/TopDownBP/AI/NPC_MOVE_BT_Auto1.uasset
[2016.04.11-23.58.05:515][714]LogFileHelpers: Auto-saving content packages took 0.042
[2016.04.11-23.58.45:518][632]Cmd: OBJ SAVEPACKAGE PACKAGE="/Game/TopDownBP/AI/NPC_MOVE_BT" FILE="../../../../../../Users/c.diaz/Desktop/CS580AI/CS580AIProject 4.11/Content/TopDownBP/AI/NPC_MOVE_BT.uasset" SILENT=true
[2016.04.11-23.58.45:534][632]LogSavePackage: Save=4.28ms
[2016.04.11-23.58.45:534][632]LogSavePackage: Moving '../../../../../../Users/c.diaz/Desktop/CS580AI/CS580AIProject 4.11/Saved/NPC_MOVE_BT2153551546F271BD6C7CC897C841C17E.tmp' to '../../../../../../Users/c.diaz/Desktop/CS580AI/CS580AIProject 4.11/Content/TopDownBP/AI/NPC_MOVE_BT.uasset'
[2016.04.11-23.58.45:537][632]LogSavePackage: Total save time: 17.31ms
[2016.04.11-23.58.45:537][632]LogSavePackage:Display: Finished SavePackage ../../../../../../Users/c.diaz/Desktop/CS580AI/CS580AIProject 4.11/Content/TopDownBP/AI/NPC_MOVE_BT.uasset
[2016.04.11-23.58.45:542][632]Cmd: OBJ SAVEPACKAGE PACKAGE="/Game/TopDownBP/AI/NPC_BlackBoard" FILE="../../../../../../Users/c.diaz/Desktop/CS580AI/CS580AIProject 4.11/Content/TopDownBP/AI/NPC_BlackBoard.uasset" SILENT=true
[2016.04.11-23.58.45:554][632]LogSavePackage: Save=1.82ms
[2016.04.11-23.58.45:554][632]LogSavePackage: Moving '../../../../../../Users/c.diaz/Desktop/CS580AI/CS580AIProject 4.11/Saved/NPC_BlackBoard8F20916D47F0B32081BACB8EC432E3EA.tmp' to '../../../../../../Users/c.diaz/Desktop/CS580AI/CS580AIProject 4.11/Content/TopDownBP/AI/NPC_BlackBoard.uasset'
[2016.04.11-23.58.45:559][632]LogSavePackage: Total save time: 15.53ms
[2016.04.11-23.58.45:559][632]LogSavePackage:Display: Finished SavePackage ../../../../../../Users/c.diaz/Desktop/CS580AI/CS580AIProject 4.11/Content/TopDownBP/AI/NPC_BlackBoard.uasset
[2016.04.12-00.01.52:039][671]LogActorComponent: UnregisterComponent: (/Engine/Transient.CharMoveComp) Not registered. Aborting.
[2016.04.12-00.01.52:039][671]LogActorComponent: UnregisterComponent: (/Engine/Transient.PawnSensing_GEN_VARIABLE) Not registered. Aborting.
[2016.04.12-00.01.52:039][671]LogActorComponent: UnregisterComponent: (/Engine/Transient.ProjectileMovement_GEN_VARIABLE) Not registered. Aborting.
[2016.04.12-00.02.08:004][576]LogActorComponent: UnregisterComponent: (/Engine/Transient.CharacterMovementComponent_0) Not registered. Aborting.
[2016.04.12-00.02.08:004][576]LogActorComponent: UnregisterComponent: (/Engine/Transient.PawnSensingComponent_0) Not registered. Aborting.
[2016.04.12-00.02.12:710][135]LogActorComponent: UnregisterComponent: (/Engine/Transient.CharacterMovementComponent_1) Not registered. Aborting.
[2016.04.12-00.02.12:710][135]LogActorComponent: UnregisterComponent: (/Engine/Transient.PawnSensingComponent_1) Not registered. Aborting.
[2016.04.12-00.02.25:501][662]LogActorComponent: UnregisterComponent: (/Engine/Transient.CharacterMovementComponent_2) Not registered. Aborting.
[2016.04.12-00.02.25:501][662]LogActorComponent: UnregisterComponent: (/Engine/Transient.PawnSensingComponent_2) Not registered. Aborting.
[2016.04.12-00.02.30:443][240]LogActorComponent: UnregisterComponent: (/Engine/Transient.CharacterMovementComponent_3) Not registered. Aborting.
[2016.04.12-00.02.30:443][240]LogActorComponent: UnregisterComponent: (/Engine/Transient.PawnSensingComponent_3) Not registered. Aborting.
[2016.04.12-00.02.42:748][703]LogActorComponent: UnregisterComponent: (/Engine/Transient.CharacterMovementComponent_4) Not registered. Aborting.
[2016.04.12-00.02.42:748][703]LogActorComponent: UnregisterComponent: (/Engine/Transient.PawnSensingComponent_4) Not registered. Aborting.
[2016.04.12-00.02.44:477][903]LogActorComponent: UnregisterComponent: (/Engine/Transient.CharacterMovementComponent_5) Not registered. Aborting.
[2016.04.12-00.02.44:477][903]LogActorComponent: UnregisterComponent: (/Engine/Transient.PawnSensingComponent_5) Not registered. Aborting.
[2016.04.12-00.03.22:462][654]Cmd: OBJ SAVEPACKAGE PACKAGE="/Game/TopDownBP/AI/NPC_Character" FILE="../../../../../../Users/c.diaz/Desktop/CS580AI/CS580AIProject 4.11/Content/TopDownBP/AI/NPC_Character.uasset" SILENT=true
[2016.04.12-00.03.22:583][654]LogSavePackage: Save=104.94ms
[2016.04.12-00.03.22:583][654]LogSavePackage: Moving '../../../../../../Users/c.diaz/Desktop/CS580AI/CS580AIProject 4.11/Saved/NPC_Character81D11D5749095596BA69CAAE7A4C2D8F.tmp' to '../../../../../../Users/c.diaz/Desktop/CS580AI/CS580AIProject 4.11/Content/TopDownBP/AI/NPC_Character.uasset'
[2016.04.12-00.03.22:587][654]LogSavePackage: Total save time: 124.32ms
[2016.04.12-00.03.22:587][654]LogSavePackage:Display: Finished SavePackage ../../../../../../Users/c.diaz/Desktop/CS580AI/CS580AIProject 4.11/Content/TopDownBP/AI/NPC_Character.uasset
[2016.04.12-00.03.22:881][689]BlueprintLog: New page: Compile NPC_Character
[2016.04.12-00.03.23:000][689]LogActorComponent: UnregisterComponent: (/Engine/Transient.CharacterMovementComponent_6) Not registered. Aborting.
[2016.04.12-00.03.23:000][689]LogActorComponent: UnregisterComponent: (/Engine/Transient.PawnSensingComponent_6) Not registered. Aborting.
[2016.04.12-00.03.23:281][689]BlueprintEditorCompileResults: Info [1436.55] Compile of NPC_Character successful! [in 399 ms]
[2016.04.12-00.03.29:615][443]Cmd: OBJ SAVEPACKAGE PACKAGE="/Game/TopDownBP/AI/NPC_MOVE_BT" FILE="../../../../../../Users/c.diaz/Desktop/CS580AI/CS580AIProject 4.11/Content/TopDownBP/AI/NPC_MOVE_BT.uasset" SILENT=true
[2016.04.12-00.03.29:632][443]LogSavePackage: Save=4.35ms
[2016.04.12-00.03.29:632][443]LogSavePackage: Moving '../../../../../../Users/c.diaz/Desktop/CS580AI/CS580AIProject 4.11/Saved/NPC_MOVE_BTBD8A985A4394BF65F03DF0A73D744EB6.tmp' to '../../../../../../Users/c.diaz/Desktop/CS580AI/CS580AIProject 4.11/Content/TopDownBP/AI/NPC_MOVE_BT.uasset'
[2016.04.12-00.03.29:636][443]LogSavePackage: Total save time: 18.94ms
[2016.04.12-00.03.29:636][443]LogSavePackage:Display: Finished SavePackage ../../../../../../Users/c.diaz/Desktop/CS580AI/CS580AIProject 4.11/Content/TopDownBP/AI/NPC_MOVE_BT.uasset
[2016.04.12-00.03.50:531][936]Cmd: OBJ SAVEPACKAGE PACKAGE="/Game/TopDownBP/AI/Health_Check" FILE="../../../../../../Users/c.diaz/Desktop/CS580AI/CS580AIProject 4.11/Content/TopDownBP/AI/Health_Check.uasset" SILENT=true
[2016.04.12-00.03.50:558][936]LogSavePackage: Save=15.04ms
[2016.04.12-00.03.50:558][936]LogSavePackage: Moving '../../../../../../Users/c.diaz/Desktop/CS580AI/CS580AIProject 4.11/Saved/Health_CheckB78CBC014EE155F22982238DD625D334.tmp' to '../../../../../../Users/c.diaz/Desktop/CS580AI/CS580AIProject 4.11/Content/TopDownBP/AI/Health_Check.uasset'
[2016.04.12-00.03.50:561][936]LogSavePackage: Total save time: 28.67ms
[2016.04.12-00.03.50:561][936]LogSavePackage:Display: Finished SavePackage ../../../../../../Users/c.diaz/Desktop/CS580AI/CS580AIProject 4.11/Content/TopDownBP/AI/Health_Check.uasset
[2016.04.12-00.03.50:970][985]BlueprintLog: New page: Compile Health_Check
[2016.04.12-00.03.50:980][985]LogActorComponent: UnregisterComponent: (/Engine/Transient.CharMoveComp) Not registered. Aborting.
[2016.04.12-00.03.50:980][985]LogActorComponent: UnregisterComponent: (/Engine/Transient.PawnSensing_GEN_VARIABLE) Not registered. Aborting.
[2016.04.12-00.03.51:044][985]BlueprintEditorCompileResults: Info [1464.31] Compile of Health_Check successful! [in 73 ms]
[2016.04.12-00.05.15:803][ 26]LogSlate:Warning: Prevented a slow task dialog from being summoned while a context menu was open
[2016.04.12-00.06.21:767][856]BlueprintLog: New page: Compile Health_Check
[2016.04.12-00.06.21:778][856]LogActorComponent: UnregisterComponent: (/Engine/Transient.CharMoveComp) Not registered. Aborting.
[2016.04.12-00.06.21:778][856]LogActorComponent: UnregisterComponent: (/Engine/Transient.PawnSensing_GEN_VARIABLE) Not registered. Aborting.
[2016.04.12-00.06.21:841][856]BlueprintEditorCompileResults: Info [1615.10] Compile of Health_Check successful! [in 74 ms]
[2016.04.12-00.07.47:212][ 43]Cmd: OBJ SAVEPACKAGE PACKAGE="/Game/TopDownBP/AI/Health_Check" FILE="../../../../../../Users/c.diaz/Desktop/CS580AI/CS580AIProject 4.11/Content/TopDownBP/AI/Health_Check.uasset" SILENT=true
[2016.04.12-00.07.47:243][ 43]LogSavePackage: Save=16.63ms
[2016.04.12-00.07.47:243][ 43]LogSavePackage: Moving '../../../../../../Users/c.diaz/Desktop/CS580AI/CS580AIProject 4.11/Saved/Health_Check977A9705421477AECED91781EF19554F.tmp' to '../../../../../../Users/c.diaz/Desktop/CS580AI/CS580AIProject 4.11/Content/TopDownBP/AI/Health_Check.uasset'
[2016.04.12-00.07.47:256][ 43]LogSavePackage: Total save time: 43.32ms
[2016.04.12-00.07.47:256][ 43]LogSavePackage:Display: Finished SavePackage ../../../../../../Users/c.diaz/Desktop/CS580AI/CS580AIProject 4.11/Content/TopDownBP/AI/Health_Check.uasset
[2016.04.12-00.07.47:623][ 86]BlueprintLog: New page: Compile Health_Check
[2016.04.12-00.07.47:699][ 86]BlueprintEditorCompileResults: Info [1700.95] Compile of Health_Check successful! [in 76 ms]
[2016.04.12-00.08.12:146][ 12]Cmd: OBJ SAVEPACKAGE PACKAGE="/Game/TopDownBP/AI/Health_Check" FILE="../../../../../../Users/c.diaz/Desktop/CS580AI/CS580AIProject 4.11/Content/TopDownBP/AI/Health_Check.uasset" SILENT=true
[2016.04.12-00.08.12:173][ 12]LogSavePackage: Save=16.49ms
[2016.04.12-00.08.12:173][ 12]LogSavePackage: Moving '../../../../../../Users/c.diaz/Desktop/CS580AI/CS580AIProject 4.11/Saved/Health_Check4BB1DAE345D8E25A92C411A46D51E285.tmp' to '../../../../../../Users/c.diaz/Desktop/CS580AI/CS580AIProject 4.11/Content/TopDownBP/AI/Health_Check.uasset'
[2016.04.12-00.08.12:176][ 12]LogSavePackage: Total save time: 28.75ms
[2016.04.12-00.08.12:176][ 12]LogSavePackage:Display: Finished SavePackage ../../../../../../Users/c.diaz/Desktop/CS580AI/CS580AIProject 4.11/Content/TopDownBP/AI/Health_Check.uasset
[2016.04.12-00.08.41:998][559]Cmd: OBJ SAVEPACKAGE PACKAGE="/Game/TopDownBP/AI/Health_Check" FILE="../../../../../../Users/c.diaz/Desktop/CS580AI/CS580AIProject 4.11/Content/TopDownBP/AI/Health_Check.uasset" SILENT=true
[2016.04.12-00.08.42:026][559]LogSavePackage: Save=17.17ms
[2016.04.12-00.08.42:026][559]LogSavePackage: Moving '../../../../../../Users/c.diaz/Desktop/CS580AI/CS580AIProject 4.11/Saved/Health_CheckABDB63414EE83038B0FCCDA83C8D9AC0.tmp' to '../../../../../../Users/c.diaz/Desktop/CS580AI/CS580AIProject 4.11/Content/TopDownBP/AI/Health_Check.uasset'
[2016.04.12-00.08.42:029][559]LogSavePackage: Total save time: 29.12ms
[2016.04.12-00.08.42:029][559]LogSavePackage:Display: Finished SavePackage ../../../../../../Users/c.diaz/Desktop/CS580AI/CS580AIProject 4.11/Content/TopDownBP/AI/Health_Check.uasset
[2016.04.12-00.09.02:941][ 19]Cmd: OBJ SAVEPACKAGE PACKAGE="/Game/TopDownBP/AI/NPC_Character" FILE="../../../../../../Users/c.diaz/Desktop/CS580AI/CS580AIProject 4.11/Content/TopDownBP/AI/NPC_Character.uasset" SILENT=true
[2016.04.12-00.09.03:055][ 19]LogSavePackage: Save=101.66ms
[2016.04.12-00.09.03:055][ 19]LogSavePackage: Moving '../../../../../../Users/c.diaz/Desktop/CS580AI/CS580AIProject 4.11/Saved/NPC_CharacterFAB6A8404DDC005C694B77B6CFE62429.tmp' to '../../../../../../Users/c.diaz/Desktop/CS580AI/CS580AIProject 4.11/Content/TopDownBP/AI/NPC_Character.uasset'
[2016.04.12-00.09.03:059][ 19]LogSavePackage: Total save time: 115.83ms
[2016.04.12-00.09.03:059][ 19]LogSavePackage:Display: Finished SavePackage ../../../../../../Users/c.diaz/Desktop/CS580AI/CS580AIProject 4.11/Content/TopDownBP/AI/NPC_Character.uasset
[2016.04.12-00.09.03:287][ 46]BlueprintLog: New page: Compile NPC_Character
[2016.04.12-00.09.03:375][ 46]LogActorComponent: UnregisterComponent: (/Engine/Transient.CharMoveComp) Not registered. Aborting.
[2016.04.12-00.09.03:375][ 46]LogActorComponent: UnregisterComponent: (/Engine/Transient.PawnSensing_GEN_VARIABLE) Not registered. Aborting.
[2016.04.12-00.09.03:449][ 46]BlueprintEditorCompileResults: Info [1776.70] Compile of NPC_Character successful! [in 162 ms]
[2016.04.12-00.09.12:076][ 59]Cmd: OBJ SAVEPACKAGE PACKAGE="/Game/TopDownBP/AI/NPC_Character" FILE="../../../../../../Users/c.diaz/Desktop/CS580AI/CS580AIProject 4.11/Content/TopDownBP/AI/NPC_Character.uasset" SILENT=true
[2016.04.12-00.09.12:191][ 59]LogSavePackage: Save=104.72ms
[2016.04.12-00.09.12:191][ 59]LogSavePackage: Moving '../../../../../../Users/c.diaz/Desktop/CS580AI/CS580AIProject 4.11/Saved/NPC_Character4B67142E457DED9BE1B52295AF19B3B0.tmp' to '../../../../../../Users/c.diaz/Desktop/CS580AI/CS580AIProject 4.11/Content/TopDownBP/AI/NPC_Character.uasset'
[2016.04.12-00.09.12:200][ 59]LogSavePackage: Total save time: 122.94ms
[2016.04.12-00.09.12:200][ 59]LogSavePackage:Display: Finished SavePackage ../../../../../../Users/c.diaz/Desktop/CS580AI/CS580AIProject 4.11/Content/TopDownBP/AI/NPC_Character.uasset
[2016.04.12-00.09.12:443][ 88]BlueprintLog: New page: Compile NPC_Character
[2016.04.12-00.09.12:527][ 88]LogActorComponent: UnregisterComponent: (/Engine/Transient.CharMoveComp) Not registered. Aborting.
[2016.04.12-00.09.12:527][ 88]LogActorComponent: UnregisterComponent: (/Engine/Transient.PawnSensing_GEN_VARIABLE) Not registered. Aborting.
[2016.04.12-00.09.12:598][ 88]BlueprintEditorCompileResults: Info [1785.85] Compile of NPC_Character successful! [in 154 ms]
[2016.04.12-00.09.58:713][504]LogActorComponent: UnregisterComponent: (/Engine/Transient.CharMoveComp) Not registered. Aborting.
[2016.04.12-00.09.58:713][504]LogActorComponent: UnregisterComponent: (/Engine/Transient.PawnSensing_GEN_VARIABLE) Not registered. Aborting.
[2016.04.12-00.09.58:713][504]LogActorComponent: UnregisterComponent: (/Engine/Transient.ProjectileMovement_GEN_VARIABLE) Not registered. Aborting.
[2016.04.12-00.09.59:078][504]LogSavePackage: Save=323.23ms
[2016.04.12-00.09.59:078][504]LogSavePackage: Moving '../../../../../../Users/c.diaz/Desktop/CS580AI/CS580AIProject 4.11/Saved/TopDownExampleMap_Auto2AC16A3E9436EA1824005EDB80680CB15.tmp' to '../../../../../../Users/c.diaz/Desktop/CS580AI/CS580AIProject 4.11/Saved/Autosaves/Game/TopDownBP/Maps/TopDownExampleMap_Auto2.umap'
[2016.04.12-00.09.59:081][504]LogSavePackage: Total save time: 346.32ms
[2016.04.12-00.09.59:081][504]LogSavePackage:Display: Finished SavePackage ../../../../../../Users/c.diaz/Desktop/CS580AI/CS580AIProject 4.11/Saved/Autosaves/Game/TopDownBP/Maps/TopDownExampleMap_Auto2.umap
[2016.04.12-00.09.59:083][504]LogFileHelpers: Editor autosave (incl. sublevels) for '/Game/TopDownBP/Maps/TopDownExampleMap' took 0.370
[2016.04.12-00.09.59:083][504]LogFileHelpers: Editor autosave (incl. sublevels) for all levels took 0.370
[2016.04.12-00.09.59:088][504]OBJ SavePackage: Generating thumbnails for [0] asset(s) in package [/Game/TopDownBP/AI/NPC_BlackBoard] ([1] browsable assets)...
[2016.04.12-00.09.59:088][504]OBJ SavePackage: Finished generating thumbnails for package [/Game/TopDownBP/AI/NPC_BlackBoard]
[2016.04.12-00.09.59:101][504]LogSavePackage: Save=1.77ms
[2016.04.12-00.09.59:101][504]LogSavePackage: Moving '../../../../../../Users/c.diaz/Desktop/CS580AI/CS580AIProject 4.11/Saved/NPC_BlackBoard_Auto2CE630F3548E4DF32FE5CE592AA298EDD.tmp' to '../../../../../../Users/c.diaz/Desktop/CS580AI/CS580AIProject 4.11/Saved/Autosaves/Game/TopDownBP/AI/NPC_BlackBoard_Auto2.uasset'
[2016.04.12-00.09.59:103][504]LogSavePackage: Total save time: 13.64ms
[2016.04.12-00.09.59:103][504]LogSavePackage:Display: Finished SavePackage ../../../../../../Users/c.diaz/Desktop/CS580AI/CS580AIProject 4.11/Saved/Autosaves/Game/TopDownBP/AI/NPC_BlackBoard_Auto2.uasset
[2016.04.12-00.09.59:106][504]OBJ SavePackage: Generating thumbnails for [0] asset(s) in package [/Game/TopDownBP/AI/NPC_MOVE_BT] ([1] browsable assets)...
[2016.04.12-00.09.59:106][504]OBJ SavePackage: Finished generating thumbnails for package [/Game/TopDownBP/AI/NPC_MOVE_BT]
[2016.04.12-00.09.59:122][504]LogSavePackage: Save=4.63ms
[2016.04.12-00.09.59:122][504]LogSavePackage: Moving '../../../../../../Users/c.diaz/Desktop/CS580AI/CS580AIProject 4.11/Saved/NPC_MOVE_BT_Auto2B2C8AA4A42ADD5D1E0C38798A33830DC.tmp' to '../../../../../../Users/c.diaz/Desktop/CS580AI/CS580AIProject 4.11/Saved/Autosaves/Game/TopDownBP/AI/NPC_MOVE_BT_Auto2.uasset'
[2016.04.12-00.09.59:124][504]LogSavePackage: Total save time: 16.30ms
[2016.04.12-00.09.59:124][504]LogSavePackage:Display: Finished SavePackage ../../../../../../Users/c.diaz/Desktop/CS580AI/CS580AIProject 4.11/Saved/Autosaves/Game/TopDownBP/AI/NPC_MOVE_BT_Auto2.uasset
[2016.04.12-00.09.59:124][504]LogFileHelpers: Auto-saving content packages took 0.040
[2016.04.12-00.10.39:134][516]LogBlueprintUserMessages: Early PlayInEditor Detection: Level '/Game/TopDownBP/Maps/TopDownExampleMap.TopDownExampleMap:PersistentLevel' has LevelScriptBlueprint '/Game/TopDownBP/Maps/TopDownExampleMap.TopDownExampleMap:PersistentLevel.TopDownExampleMap' with GeneratedClass '/Game/TopDownBP/Maps/TopDownExampleMap.TopDownExampleMap_C' with ClassGeneratedBy '/Game/TopDownBP/Maps/TopDownExampleMap.TopDownExampleMap:PersistentLevel.TopDownExampleMap'
[2016.04.12-00.10.39:136][516]LogPlayLevel: PlayLevel: No blueprints needed recompiling
[2016.04.12-00.10.39:136][516]PIE: New page: PIE session: TopDownExampleMap (Apr 11, 2016, 9:10:39 AM)
[2016.04.12-00.10.39:136][516]LogPlayLevel: Creating play world package: /Game/TopDownBP/Maps/UEDPIE_0_TopDownExampleMap
[2016.04.12-00.10.39:157][516]LogPlayLevel: PIE: StaticDuplicateObject took: (0.020905s)
[2016.04.12-00.10.39:158][516]LogAIModule: Creating AISystem for world TopDownExampleMap
[2016.04.12-00.10.39:159][516]LogPlayLevel: PIE: World Init took: (0.001195s)
[2016.04.12-00.10.39:159][516]LogPlayLevel: PIE: Created PIE world by copying editor world from /Game/TopDownBP/Maps/TopDownExampleMap.TopDownExampleMap to /Game/TopDownBP/Maps/UEDPIE_0_TopDownExampleMap.TopDownExampleMap (0.022517s)
[2016.04.12-00.10.39:159][516]LogActorComponent: UnregisterComponent: (/Engine/Transient.CharMoveComp) Not registered. Aborting.
[2016.04.12-00.10.39:159][516]LogActorComponent: UnregisterComponent: (/Engine/Transient.PawnSensing_GEN_VARIABLE) Not registered. Aborting.
[2016.04.12-00.10.39:159][516]LogActorComponent: UnregisterComponent: (/Engine/Transient.ProjectileMovement_GEN_VARIABLE) Not registered. Aborting.
[2016.04.12-00.10.39:178][516]LogInit: XAudio2 using 'Speakers (Realtek High Definition Audio)' : 2 channels at 48 kHz using 32 bits per sample (channel mask 0x3)
[2016.04.12-00.10.39:183][516]LogInit: FAudioDevice initialized.
[2016.04.12-00.10.39:210][516]LogWorld: Game class is 'TopDownGameMode_C'
[2016.04.12-00.10.39:222][516]LogWorld: Bringing World /Game/TopDownBP/Maps/UEDPIE_0_TopDownExampleMap.TopDownExampleMap up for play (max tick rate 0) at 2016.04.11-17.10.39
[2016.04.12-00.10.39:224][516]LogWorld: Bringing up level for play took: 0.013113
[2016.04.12-00.10.39:226][516]PIE: Info Play in editor start time for /Game/TopDownBP/Maps/UEDPIE_0_TopDownExampleMap 0.018
[2016.04.12-00.10.39:226][516]LogBlueprintUserMessages: Late PlayInEditor Detection: Level '/Game/TopDownBP/Maps/TopDownExampleMap.TopDownExampleMap:PersistentLevel' has LevelScriptBlueprint '/Game/TopDownBP/Maps/TopDownExampleMap.TopDownExampleMap:PersistentLevel.TopDownExampleMap' with GeneratedClass '/Game/TopDownBP/Maps/TopDownExampleMap.TopDownExampleMap_C' with ClassGeneratedBy '/Game/TopDownBP/Maps/TopDownExampleMap.TopDownExampleMap:PersistentLevel.TopDownExampleMap'
[2016.04.12-00.10.43:623][ 38]LogBlueprintUserMessages: Early EndPlayMap Detection: Level '/Game/TopDownBP/Maps/TopDownExampleMap.TopDownExampleMap:PersistentLevel' has LevelScriptBlueprint '/Game/TopDownBP/Maps/TopDownExampleMap.TopDownExampleMap:PersistentLevel.TopDownExampleMap' with GeneratedClass '/Game/TopDownBP/Maps/TopDownExampleMap.TopDownExampleMap_C' with ClassGeneratedBy '/Game/TopDownBP/Maps/TopDownExampleMap.TopDownExampleMap:PersistentLevel.TopDownExampleMap'
[2016.04.12-00.10.43:707][ 38]LogBlueprintUserMessages: Late EndPlayMap Detection: Level '/Game/TopDownBP/Maps/TopDownExampleMap.TopDownExampleMap:PersistentLevel' has LevelScriptBlueprint '/Game/TopDownBP/Maps/TopDownExampleMap.TopDownExampleMap:PersistentLevel.TopDownExampleMap' with GeneratedClass '/Game/TopDownBP/Maps/TopDownExampleMap.TopDownExampleMap_C' with ClassGeneratedBy '/Game/TopDownBP/Maps/TopDownExampleMap.TopDownExampleMap:PersistentLevel.TopDownExampleMap'
[2016.04.12-00.12.22:939][404]LogActorComponent: UnregisterComponent: (/Engine/Transient.CharMoveComp) Not registered. Aborting.
[2016.04.12-00.12.22:939][404]LogActorComponent: UnregisterComponent: (/Engine/Transient.PawnSensing_GEN_VARIABLE) Not registered. Aborting.
[2016.04.12-00.12.22:939][404]LogActorComponent: UnregisterComponent: (/Engine/Transient.ProjectileMovement_GEN_VARIABLE) Not registered. Aborting.
[2016.04.12-00.12.26:289][404]Cmd: OBJ SAVEPACKAGE PACKAGE="/Game/TopDownBP/AI/NPC_BlackBoard" FILE="../../../../../../Users/c.diaz/Desktop/CS580AI/CS580AIProject 4.11/Content/TopDownBP/AI/NPC_BlackBoard.uasset" SILENT=true
[2016.04.12-00.12.26:307][404]LogSavePackage: Save=1.91ms
[2016.04.12-00.12.26:307][404]LogSavePackage: Moving '../../../../../../Users/c.diaz/Desktop/CS580AI/CS580AIProject 4.11/Saved/NPC_BlackBoardAA5947E84E8B0F77696739901007428D.tmp' to '../../../../../../Users/c.diaz/Desktop/CS580AI/CS580AIProject 4.11/Content/TopDownBP/AI/NPC_BlackBoard.uasset'
[2016.04.12-00.12.26:310][404]LogSavePackage: Total save time: 19.58ms
[2016.04.12-00.12.26:310][404]LogSavePackage:Display: Finished SavePackage ../../../../../../Users/c.diaz/Desktop/CS580AI/CS580AIProject 4.11/Content/TopDownBP/AI/NPC_BlackBoard.uasset
[2016.04.12-00.12.26:318][404]Cmd: OBJ SAVEPACKAGE PACKAGE="/Game/TopDownBP/AI/NPC_MOVE_BT" FILE="../../../../../../Users/c.diaz/Desktop/CS580AI/CS580AIProject 4.11/Content/TopDownBP/AI/NPC_MOVE_BT.uasset" SILENT=true
[2016.04.12-00.12.26:333][404]LogSavePackage: Save=4.14ms
[2016.04.12-00.12.26:333][404]LogSavePackage: Moving '../../../../../../Users/c.diaz/Desktop/CS580AI/CS580AIProject 4.11/Saved/NPC_MOVE_BT8BA6412249E60839CDE85EA4288917B0.tmp' to '../../../../../../Users/c.diaz/Desktop/CS580AI/CS580AIProject 4.11/Content/TopDownBP/AI/NPC_MOVE_BT.uasset'
[2016.04.12-00.12.26:336][404]LogSavePackage: Total save time: 16.50ms
[2016.04.12-00.12.26:336][404]LogSavePackage:Display: Finished SavePackage ../../../../../../Users/c.diaz/Desktop/CS580AI/CS580AIProject 4.11/Content/TopDownBP/AI/NPC_MOVE_BT.uasset
[2016.04.12-00.12.26:809][404]LogSavePackage: Save=349.04ms
[2016.04.12-00.12.26:809][404]LogSavePackage: Moving '../../../../../../Users/c.diaz/Desktop/CS580AI/CS580AIProject 4.11/Saved/TopDownExampleMap9B4A62174A294A9335D08083E42244FF.tmp' to '../../../../../../Users/c.diaz/Desktop/CS580AI/CS580AIProject 4.11/Content/TopDownBP/Maps/TopDownExampleMap.umap'
[2016.04.12-00.12.26:813][404]LogSavePackage: Total save time: 362.59ms
[2016.04.12-00.12.26:813][404]LogSavePackage:Display: Finished SavePackage ../../../../../../Users/c.diaz/Desktop/CS580AI/CS580AIProject 4.11/Content/TopDownBP/Maps/TopDownExampleMap.umap
[2016.04.12-00.12.26:873][404]LogFileHelpers: Saving map 'TopDownExampleMap' took 0.535
[2016.04.12-00.12.27:234][405]Cmd: QUIT_EDITOR
[2016.04.12-00.12.27:320][405]LogExit: Preparing to exit.
[2016.04.12-00.12.28:314][405]LogExit: Editor shut down
[2016.04.12-00.12.28:314][405]LogExit: Transaction tracking system shut down
[2016.04.12-00.12.28:444][405]LogObj: Freed 0b from 0 cluster array pools.
[2016.04.12-00.12.28:444][405]LogExit: Object subsystem successfully closed.
[2016.04.12-00.12.28:458][405]LogD3D11RHI: Shutdown
[2016.04.12-00.12.28:458][405]LogD3D11RHI: CleanupD3DDevice
[2016.04.12-00.12.28:499][405]LogD3D11RHI: ~FD3D11DynamicRHI
[2016.04.12-00.12.28:562][405]LogDerivedDataCache: Shutdown
[2016.04.12-00.12.28:562][405]LogModuleManager: Shutting down and abandoning module BlueprintGraph (205)
[2016.04.12-00.12.28:562][405]LogModuleManager: Shutting down and abandoning module MovieSceneCapture (204)
[2016.04.12-00.12.28:562][405]LogModuleManager: Shutting down and abandoning module HierarchicalLODOutliner (203)
[2016.04.12-00.12.28:562][405]LogModuleManager: Shutting down and abandoning module CrashTracker (202)
[2016.04.12-00.12.28:562][405]LogModuleManager: Shutting down and abandoning module SceneOutliner (201)
[2016.04.12-00.12.28:562][405]LogModuleManager: Shutting down and abandoning module SuperSearch (200)
[2016.04.12-00.12.28:562][405]LogModuleManager: Shutting down and abandoning module WidgetCarousel (199)
[2016.04.12-00.12.28:562][405]LogModuleManager: Shutting down and abandoning module AddContentDialog (198)
[2016.04.12-00.12.28:563][405]LogModuleManager: Shutting down and abandoning module GameplayTags (197)
[2016.04.12-00.12.28:563][405]LogModuleManager: Shutting down and abandoning module EditorWidgets (196)
[2016.04.12-00.12.28:563][405]LogModuleManager: Shutting down and abandoning module CollectionManager (195)
[2016.04.12-00.12.28:563][405]LogModuleManager: Shutting down and abandoning module StatsViewer (194)
[2016.04.12-00.12.28:563][405]LogModuleManager: Shutting down and abandoning module FoliageEdit (193)
[2016.04.12-00.12.28:563][405]LogModuleManager: Shutting down and abandoning module LandscapeEditor (192)
[2016.04.12-00.12.28:563][405]LogModuleManager: Shutting down and abandoning module ActorPickerMode (191)
[2016.04.12-00.12.28:563][405]LogModuleManager: Shutting down and abandoning module GeometryMode (190)
[2016.04.12-00.12.28:563][405]LogModuleManager: Shutting down and abandoning module TextureAlignMode (189)
[2016.04.12-00.12.28:563][405]LogModuleManager: Shutting down and abandoning module BspMode (188)
[2016.04.12-00.12.28:563][405]LogModuleManager: Shutting down and abandoning module PlacementMode (187)
[2016.04.12-00.12.28:563][405]LogModuleManager: Shutting down and abandoning module AutomationWorker (186)
[2016.04.12-00.12.28:563][405]LogModuleManager: Shutting down and abandoning module CharacterAI (185)
[2016.04.12-00.12.28:563][405]LogModuleManager: Shutting down and abandoning module SmartSnapping (184)
[2016.04.12-00.12.28:563][405]LogModuleManager: Shutting down and abandoning module ViewportSnapping (183)
[2016.04.12-00.12.28:563][405]LogModuleManager: Shutting down and abandoning module LogVisualizer (182)
[2016.04.12-00.12.28:564][405]LogModuleManager: Shutting down and abandoning module GameProjectGeneration (181)
[2016.04.12-00.12.28:564][405]LogModuleManager: Shutting down and abandoning module IntroTutorials (180)
[2016.04.12-00.12.28:564][405]LogModuleManager: Shutting down and abandoning module EditorLiveStreaming (179)
[2016.04.12-00.12.28:564][405]LogModuleManager: Shutting down and abandoning module IOSPlatformEditor (178)
[2016.04.12-00.12.28:564][405]LogModuleManager: Shutting down and abandoning module HTML5PlatformEditor (177)
[2016.04.12-00.12.28:564][405]LogModuleManager: Shutting down and abandoning module AndroidDeviceDetection (176)
[2016.04.12-00.12.28:914][405]LogModuleManager: Shutting down and abandoning module AndroidPlatformEditor (175)
[2016.04.12-00.12.28:914][405]LogModuleManager: Shutting down and abandoning module IOSRuntimeSettings (174)
[2016.04.12-00.12.28:914][405]LogModuleManager: Shutting down and abandoning module AndroidRuntimeSettings (173)
[2016.04.12-00.12.28:914][405]LogModuleManager: Shutting down and abandoning module MergeActors (172)
[2016.04.12-00.12.28:914][405]LogModuleManager: Shutting down and abandoning module SizeMap (171)
[2016.04.12-00.12.28:914][405]LogModuleManager: Shutting down and abandoning module TreeMap (170)
[2016.04.12-00.12.28:914][405]LogModuleManager: Shutting down and abandoning module ReferenceViewer (169)
[2016.04.12-00.12.28:914][405]LogModuleManager: Shutting down and abandoning module LocalizationService (168)
[2016.04.12-00.12.28:914][405]LogModuleManager: Shutting down and abandoning module LocalizationDashboard (167)
[2016.04.12-00.12.28:914][405]LogModuleManager: Shutting down and abandoning module HardwareTargeting (166)
[2016.04.12-00.12.28:914][405]LogModuleManager: Shutting down and abandoning module DeviceProfileEditor (165)
[2016.04.12-00.12.28:914][405]LogModuleManager: Shutting down and abandoning module UndoHistory (164)
[2016.04.12-00.12.28:914][405]LogModuleManager: Shutting down and abandoning module UserFeedback (163)
[2016.04.12-00.12.28:914][405]LogModuleManager: Shutting down and abandoning module XmlParser (162)
[2016.04.12-00.12.28:914][405]LogModuleManager: Shutting down and abandoning module Blutility (161)
[2016.04.12-00.12.28:914][405]LogModuleManager: Shutting down and abandoning module ProjectTargetPlatformEditor (160)
[2016.04.12-00.12.28:914][405]LogModuleManager: Shutting down and abandoning module ProjectSettingsViewer (159)
[2016.04.12-00.12.28:914][405]LogModuleManager: Shutting down and abandoning module InputBindingEditor (158)
[2016.04.12-00.12.28:915][405]LogModuleManager: Shutting down and abandoning module EditorSettingsViewer (157)
[2016.04.12-00.12.28:915][405]LogModuleManager: Shutting down and abandoning module SettingsEditor (156)
[2016.04.12-00.12.28:915][405]LogModuleManager: Shutting down and abandoning module ProjectLauncher (155)
[2016.04.12-00.12.28:915][405]LogModuleManager: Shutting down and abandoning module SessionFrontend (154)
[2016.04.12-00.12.28:915][405]LogModuleManager: Shutting down and abandoning module ProfilerClient (153)
[2016.04.12-00.12.28:915][405]LogModuleManager: Shutting down and abandoning module TargetDeviceServices (152)
[2016.04.12-00.12.28:915][405]LogModuleManager: Shutting down and abandoning module DeviceManager (151)
[2016.04.12-00.12.28:955][405]LogModuleManager: Shutting down and abandoning module AutomationController (150)
[2016.04.12-00.12.28:955][405]LogModuleManager: Shutting down and abandoning module AutomationWindow (149)
[2016.04.12-00.12.28:955][405]LogModuleManager: Shutting down and abandoning module Layers (148)
[2016.04.12-00.12.28:955][405]LogModuleManager: Shutting down and abandoning module ComponentVisualizers (147)
[2016.04.12-00.12.28:955][405]LogModuleManager: Shutting down and abandoning module DetailCustomizations (146)
[2016.04.12-00.12.28:955][405]LogModuleManager: Shutting down and abandoning module PackagesDialog (145)
[2016.04.12-00.12.28:955][405]LogModuleManager: Shutting down and abandoning module Persona (144)
[2016.04.12-00.12.28:955][405]LogModuleManager: Shutting down and abandoning module Kismet (143)
[2016.04.12-00.12.28:955][405]LogModuleManager: Shutting down and abandoning module GraphEditor (142)
[2016.04.12-00.12.28:955][405]LogModuleManager: Shutting down and abandoning module ClassViewer (141)
[2016.04.12-00.12.28:959][405]LogModuleManager: Shutting down and abandoning module Toolbox (140)
[2016.04.12-00.12.28:959][405]LogModuleManager: Shutting down and abandoning module ModuleUI (139)
[2016.04.12-00.12.28:959][405]LogModuleManager: Shutting down and abandoning module MovieSceneTools (138)
[2016.04.12-00.12.28:959][405]LogModuleManager: Shutting down and abandoning module OutputLog (137)
[2016.04.12-00.12.28:959][405]LogModuleManager: Shutting down and abandoning module GammaUI (136)
[2016.04.12-00.12.28:959][405]LogModuleManager: Shutting down and abandoning module Documentation (135)
[2016.04.12-00.12.28:959][405]LogModuleManager: Shutting down and abandoning module StreamingPauseRendering (134)
[2016.04.12-00.12.28:959][405]LogModuleManager: Shutting down and abandoning module AnalyticsET (133)
[2016.04.12-00.12.28:959][405]LogModuleManager: Shutting down and abandoning module Analytics (132)
[2016.04.12-00.12.28:959][405]LogModuleManager: Shutting down and abandoning module PortalServices (131)
[2016.04.12-00.12.28:959][405]LogModuleManager: Shutting down and abandoning module PortalRpc (130)
[2016.04.12-00.12.28:959][405]LogModuleManager: Shutting down and abandoning module MessagingRpc (129)
[2016.04.12-00.12.28:959][405]LogModuleManager: Shutting down and abandoning module AITestSuite (128)
[2016.04.12-00.12.28:959][405]LogModuleManager: Shutting down and abandoning module GameplayDebugger (127)
[2016.04.12-00.12.28:959][405]LogModuleManager: Shutting down and abandoning module AIModule (126)
[2016.04.12-00.12.28:959][405]LogModuleManager: Shutting down and abandoning module ProfilerService (125)
[2016.04.12-00.12.28:970][405]LogModuleManager: Shutting down and abandoning module TaskGraph (124)
[2016.04.12-00.12.28:970][405]LogModuleManager: Shutting down and abandoning module SlateRemote (123)
[2016.04.12-00.12.28:970][405]LogModuleManager: Shutting down and abandoning module SteamVRController (122)
[2016.04.12-00.12.28:970][405]LogModuleManager: Shutting down and abandoning module SteamVR (121)
[2016.04.12-00.12.28:970][405]LogModuleManager: Shutting down and abandoning module ProceduralMeshComponent (120)
[2016.04.12-00.12.28:970][405]LogModuleManager: Shutting down and abandoning module OculusLibrary (119)
[2016.04.12-00.12.28:970][405]LogModuleManager: Shutting down and abandoning module OculusInput (118)
[2016.04.12-00.12.28:970][405]LogModuleManager: Shutting down and abandoning module CustomMeshComponent (117)
[2016.04.12-00.12.28:970][405]LogModuleManager: Shutting down and abandoning module CableComponent (116)
[2016.04.12-00.12.28:970][405]LogModuleManager: Shutting down and abandoning module ArchVisCharacter (115)
[2016.04.12-00.12.28:970][405]LogModuleManager: Shutting down and abandoning module MediaPlayerEditor (114)
[2016.04.12-00.12.28:971][405]LogModuleManager: Shutting down and abandoning module HTML5Networking (113)
[2016.04.12-00.12.28:971][405]LogModuleManager: Shutting down and abandoning module SpeedTreeImporter (112)
[2016.04.12-00.12.28:971][405]LogModuleManager: Shutting down and abandoning module PluginBrowser (111)
[2016.04.12-00.12.28:971][405]LogModuleManager: Shutting down and abandoning module EpicSurvey (110)
[2016.04.12-00.12.28:971][405]LogModuleManager: Shutting down and abandoning module DesktopPlatform (109)
[2016.04.12-00.12.28:971][405]LogModuleManager: Shutting down and abandoning module VisualStudioSourceCodeAccess (108)
[2016.04.12-00.12.28:971][405]LogModuleManager: Shutting down and abandoning module UObjectPlugin (107)
[2016.04.12-00.12.28:971][405]LogModuleManager: Shutting down and abandoning module SubversionSourceControl (106)
[2016.04.12-00.12.28:971][405]LogModuleManager: Shutting down and abandoning module PerforceSourceControl (105)
[2016.04.12-00.12.28:971][405]LogModuleManager: Shutting down and abandoning module SourceControl (104)
[2016.04.12-00.12.28:971][405]LogModuleManager: Shutting down and abandoning module GitSourceControl (103)
[2016.04.12-00.12.28:971][405]LogModuleManager: Shutting down and abandoning module LightPropagationVolumeEditor (102)
[2016.04.12-00.12.28:971][405]LogModuleManager: Shutting down and abandoning module PaperTiledImporter (101)
[2016.04.12-00.12.28:971][405]LogModuleManager: Shutting down and abandoning module PaperSpriteSheetImporter (100)
[2016.04.12-00.12.28:971][405]LogModuleManager: Shutting down and abandoning module MeshPaint (99)
[2016.04.12-00.12.28:971][405]LogModuleManager: Shutting down and abandoning module HotReload (98)
[2016.04.12-00.12.28:973][405]LogModuleManager: Shutting down and abandoning module MainFrame (97)
[2016.04.12-00.12.28:973][405]LogModuleManager: Shutting down and abandoning module LevelEditor (96)
[2016.04.12-00.12.28:975][405]LogModuleManager: Shutting down and abandoning module DirectoryWatcher (95)
[2016.04.12-00.12.28:976][405]LogModuleManager: Shutting down and abandoning module AssetRegistry (94)
[2016.04.12-00.12.29:145][405]LogModuleManager: Shutting down and abandoning module ContentBrowser (93)
[2016.04.12-00.12.29:146][405]LogModuleManager: Shutting down and abandoning module Paper2DEditor (92)
[2016.04.12-00.12.29:146][405]LogModuleManager: Shutting down and abandoning module UdpMessaging (91)
[2016.04.12-00.12.29:246][405]LogModuleManager: Shutting down and abandoning module LightPropagationVolumeRuntime (90)
[2016.04.12-00.12.29:246][405]LogModuleManager: Shutting down and abandoning module Paper2D (89)
[2016.04.12-00.12.29:246][405]LogModuleManager: Shutting down and abandoning module WindowsMoviePlayer (88)
[2016.04.12-00.12.29:246][405]LogModuleManager: Shutting down and abandoning module Media (87)
[2016.04.12-00.12.29:246][405]LogModuleManager: Shutting down and abandoning module WmfMedia (86)
[2016.04.12-00.12.29:246][405]LogModuleManager: Shutting down and abandoning module GameLiveStreaming (85)
[2016.04.12-00.12.29:246][405]LogModuleManager: Shutting down and abandoning module GameplayTagsEditor (84)
[2016.04.12-00.12.29:246][405]LogModuleManager: Shutting down and abandoning module OnlineBlueprintSupport (83)
[2016.04.12-00.12.29:246][405]LogModuleManager: Shutting down and abandoning module GameplayTasksEditor (82)
[2016.04.12-00.12.29:246][405]LogModuleManager: Shutting down and abandoning module PropertyEditor (81)
[2016.04.12-00.12.29:246][405]LogModuleManager: Shutting down and abandoning module BehaviorTreeEditor (80)
[2016.04.12-00.12.29:246][405]LogModuleManager: Shutting down and abandoning module FunctionalTesting (79)
[2016.04.12-00.12.29:246][405]LogModuleManager: Shutting down and abandoning module CollisionAnalyzer (78)
[2016.04.12-00.12.29:246][405]LogModuleManager: Shutting down and abandoning module WorkspaceMenuStructure (77)
[2016.04.12-00.12.29:246][405]LogModuleManager: Shutting down and abandoning module MessageLog (76)
[2016.04.12-00.12.29:246][405]LogModuleManager: Shutting down and abandoning module Sequencer (75)
[2016.04.12-00.12.29:246][405]LogModuleManager: Shutting down and abandoning module AssetTools (74)
[2016.04.12-00.12.29:246][405]LogModuleManager: Shutting down and abandoning module UMGEditor (73)
[2016.04.12-00.12.29:246][405]LogModuleManager: Shutting down and abandoning module UMG (72)
[2016.04.12-00.12.29:246][405]LogModuleManager: Shutting down and abandoning module SlateReflector (71)
[2016.04.12-00.12.29:246][405]LogModuleManager: Shutting down and abandoning module Slate (70)
[2016.04.12-00.12.29:246][405]LogModuleManager: Shutting down and abandoning module EditorStyle (69)
[2016.04.12-00.12.29:256][405]LogModuleManager: Shutting down and abandoning module SessionServices (68)
[2016.04.12-00.12.29:256][405]LogModuleManager: Shutting down and abandoning module SourceCodeAccess (67)
[2016.04.12-00.12.29:256][405]LogModuleManager: Shutting down and abandoning module HeadMountedDisplay (66)
[2016.04.12-00.12.29:256][405]LogModuleManager: Shutting down and abandoning module XAudio2 (65)
[2016.04.12-00.12.29:256][405]LogModuleManager: Shutting down and abandoning module Networking (63)
[2016.04.12-00.12.29:256][405]LogModuleManager: Shutting down and abandoning module Core (62)
[2016.04.12-00.12.29:256][405]LogModuleManager: Shutting down and abandoning module KismetCompiler (61)
[2016.04.12-00.12.29:256][405]LogModuleManager: Shutting down and abandoning module PhysXFormats (60)
[2016.04.12-00.12.29:256][405]LogModuleManager: Shutting down and abandoning module MeshUtilities (59)
[2016.04.12-00.12.29:257][405]LogModuleManager: Shutting down and abandoning module CookingStats (58)
[2016.04.12-00.12.29:257][405]LogModuleManager: Shutting down and abandoning module DerivedDataCache (57)
[2016.04.12-00.12.29:257][405]LogDerivedDataCache: Shutdown
[2016.04.12-00.12.29:257][405]LogModuleManager: Shutting down and abandoning module ShaderFormatOpenGL (56)
[2016.04.12-00.12.29:257][405]LogModuleManager: Shutting down and abandoning module ShaderFormatD3D (55)
[2016.04.12-00.12.29:257][405]LogModuleManager: Shutting down and abandoning module MetalShaderFormat (54)
[2016.04.12-00.12.29:257][405]LogModuleManager: Shutting down and abandoning module TextureFormatUncompressed (53)
[2016.04.12-00.12.29:257][405]LogModuleManager: Shutting down and abandoning module TextureFormatPVR (52)
[2016.04.12-00.12.29:257][405]LogModuleManager: Shutting down and abandoning module TextureFormatIntelISPCTexComp (51)
[2016.04.12-00.12.29:257][405]LogModuleManager: Shutting down and abandoning module TextureFormatDXT (50)
[2016.04.12-00.12.29:257][405]LogModuleManager: Shutting down and abandoning module ImageWrapper (49)
[2016.04.12-00.12.29:257][405]LogModuleManager: Shutting down and abandoning module TextureFormatASTC (48)
[2016.04.12-00.12.29:257][405]LogModuleManager: Shutting down and abandoning module TextureFormatAndroid (47)
[2016.04.12-00.12.29:257][405]LogModuleManager: Shutting down and abandoning module AudioFormatOpus (46)
[2016.04.12-00.12.29:257][405]LogModuleManager: Shutting down and abandoning module AudioFormatOgg (45)
[2016.04.12-00.12.29:257][405]LogModuleManager: Shutting down and abandoning module AudioFormatADPCM (44)
[2016.04.12-00.12.29:257][405]LogModuleManager: Shutting down and abandoning module LinuxTargetPlatform (43)
[2016.04.12-00.12.29:257][405]LogModuleManager: Shutting down and abandoning module LinuxServerTargetPlatform (42)
[2016.04.12-00.12.29:257][405]LogModuleManager: Shutting down and abandoning module LinuxNoEditorTargetPlatform (41)
[2016.04.12-00.12.29:257][405]LogModuleManager: Shutting down and abandoning module TVOSTargetPlatform (40)
[2016.04.12-00.12.29:257][405]LogModuleManager: Shutting down and abandoning module Messaging (39)
[2016.04.12-00.12.29:257][405]LogModuleManager: Shutting down and abandoning module IOSTargetPlatform (38)
[2016.04.12-00.12.29:257][405]LogModuleManager: Shutting down and abandoning module HTML5TargetPlatform (37)
[2016.04.12-00.12.29:257][405]LogModuleManager: Shutting down and abandoning module Android_PVRTCTargetPlatform (36)
[2016.04.12-00.12.29:257][405]LogModuleManager: Shutting down and abandoning module Android_MultiTargetPlatform (35)
[2016.04.12-00.12.29:257][405]LogModuleManager: Shutting down and abandoning module Android_ETC2TargetPlatform (34)
[2016.04.12-00.12.29:257][405]LogModuleManager: Shutting down and abandoning module Android_ETC1TargetPlatform (33)
[2016.04.12-00.12.29:257][405]LogModuleManager: Shutting down and abandoning module Android_DXTTargetPlatform (32)
[2016.04.12-00.12.29:257][405]LogModuleManager: Shutting down and abandoning module Android_ATCTargetPlatform (31)
[2016.04.12-00.12.29:257][405]LogModuleManager: Shutting down and abandoning module Android_ASTCTargetPlatform (30)
[2016.04.12-00.12.29:257][405]LogModuleManager: Shutting down and abandoning module AndroidTargetPlatform (29)
[2016.04.12-00.12.29:257][405]LogModuleManager: Shutting down and abandoning module WindowsTargetPlatform (28)
[2016.04.12-00.12.29:257][405]LogModuleManager: Shutting down and abandoning module WindowsServerTargetPlatform (27)
[2016.04.12-00.12.29:257][405]LogModuleManager: Shutting down and abandoning module WindowsNoEditorTargetPlatform (26)
[2016.04.12-00.12.29:257][405]LogModuleManager: Shutting down and abandoning module WindowsClientTargetPlatform (25)
[2016.04.12-00.12.29:257][405]LogModuleManager: Shutting down and abandoning module AllDesktopTargetPlatform (24)
[2016.04.12-00.12.29:257][405]LogModuleManager: Shutting down and abandoning module TargetPlatform (23)
[2016.04.12-00.12.29:257][405]LogModuleManager: Shutting down and abandoning module InputCore (22)
[2016.04.12-00.12.29:258][405]LogModuleManager: Shutting down and abandoning module Settings (21)
[2016.04.12-00.12.29:258][405]LogModuleManager: Shutting down and abandoning module OnlineSubsystem (19)
[2016.04.12-00.12.29:258][405]LogModuleManager: Shutting down and abandoning module HTTP (18)
[2016.04.12-00.12.30:258][405]LogModuleManager: Shutting down and abandoning module XMPP (17)
[2016.04.12-00.12.30:258][405]LogModuleManager: Shutting down and abandoning module OculusRift (16)
[2016.04.12-00.12.30:258][405]LogModuleManager: Shutting down and abandoning module ExampleDeviceProfileSelector (15)
[2016.04.12-00.12.30:258][405]LogModuleManager: Shutting down and abandoning module TextureCompressor (14)
[2016.04.12-00.12.30:258][405]LogModuleManager: Shutting down and abandoning module ShaderCore (13)
[2016.04.12-00.12.30:258][405]LogModuleManager: Shutting down and abandoning module Landscape (12)
[2016.04.12-00.12.30:258][405]LogModuleManager: Shutting down and abandoning module SlateRHIRenderer (11)
[2016.04.12-00.12.30:260][405]LogModuleManager: Shutting down and abandoning module OpenGLDrv (10)
[2016.04.12-00.12.30:260][405]LogModuleManager: Shutting down and abandoning module D3D11RHI (9)
[2016.04.12-00.12.30:260][405]LogModuleManager: Shutting down and abandoning module AnimGraphRuntime (8)
[2016.04.12-00.12.30:260][405]LogModuleManager: Shutting down and abandoning module Renderer (7)
[2016.04.12-00.12.30:260][405]LogModuleManager: Shutting down and abandoning module Engine (6)
[2016.04.12-00.12.30:260][405]LogModuleManager: Shutting down and abandoning module CoreUObject (5)
[2016.04.12-00.12.30:260][405]LogModuleManager: Shutting down and abandoning module NetworkFile (4)
[2016.04.12-00.12.30:260][405]LogModuleManager: Shutting down and abandoning module StreamingFile (3)
[2016.04.12-00.12.30:260][405]LogModuleManager: Shutting down and abandoning module SandboxFile (2)
[2016.04.12-00.12.30:260][405]LogModuleManager: Shutting down and abandoning module PakFile (1)
[2016.04.12-00.12.30:262][405]LogExit: Exiting.
[2016.04.12-00.12.30:264][405]Log file closed, 04/11/16 17:12:30
