Log file open, 04/11/16 21:29:37
LogInit:Display: Running engine for game: CS580AIProject
LogPlatformFile: Not using cached read wrapper
LogInit:Display: RandInit(-1263018972) SRandInit(-1263018970).
LogTaskGraph: Started task graph with 4 named threads and 7 total threads.
LogStats: Stats thread started at 0.071812
LogHMD: Can't find Oculus library dev build: is proper Runtime installed? Version: 1.3.0
LogInit: Version: 4.11.1-2934540+++UE4+Release-4.11
LogInit: API Version: 2927265
LogInit: Compiled (64-bit): Apr  6 2016 02:14:16
LogInit: Compiled with Visual C++: 19.00.23026.00
LogInit: Build Configuration: Development
LogInit: Branch Name: ++UE4+Release-4.11
LogInit: Command line: -EpicPortal 
LogInit: Base directory: C:/Program Files (x86)/Epic Games/4.11/Engine/Binaries/Win64/
LogInit: Installed Engine Build: 1
LogInit: Using libcurl 7.41.0
LogInit:  - built for x86_64-pc-win32
LogInit:  - supports SSL with WinSSL
LogInit:  - other features:
LogInit:      CURL_VERSION_SSL
LogInit:      CURL_VERSION_IPV6
LogInit:      CURL_VERSION_ASYNCHDNS
LogInit:      CURL_VERSION_LARGEFILE
LogInit:      CURL_VERSION_IDN
LogInit:  CurlRequestOptions (configurable via config and command line):
LogInit:  - bVerifyPeer = true  - Libcurl will verify peer certificate
LogInit:  - bUseHttpProxy = false  - Libcurl will NOT use HTTP proxy
LogInit:  - bDontReuseConnections = false  - Libcurl will reuse connections
LogInit:  - CertBundlePath = nullptr  - Libcurl will use whatever was configured at build time.
LogInit: Presizing for max 16777216 objects, including 0 objects not considered by GC, pre-allocating 0 bytes for permanent pool.
LogInit: Object subsystem initialized
[2016.04.12-04.29.37:246][  0]LogInit: Selected Device Profile: [Windows]
[2016.04.12-04.29.37:246][  0]LogInit: Applying CVar settings loaded from the selected device profile: [Windows]
[2016.04.12-04.29.37:261][  0]LogInit: Computer: DIT2525US
[2016.04.12-04.29.37:261][  0]LogInit: User: unair
[2016.04.12-04.29.37:261][  0]LogInit: CPU Page size=65536, Cores=4
[2016.04.12-04.29.37:261][  0]LogInit: High frequency timer resolution =3.515644 MHz
[2016.04.12-04.29.37:261][  0]LogMemory: Memory total: Physical=15.9GB (16GB approx)
[2016.04.12-04.29.37:261][  0]LogMemory: Platform Memory Stats for Windows
[2016.04.12-04.29.37:261][  0]LogMemory: Process Physical Memory: 314.45 MB used, 314.45 MB peak
[2016.04.12-04.29.37:261][  0]LogMemory: Process Virtual Memory: 316.76 MB used, 316.76 MB peak
[2016.04.12-04.29.37:261][  0]LogMemory: Physical Memory: 7235.56 MB used, 16326.36 MB total
[2016.04.12-04.29.37:261][  0]LogMemory: Virtual Memory: 621.79 MB used, 8388608.00 MB total
[2016.04.12-04.29.37:332][  0]LogTextLocalizationManager: No specific translations for ('en-US') exist, so ('en') translations will be used.
[2016.04.12-04.29.37:676][  0]LogD3D11RHI: D3D11 adapters:
[2016.04.12-04.29.37:703][  0]LogD3D11RHI:    0. 'NVIDIA GeForce GTX 760' (Feature Level 11_0)
[2016.04.12-04.29.37:703][  0]LogD3D11RHI:       1990MB of dedicated video memory, 0MB of dedicated system memory, and 2048MB of shared system memory, 1 output[s]
[2016.04.12-04.29.37:703][  0]LogD3D11RHI: Chosen D3D11 Adapter: 0
[2016.04.12-04.29.37:709][  0]LogD3D11RHI: Creating new Direct3DDevice
[2016.04.12-04.29.37:710][  0]LogD3D11RHI:     Adapter Name: NVIDIA GeForce GTX 760
[2016.04.12-04.29.37:710][  0]LogD3D11RHI:   Driver Version: 10.18.13.5891 (internal 10.18.13.5891)
[2016.04.12-04.29.37:710][  0]LogD3D11RHI:      Driver Date: 11-5-2015
[2016.04.12-04.29.37:710][  0]LogRHI: Texture pool is 1361 MB (70% of 1945 MB)
[2016.04.12-04.29.37:720][  0]LogD3D11RHI: Async texture creation enabled
[2016.04.12-04.29.37:735][  0]LogShaderCompilers: Guid format shader working directory is -15 characters bigger than the processId version (../../../../../../Users/u.nair/Documents/CS580/CS580AIProject 4.11/Intermediate/Shaders/WorkingDirectory/14364/).
[2016.04.12-04.29.37:735][  0]LogShaderCompilers: Cleaned the shader compiler working directory 'C:/Users/U2E02~1.NAI/AppData/Local/Temp/UnrealShaderWorkingDir/3A633BA44C4ACBBD261DFE92E4EA3A96/'.
[2016.04.12-04.29.37:735][  0]LogShaderCompilers:Display: Using Local Shader Compiler.
[2016.04.12-04.29.38:730][  0]LogTemp:Display: Loaded TP AllDesktopTargetPlatform
[2016.04.12-04.29.38:735][  0]LogTemp:Display: Loaded TP WindowsClientTargetPlatform
[2016.04.12-04.29.38:740][  0]LogTemp:Display: Loaded TP WindowsNoEditorTargetPlatform
[2016.04.12-04.29.38:745][  0]LogTemp:Display: Loaded TP WindowsServerTargetPlatform
[2016.04.12-04.29.38:749][  0]LogTemp:Display: Loaded TP WindowsTargetPlatform
[2016.04.12-04.29.38:752][  0]LogTemp:Display: Loaded TP AndroidTargetPlatform
[2016.04.12-04.29.38:756][  0]LogTemp:Display: Loaded TP Android_ASTCTargetPlatform
[2016.04.12-04.29.38:760][  0]LogTemp:Display: Loaded TP Android_ATCTargetPlatform
[2016.04.12-04.29.38:764][  0]LogTemp:Display: Loaded TP Android_DXTTargetPlatform
[2016.04.12-04.29.38:767][  0]LogTemp:Display: Loaded TP Android_ETC1TargetPlatform
[2016.04.12-04.29.38:771][  0]LogTemp:Display: Loaded TP Android_ETC2TargetPlatform
[2016.04.12-04.29.38:778][  0]LogTemp:Display: Loaded TP Android_MultiTargetPlatform
[2016.04.12-04.29.38:778][  0]LogTemp:Display: Loaded TP Android_PVRTCTargetPlatform
[2016.04.12-04.29.38:780][  0]LogTemp:Display: Loaded TP HTML5TargetPlatform
[2016.04.12-04.29.38:797][  0]LogTemp:Display: Loaded TP IOSTargetPlatform
[2016.04.12-04.29.38:800][  0]LogTemp:Display: Loaded TP TVOSTargetPlatform
[2016.04.12-04.29.38:805][  0]LogTemp:Display: Loaded TP LinuxNoEditorTargetPlatform
[2016.04.12-04.29.38:808][  0]LogTemp:Display: Loaded TP LinuxServerTargetPlatform
[2016.04.12-04.29.38:813][  0]LogTemp:Display: Loaded TP LinuxTargetPlatform
[2016.04.12-04.29.38:813][  0]LogTargetPlatformManager:Display: Building Assets For Windows
[2016.04.12-04.29.38:889][  0]LogDerivedDataCache:Display: Max Cache Size: 512 MB
[2016.04.12-04.29.38:941][  0]LogDerivedDataCache: Loaded boot cache 0.05s 58MB C:/Users/u.nair/AppData/Local/UnrealEngine/4.11/DerivedDataCache/Boot.ddc.
[2016.04.12-04.29.38:941][  0]LogDerivedDataCache:Display: Loaded Boot cache: C:/Users/u.nair/AppData/Local/UnrealEngine/4.11/DerivedDataCache/Boot.ddc
[2016.04.12-04.29.38:941][  0]LogDerivedDataCache: FDerivedDataBackendGraph:  Pak pak cache file ../../../../../../Users/u.nair/Documents/CS580/CS580AIProject 4.11/DerivedDataCache/DDC.ddp not found, will not use a pak cache.
[2016.04.12-04.29.38:941][  0]LogDerivedDataCache: Unable to find inner node Pak for hierarchical cache Hierarchy.
[2016.04.12-04.29.38:941][  0]LogDerivedDataCache: FDerivedDataBackendGraph:  CompressedPak pak cache file ../../../../../../Users/u.nair/Documents/CS580/CS580AIProject 4.11/DerivedDataCache/Compressed.ddp not found, will not use a pak cache.
[2016.04.12-04.29.38:942][  0]LogDerivedDataCache: Unable to find inner node CompressedPak for hierarchical cache Hierarchy.
[2016.04.12-04.29.38:952][  0]LogDerivedDataCache:Display: Pak cache opened for reading ../../../Engine/DerivedDataCache/Compressed.ddp.
[2016.04.12-04.29.38:963][  0]LogDerivedDataCache: Using Local data cache path C:/Users/u.nair/AppData/Local/UnrealEngine/Common/DerivedDataCache: Writable
[2016.04.12-04.29.39:106][  0]LogInit: Selected Device Profile: [Windows]
[2016.04.12-04.29.39:107][  0]LogContentStreaming: Texture pool size is 0.00 MB
[2016.04.12-04.29.39:128][  0]LogMaterial: Uniform references updated for custom material expression Custom.
[2016.04.12-04.29.39:259][  0]LogMeshUtilities: No automatic mesh reduction module available
[2016.04.12-04.29.39:259][  0]LogMeshUtilities: No automatic mesh merging module available
[2016.04.12-04.29.39:259][  0]LogMeshUtilities: No distributed automatic mesh merging module available
[2016.04.12-04.29.39:473][  0]LogUObjectArray: 27678 objects as part of root set at end of initial load.
[2016.04.12-04.29.39:473][  0]LogUObjectAllocator: 5591392 out of 0 bytes used by permanent object pool.
[2016.04.12-04.29.39:473][  0]LogUObjectArray: CloseDisregardForGC: 0/0 objects in disregard for GC pool
[2016.04.12-04.29.39:479][  0]LogInit: WinSock: version 1.1 (2.2), MaxSocks=32767, MaxUdp=65467
[2016.04.12-04.29.39:565][  0]LogSlate: SlateFontCache - WITH_FREETYPE: 1, WITH_HARFBUZZ: 1
[2016.04.12-04.29.39:565][  0]LogSlate: SlateFontCache - WITH_FREETYPE: 1, WITH_HARFBUZZ: 1
[2016.04.12-04.29.39:664][  0]LogStreaming:Warning: Failed to read file '../../../Engine/Content/Editor/Slate/Common/Selection_16x.png' error.
[2016.04.12-04.29.39:664][  0]LogSlate: Could not find file for Slate resource: ../../../Engine/Content/Editor/Slate/Common/Selection_16x.png
[2016.04.12-04.29.39:664][  0]LogStreaming:Warning: Failed to read file '../../../Engine/Content/Editor/Slate/Common/Selection_16x.png' error.
[2016.04.12-04.29.39:664][  0]LogSlate: Could not find file for Slate resource: ../../../Engine/Content/Editor/Slate/Common/Selection_16x.png
[2016.04.12-04.29.39:664][  0]LogStreaming:Warning: Failed to read file '../../../Engine/Content/Editor/Slate/Common/Selection_16x.png' error.
[2016.04.12-04.29.39:664][  0]LogSlate: Could not find file for Slate resource: ../../../Engine/Content/Editor/Slate/Common/Selection_16x.png
[2016.04.12-04.29.40:200][  0]LogUdpMessaging: Initializing bridge on interface 0.0.0.0:0 to multicast group 230.0.0.1:6666.
[2016.04.12-04.29.40:294][  0]LogAssetRegistry: FAssetRegistry took 0.0194 seconds to start up
[2016.04.12-04.29.40:430][  0]SourceControl: Info Source control is disabled
[2016.04.12-04.29.40:450][  0]SourceControl: Info Source control is disabled
[2016.04.12-04.29.40:459][  0]SourceControl: Info Source control is disabled
[2016.04.12-04.29.40:467][  0]SourceControl: Info Source control is disabled
[2016.04.12-04.29.40:637][  0]LogEngine: Initializing Engine...
[2016.04.12-04.29.40:638][  0]LogHMD: SteamVR failed to initialize.  Err: 110
[2016.04.12-04.29.40:638][  0]LogHMD: SteamVR failed to initialize.  Err: 110
[2016.04.12-04.29.40:742][  0]LogAIModule: Creating AISystem for world NewWorld
[2016.04.12-04.29.40:746][  0]LogInit: XAudio2 using 'Realtek Digital Output(Optical) (Realtek High Definition Audio)' : 2 channels at 48 kHz using 16 bits per sample (channel mask 0x3)
[2016.04.12-04.29.40:751][  0]LogInit: FAudioDevice initialized.
[2016.04.12-04.29.40:774][  0]LogDerivedDataCache: Saved boot cache 0.02s 58MB C:/Users/u.nair/AppData/Local/UnrealEngine/4.11/DerivedDataCache/Boot.ddc.
[2016.04.12-04.29.40:777][  0]LogInit: Texture streaming: Enabled
[2016.04.12-04.29.40:793][  0]LogInit: Transaction tracking system initialized
[2016.04.12-04.29.40:813][  0]BlueprintLog: New page: Editor Load
[2016.04.12-04.29.40:871][  0]LocalizationService: Info Localization service is disabled
[2016.04.12-04.29.40:925][  0]LogConsoleResponse:Display: 
[2016.04.12-04.29.41:028][  0]LogCook:Display: Max memory allowance for cook 8192mb
[2016.04.12-04.29.41:028][  0]LogCook:Display: Mobile HDR setting 1
[2016.04.12-04.29.41:028][  0]LogCook:Display: Done creating registry. It took  0.00s.
[2016.04.12-04.29.41:068][  0]LogFileCache: Scanning file cache for directory 'C:/Users/u.nair/Documents/CS580/CS580AIProject 4.11/Content/' took 0.01s
[2016.04.12-04.29.41:068][  0]SourceControl: Info Source control is disabled
[2016.04.12-04.29.41:068][  0]Cmd: MAP LOAD FILE="../../../../../../Users/u.nair/Documents/CS580/CS580AIProject 4.11/Content/TopDownBP/Maps/TopDownExampleMap.umap" TEMPLATE=0 SHOWPROGRESS=1 FEATURELEVEL=3
[2016.04.12-04.29.41:069][  0]LightingResults: New page: Lighting Build
[2016.04.12-04.29.41:071][  0]MapCheck: New page: Map Check
[2016.04.12-04.29.41:071][  0]LightingResults: New page: Lighting Build
[2016.04.12-04.29.41:207][  0]LogClass:Warning: Type mismatch in CustomDistance of move_to_enemy_C - Previous (FloatProperty) Current(StructProperty) for package:  FObjectReader
[2016.04.12-04.29.41:625][  0]LogAIModule: Creating AISystem for world TopDownExampleMap
[2016.04.12-04.29.41:634][  0]LogEditorServer: Finished looking for orphan Actors (0.000 secs)
[2016.04.12-04.29.41:635][  0]Cmd: MAP CHECKDEP NOCLEARLOG
[2016.04.12-04.29.41:690][  0]MapCheck: Info Map check complete: 0 Error(s), 0 Warning(s), took 54.894ms to complete.
[2016.04.12-04.29.41:690][  0]LogFileHelpers: Loading map 'TopDownExampleMap' took 0.622
[2016.04.12-04.29.41:781][  0]LogCollectionManager: Loaded 0 collections in 0.001202 seconds
[2016.04.12-04.29.41:816][  0]LogFileCache: Scanning file cache for directory 'C:/Users/u.nair/Documents/CS580/CS580AIProject 4.11/Saved/Collections/' took 0.01s
[2016.04.12-04.29.41:816][  0]LogFileCache: Scanning file cache for directory 'C:/Users/u.nair/Documents/CS580/CS580AIProject 4.11/Content/Developers/unair/Collections/' took 0.01s
[2016.04.12-04.29.41:816][  0]LogFileCache: Scanning file cache for directory 'C:/Users/u.nair/Documents/CS580/CS580AIProject 4.11/Content/Collections/' took 0.01s
[2016.04.12-04.29.41:816][  0]LogCollectionManager: Rebuilt the GUID cache for 0 collections in 0.000002 seconds
[2016.04.12-04.29.41:822][  0]LogContentBrowser: Native class hierarchy populated in 0.0057 seconds. Added 1979 classes and 343 folders.
[2016.04.12-04.29.41:825][  0]LogStats: UGameplayTagsManager::ConstructGameplayTagTree: Construct from data asset -  0.000 s
[2016.04.12-04.29.41:825][  0]LogStats: UGameplayTagsManager::ConstructGameplayTagTree: GameplayTagTreeChangedEvent.Broadcast -  0.000 s
[2016.04.12-04.29.41:825][  0]LogContentBrowser: Native class hierarchy updated for 'GameplayTags' in 0.0004 seconds. Added 12 classes and 0 folders.
[2016.04.12-04.29.41:829][  0]LogContentBrowser: Native class hierarchy updated for 'WidgetCarousel' in 0.0003 seconds. Added 0 classes and 0 folders.
[2016.04.12-04.29.41:833][  0]LogContentBrowser: Native class hierarchy updated for 'SuperSearch' in 0.0003 seconds. Added 1 classes and 2 folders.
[2016.04.12-04.29.41:869][  0]LogContentBrowser: Native class hierarchy updated for 'AddContentDialog' in 0.0004 seconds. Added 0 classes and 0 folders.
[2016.04.12-04.29.41:873][  0]LogContentBrowser: Native class hierarchy updated for 'SceneOutliner' in 0.0004 seconds. Added 1 classes and 2 folders.
[2016.04.12-04.29.41:895][  0]LogCrashTracker: Crashtracker disabled due to settings.
[2016.04.12-04.29.41:954][  0]LogContentBrowser: Native class hierarchy updated for 'HierarchicalLODOutliner' in 0.0005 seconds. Added 1 classes and 2 folders.
[2016.04.12-04.29.41:955][  0]LogLoad: Full Startup: 5.47 seconds (BP compile: 0.17 seconds)
[2016.04.12-04.29.41:955][  0]LogExternalProfiler: Found external profiler: VSPerf
[2016.04.12-04.29.41:955][  0]LogExternalProfiler: Using external profiler: VSPerf
[2016.04.12-04.29.41:964][  0]LogOcInput: OculusInput pre-init called
[2016.04.12-04.29.41:978][  0]LogOcInput: Can't find Oculus library dev build: is proper Runtime installed? Version: 1.3.0
[2016.04.12-04.29.42:028][  0]LogContentStreaming: Texture pool size now 1000 MB
[2016.04.12-04.29.42:146][  0]LogRenderer: Reallocating scene render targets to support 1208x576 (Frame:2).
[2016.04.12-04.29.42:204][  1]LogAssetRegistry: Asset discovery search completed in 1.9299 seconds
[2016.04.12-04.29.42:204][  1]LogCollectionManager: Rebuilt the object cache for 0 collections in 0.000001 seconds (found 0 objects)
[2016.04.12-04.29.42:204][  1]LogCollectionManager: Fixed up redirectors for 0 collections in 0.000026 seconds (updated 0 objects)
[2016.04.12-04.29.49:299][549]LogContentBrowser: Native class hierarchy updated for 'BlueprintGraph' in 0.0007 seconds. Added 108 classes and 0 folders.
[2016.04.12-04.29.50:018][549]LogTexture:Display: Building textures: TilePatine_N (BC5)
[2016.04.12-04.29.50:045][549]LogTexture:Display: Building textures: TilePatine_D (AutoDXT)
[2016.04.12-04.30.22:162][211]LogPackageName: SearchForPackageOnDisk took   0.000s, but failed to resolve /Game/UI/BehaviorSetter.
[2016.04.12-04.31.02:565][699]LogBlueprintUserMessages: Early PlayInEditor Detection: Level '/Game/TopDownBP/Maps/TopDownExampleMap.TopDownExampleMap:PersistentLevel' has LevelScriptBlueprint '/Game/TopDownBP/Maps/TopDownExampleMap.TopDownExampleMap:PersistentLevel.TopDownExampleMap' with GeneratedClass '/Game/TopDownBP/Maps/TopDownExampleMap.TopDownExampleMap_C' with ClassGeneratedBy '/Game/TopDownBP/Maps/TopDownExampleMap.TopDownExampleMap:PersistentLevel.TopDownExampleMap'
[2016.04.12-04.31.02:565][699]LogPlayLevel: PlayLevel: No blueprints needed recompiling
[2016.04.12-04.31.02:574][699]PIE: New page: PIE session: TopDownExampleMap (Apr 11, 2016, 1:31:02 PM)
[2016.04.12-04.31.02:574][699]LogPlayLevel: Creating play world package: /Game/TopDownBP/Maps/UEDPIE_0_TopDownExampleMap
[2016.04.12-04.31.02:597][699]LogPlayLevel: PIE: StaticDuplicateObject took: (0.022953s)
[2016.04.12-04.31.02:597][699]LogAIModule: Creating AISystem for world TopDownExampleMap
[2016.04.12-04.31.02:598][699]LogPlayLevel: PIE: World Init took: (0.000808s)
[2016.04.12-04.31.02:598][699]LogPlayLevel: PIE: Created PIE world by copying editor world from /Game/TopDownBP/Maps/TopDownExampleMap.TopDownExampleMap to /Game/TopDownBP/Maps/UEDPIE_0_TopDownExampleMap.TopDownExampleMap (0.024048s)
[2016.04.12-04.31.02:598][699]LogActorComponent: UnregisterComponent: (/Engine/Transient.CharMoveComp) Not registered. Aborting.
[2016.04.12-04.31.02:598][699]LogActorComponent: UnregisterComponent: (/Engine/Transient.PawnSensing_GEN_VARIABLE) Not registered. Aborting.
[2016.04.12-04.31.02:598][699]LogActorComponent: UnregisterComponent: (/Engine/Transient.ProjectileMovement_GEN_VARIABLE) Not registered. Aborting.
[2016.04.12-04.31.02:639][699]LogInit: XAudio2 using 'Realtek Digital Output(Optical) (Realtek High Definition Audio)' : 2 channels at 48 kHz using 16 bits per sample (channel mask 0x3)
[2016.04.12-04.31.02:644][699]LogInit: FAudioDevice initialized.
[2016.04.12-04.31.02:688][699]LogWorld: Game class is 'TopDownGameMode_C'
[2016.04.12-04.31.02:704][699]LogWorld: Bringing World /Game/TopDownBP/Maps/UEDPIE_0_TopDownExampleMap.TopDownExampleMap up for play (max tick rate 0) at 2016.04.11-21.31.02
[2016.04.12-04.31.02:707][699]LogWorld: Bringing up level for play took: 0.018860
[2016.04.12-04.31.02:711][699]LogContentBrowser: Native class hierarchy updated for 'MovieSceneCapture' in 0.0005 seconds. Added 9 classes and 0 folders.
[2016.04.12-04.31.02:713][699]PIE: Info Play in editor start time for /Game/TopDownBP/Maps/UEDPIE_0_TopDownExampleMap 0.438
[2016.04.12-04.31.02:713][699]LogBlueprintUserMessages: Late PlayInEditor Detection: Level '/Game/TopDownBP/Maps/TopDownExampleMap.TopDownExampleMap:PersistentLevel' has LevelScriptBlueprint '/Game/TopDownBP/Maps/TopDownExampleMap.TopDownExampleMap:PersistentLevel.TopDownExampleMap' with GeneratedClass '/Game/TopDownBP/Maps/TopDownExampleMap.TopDownExampleMap_C' with ClassGeneratedBy '/Game/TopDownBP/Maps/TopDownExampleMap.TopDownExampleMap:PersistentLevel.TopDownExampleMap'
[2016.04.12-04.31.07:700][238]LogBlueprintUserMessages: Early EndPlayMap Detection: Level '/Game/TopDownBP/Maps/TopDownExampleMap.TopDownExampleMap:PersistentLevel' has LevelScriptBlueprint '/Game/TopDownBP/Maps/TopDownExampleMap.TopDownExampleMap:PersistentLevel.TopDownExampleMap' with GeneratedClass '/Game/TopDownBP/Maps/TopDownExampleMap.TopDownExampleMap_C' with ClassGeneratedBy '/Game/TopDownBP/Maps/TopDownExampleMap.TopDownExampleMap:PersistentLevel.TopDownExampleMap'
[2016.04.12-04.31.07:738][238]LogBlueprintUserMessages: Late EndPlayMap Detection: Level '/Game/TopDownBP/Maps/TopDownExampleMap.TopDownExampleMap:PersistentLevel' has LevelScriptBlueprint '/Game/TopDownBP/Maps/TopDownExampleMap.TopDownExampleMap:PersistentLevel.TopDownExampleMap' with GeneratedClass '/Game/TopDownBP/Maps/TopDownExampleMap.TopDownExampleMap_C' with ClassGeneratedBy '/Game/TopDownBP/Maps/TopDownExampleMap.TopDownExampleMap:PersistentLevel.TopDownExampleMap'
[2016.04.12-04.33.08:526][470]BlueprintLog: New page: Compile BehaviorSetter
[2016.04.12-04.33.08:595][470]BlueprintEditorCompileResults: Info [0212.12] Compile of BehaviorSetter successful! [in 68 ms]
[2016.04.12-04.33.09:225][518]Cmd: OBJ SAVEPACKAGE PACKAGE="/Game/UI/BehaviorSetter" FILE="../../../../../../Users/u.nair/Documents/CS580/CS580AIProject 4.11/Content/UI/BehaviorSetter.uasset" SILENT=true
[2016.04.12-04.33.09:238][518]LogSavePackage: Save=11.46ms
[2016.04.12-04.33.09:238][518]LogSavePackage: Moving '../../../../../../Users/u.nair/Documents/CS580/CS580AIProject 4.11/Saved/BehaviorSetter6A3A821649E4EDE718E69FA8A75FA34C.tmp' to '../../../../../../Users/u.nair/Documents/CS580/CS580AIProject 4.11/Content/UI/BehaviorSetter.uasset'
[2016.04.12-04.33.09:241][518]LogSavePackage: Total save time: 14.96ms
[2016.04.12-04.33.09:242][518]LogSavePackage:Display: Finished SavePackage ../../../../../../Users/u.nair/Documents/CS580/CS580AIProject 4.11/Content/UI/BehaviorSetter.uasset
[2016.04.12-04.33.09:347][526]LogPackageName: SearchForPackageOnDisk took   0.000s to resolve /Game/UI/BehaviorSetter.
[2016.04.12-04.33.22:646][ 23]LogPackageName: SearchForPackageOnDisk took   0.000s, but failed to resolve /Game/UI/NewWidgetBlueprint.
[2016.04.12-04.33.33:158][272]LogMetaData: Removing '/Game/UI/CharacterSelecter.SKEL_CharacterSelecter_C' ref from Metadata '/Game/UI/BehaviorSetter.PackageMetaData'
[2016.04.12-04.33.33:158][272]LogMetaData: Removing '/Game/UI/CharacterSelecter.CharacterSelecter_C' ref from Metadata '/Game/UI/BehaviorSetter.PackageMetaData'
[2016.04.12-04.33.33:158][272]LogMetaData: Removing '/Game/UI/CharacterSelecter.CharacterSelecter:EventGraph.K2Node_Event_179' ref from Metadata '/Game/UI/BehaviorSetter.PackageMetaData'
[2016.04.12-04.33.33:158][272]LogMetaData: Removing '/Game/UI/CharacterSelecter.CharacterSelecter:EventGraph.K2Node_Event_180' ref from Metadata '/Game/UI/BehaviorSetter.PackageMetaData'
[2016.04.12-04.33.33:189][272]Cmd: OBJ SAVEPACKAGE PACKAGE="/Game/UI/CharacterSelecter" FILE="../../../../../../Users/u.nair/Documents/CS580/CS580AIProject 4.11/Content/UI/CharacterSelecter.uasset" SILENT=true
[2016.04.12-04.33.33:200][272]LogSavePackage: Save=9.40ms
[2016.04.12-04.33.33:200][272]LogSavePackage: Moving '../../../../../../Users/u.nair/Documents/CS580/CS580AIProject 4.11/Saved/CharacterSelecter956B94CA4CDA95FF824FBA82FB81245D.tmp' to '../../../../../../Users/u.nair/Documents/CS580/CS580AIProject 4.11/Content/UI/CharacterSelecter.uasset'
[2016.04.12-04.33.33:205][272]LogSavePackage: Total save time: 14.48ms
[2016.04.12-04.33.33:205][272]LogSavePackage:Display: Finished SavePackage ../../../../../../Users/u.nair/Documents/CS580/CS580AIProject 4.11/Content/UI/CharacterSelecter.uasset
[2016.04.12-04.33.33:447][283]LogPackageName: SearchForPackageOnDisk took   0.000s to resolve /Game/UI/CharacterSelecter.
[2016.04.12-04.33.42:604][376]LogActorComponent: UnregisterComponent: (/Engine/Transient.CharMoveComp) Not registered. Aborting.
[2016.04.12-04.33.42:604][376]LogActorComponent: UnregisterComponent: (/Engine/Transient.PawnSensing_GEN_VARIABLE) Not registered. Aborting.
[2016.04.12-04.33.42:654][376]LogMetaData: Removing '/Game/UI/BehaviorSelector.SKEL_BehaviorSelector_C' ref from Metadata '/Game/UI/NewWidgetBlueprint.PackageMetaData'
[2016.04.12-04.33.42:654][376]LogMetaData: Removing '/Game/UI/BehaviorSelector.BehaviorSelector_C' ref from Metadata '/Game/UI/NewWidgetBlueprint.PackageMetaData'
[2016.04.12-04.33.42:654][376]LogMetaData: Removing '/Game/UI/BehaviorSelector.BehaviorSelector:EventGraph.K2Node_Event_181' ref from Metadata '/Game/UI/NewWidgetBlueprint.PackageMetaData'
[2016.04.12-04.33.42:654][376]LogMetaData: Removing '/Game/UI/BehaviorSelector.BehaviorSelector:EventGraph.K2Node_Event_182' ref from Metadata '/Game/UI/NewWidgetBlueprint.PackageMetaData'
[2016.04.12-04.33.42:671][376]Cmd: OBJ SAVEPACKAGE PACKAGE="/Game/UI/BehaviorSelector" FILE="../../../../../../Users/u.nair/Documents/CS580/CS580AIProject 4.11/Content/UI/BehaviorSelector.uasset" SILENT=true
[2016.04.12-04.33.42:677][376]LogSavePackage: Save=5.10ms
[2016.04.12-04.33.42:677][376]LogSavePackage: Moving '../../../../../../Users/u.nair/Documents/CS580/CS580AIProject 4.11/Saved/BehaviorSelector8CCB2BCA4276312650D9BA8EF5B0E724.tmp' to '../../../../../../Users/u.nair/Documents/CS580/CS580AIProject 4.11/Content/UI/BehaviorSelector.uasset'
[2016.04.12-04.33.42:680][376]LogSavePackage: Total save time: 8.55ms
[2016.04.12-04.33.42:680][376]LogSavePackage:Display: Finished SavePackage ../../../../../../Users/u.nair/Documents/CS580/CS580AIProject 4.11/Content/UI/BehaviorSelector.uasset
[2016.04.12-04.33.42:844][387]LogPackageName: SearchForPackageOnDisk took   0.000s to resolve /Game/UI/BehaviorSelector.
[2016.04.12-04.38.55:670][634]BlueprintLog: New page: Compile BehaviorSelector
[2016.04.12-04.38.55:675][634]LogActorComponent: UnregisterComponent: (/Engine/Transient.CharMoveComp) Not registered. Aborting.
[2016.04.12-04.38.55:675][634]LogActorComponent: UnregisterComponent: (/Engine/Transient.PawnSensing_GEN_VARIABLE) Not registered. Aborting.
[2016.04.12-04.38.55:768][634]BlueprintEditorCompileResults: Info [0559.31] Compile of BehaviorSelector successful! [in 98 ms]
[2016.04.12-04.39.39:887][691]LogActorComponent: UnregisterComponent: (/Engine/Transient.ProjectileMovement_GEN_VARIABLE) Not registered. Aborting.
[2016.04.12-04.39.39:887][691]LogActorComponent: UnregisterComponent: (/Engine/Transient.CharMoveComp) Not registered. Aborting.
[2016.04.12-04.39.39:887][691]LogActorComponent: UnregisterComponent: (/Engine/Transient.PawnSensing_GEN_VARIABLE) Not registered. Aborting.
[2016.04.12-04.39.39:887][691]LogActorComponent: UnregisterComponent: (/Engine/Transient.CharacterMovementComponent_0) Not registered. Aborting.
[2016.04.12-04.39.40:485][691]LogSavePackage: Save=392.62ms
[2016.04.12-04.39.40:485][691]LogSavePackage: Moving '../../../../../../Users/u.nair/Documents/CS580/CS580AIProject 4.11/Saved/TopDownExampleMapCFD482CC4164D732A29C28BF3E56FC88.tmp' to '../../../../../../Users/u.nair/Documents/CS580/CS580AIProject 4.11/Content/TopDownBP/Maps/TopDownExampleMap.umap'
[2016.04.12-04.39.40:486][691]LogFileManager:Warning: DeleteFile was unable to delete '../../../../../../Users/u.nair/Documents/CS580/CS580AIProject 4.11/Content/TopDownBP/Maps/TopDownExampleMap.umap', retrying in .5s...
[2016.04.12-04.39.40:986][691]LogFileManager:Error: Error deleting file '../../../../../../Users/u.nair/Documents/CS580/CS580AIProject 4.11/Content/TopDownBP/Maps/TopDownExampleMap.umap'.
[2016.04.12-04.39.40:986][691]LogSavePackage:Error: Error saving '../../../../../../Users/u.nair/Documents/CS580/CS580AIProject 4.11/Content/TopDownBP/Maps/TopDownExampleMap.umap'
[2016.04.12-04.39.40:988][691]LogSavePackage: Total save time: 920.86ms
[2016.04.12-04.39.40:988][691]LogSavePackage:Display: Finished SavePackage ../../../../../../Users/u.nair/Documents/CS580/CS580AIProject 4.11/Content/TopDownBP/Maps/TopDownExampleMap.umap
[2016.04.12-04.39.40:989][691]EditorErrors: New page: Save Output
[2016.04.12-04.39.40:989][691]EditorErrors:Warning: Warning Error saving '../../../../../../Users/u.nair/Documents/CS580/CS580AIProject 4.11/Content/TopDownBP/Maps/TopDownExampleMap.umap'
[2016.04.12-04.39.40:999][691]LogFileHelpers: Saving map 'TopDownExampleMap' took 1.071
[2016.04.12-04.40.14:950][710]LogSavePackage: Save=295.39ms
[2016.04.12-04.40.14:950][710]LogSavePackage: Moving '../../../../../../Users/u.nair/Documents/CS580/CS580AIProject 4.11/Saved/TopDownExampleMapFBA522EF477BEB1B1EAECAB761279F60.tmp' to '../../../../../../Users/u.nair/Documents/CS580/CS580AIProject 4.11/Content/TopDownBP/Maps/TopDownExampleMap.umap'
[2016.04.12-04.40.14:951][710]LogFileManager:Warning: DeleteFile was unable to delete '../../../../../../Users/u.nair/Documents/CS580/CS580AIProject 4.11/Content/TopDownBP/Maps/TopDownExampleMap.umap', retrying in .5s...
[2016.04.12-04.40.15:451][710]LogFileManager:Error: Error deleting file '../../../../../../Users/u.nair/Documents/CS580/CS580AIProject 4.11/Content/TopDownBP/Maps/TopDownExampleMap.umap'.
[2016.04.12-04.40.15:451][710]LogSavePackage:Error: Error saving '../../../../../../Users/u.nair/Documents/CS580/CS580AIProject 4.11/Content/TopDownBP/Maps/TopDownExampleMap.umap'
[2016.04.12-04.40.15:453][710]LogSavePackage: Total save time: 804.23ms
[2016.04.12-04.40.15:453][710]LogSavePackage:Display: Finished SavePackage ../../../../../../Users/u.nair/Documents/CS580/CS580AIProject 4.11/Content/TopDownBP/Maps/TopDownExampleMap.umap
[2016.04.12-04.40.15:454][710]EditorErrors: New page: Save Output
[2016.04.12-04.40.15:454][710]EditorErrors:Warning: Warning Error saving '../../../../../../Users/u.nair/Documents/CS580/CS580AIProject 4.11/Content/TopDownBP/Maps/TopDownExampleMap.umap'
[2016.04.12-04.40.15:463][710]LogFileHelpers: Saving map 'TopDownExampleMap' took 0.954
[2016.04.12-04.40.31:366][ 70]LogSavePackage: Save=301.84ms
[2016.04.12-04.40.31:366][ 70]LogSavePackage: Moving '../../../../../../Users/u.nair/Documents/CS580/CS580AIProject 4.11/Saved/TopDownExampleMap_Auto171EB523347E1AB11DA294286E70C6A94.tmp' to '../../../../../../Users/u.nair/Documents/CS580/CS580AIProject 4.11/Saved/Autosaves/Game/TopDownBP/Maps/TopDownExampleMap_Auto1.umap'
[2016.04.12-04.40.31:368][ 70]LogSavePackage: Total save time: 309.96ms
[2016.04.12-04.40.31:368][ 70]LogSavePackage:Display: Finished SavePackage ../../../../../../Users/u.nair/Documents/CS580/CS580AIProject 4.11/Saved/Autosaves/Game/TopDownBP/Maps/TopDownExampleMap_Auto1.umap
[2016.04.12-04.40.31:370][ 70]LogFileHelpers: Editor autosave (incl. sublevels) for '/Game/TopDownBP/Maps/TopDownExampleMap' took 0.327
[2016.04.12-04.40.31:370][ 70]LogFileHelpers: Editor autosave (incl. sublevels) for all levels took 0.327
[2016.04.12-04.40.31:374][ 70]OBJ SavePackage: Generating thumbnails for [0] asset(s) in package [/Game/UI/BehaviorSelector] ([1] browsable assets)...
[2016.04.12-04.40.31:374][ 70]OBJ SavePackage: Finished generating thumbnails for package [/Game/UI/BehaviorSelector]
[2016.04.12-04.40.31:413][ 70]LogSavePackage: Save=12.29ms
[2016.04.12-04.40.31:413][ 70]LogSavePackage: Moving '../../../../../../Users/u.nair/Documents/CS580/CS580AIProject 4.11/Saved/BehaviorSelector_Auto1FCFFFB0F4F88A81BB394A19E5E880B9B.tmp' to '../../../../../../Users/u.nair/Documents/CS580/CS580AIProject 4.11/Saved/Autosaves/Game/UI/BehaviorSelector_Auto1.uasset'
[2016.04.12-04.40.31:415][ 70]LogSavePackage: Total save time: 20.31ms
[2016.04.12-04.40.31:415][ 70]LogSavePackage:Display: Finished SavePackage ../../../../../../Users/u.nair/Documents/CS580/CS580AIProject 4.11/Saved/Autosaves/Game/UI/BehaviorSelector_Auto1.uasset
[2016.04.12-04.40.31:420][ 70]LogSavePackage: Save=1.02ms
[2016.04.12-04.40.31:420][ 70]LogSavePackage: Moving '../../../../../../Users/u.nair/Documents/CS580/CS580AIProject 4.11/Saved/NewWidgetBlueprint_Auto10C92BB224576E8FF5F458F8E4549D715.tmp' to '../../../../../../Users/u.nair/Documents/CS580/CS580AIProject 4.11/Saved/Autosaves/Game/UI/NewWidgetBlueprint_Auto1.uasset'
[2016.04.12-04.40.31:421][ 70]LogSavePackage: Total save time: 2.59ms
[2016.04.12-04.40.31:421][ 70]LogSavePackage:Display: Finished SavePackage ../../../../../../Users/u.nair/Documents/CS580/CS580AIProject 4.11/Saved/Autosaves/Game/UI/NewWidgetBlueprint_Auto1.uasset
[2016.04.12-04.40.31:421][ 70]LogFileHelpers: Auto-saving content packages took 0.051
[2016.04.12-04.40.42:556][798]LogSavePackage: Save=290.17ms
[2016.04.12-04.40.42:556][798]LogSavePackage: Moving '../../../../../../Users/u.nair/Documents/CS580/CS580AIProject 4.11/Saved/TopDownExampleMapE39C775B49054CC277253ABB3CF2EE80.tmp' to '../../../../../../Users/u.nair/Documents/CS580/CS580AIProject 4.11/Content/TopDownBP/Maps/TopDownExampleMap.umap'
[2016.04.12-04.40.42:560][798]LogSavePackage: Total save time: 300.09ms
[2016.04.12-04.40.42:560][798]LogSavePackage:Display: Finished SavePackage ../../../../../../Users/u.nair/Documents/CS580/CS580AIProject 4.11/Content/TopDownBP/Maps/TopDownExampleMap.umap
[2016.04.12-04.40.42:603][798]LogFileHelpers: Saving map 'TopDownExampleMap' took 0.446
[2016.04.12-04.40.42:607][798]Cmd: OBJ SAVEPACKAGE PACKAGE="/Game/UI/BehaviorSelector" FILE="../../../../../../Users/u.nair/Documents/CS580/CS580AIProject 4.11/Content/UI/BehaviorSelector.uasset" SILENT=true
[2016.04.12-04.40.42:626][798]LogSavePackage: Save=12.48ms
[2016.04.12-04.40.42:626][798]LogSavePackage: Moving '../../../../../../Users/u.nair/Documents/CS580/CS580AIProject 4.11/Saved/BehaviorSelector85D16BC145E2E58B0D791DAA4D1A3297.tmp' to '../../../../../../Users/u.nair/Documents/CS580/CS580AIProject 4.11/Content/UI/BehaviorSelector.uasset'
[2016.04.12-04.40.42:629][798]LogSavePackage: Total save time: 21.15ms
[2016.04.12-04.40.42:629][798]LogSavePackage:Display: Finished SavePackage ../../../../../../Users/u.nair/Documents/CS580/CS580AIProject 4.11/Content/UI/BehaviorSelector.uasset
[2016.04.12-04.40.42:635][798]Cmd: OBJ SAVEPACKAGE PACKAGE="/Game/UI/NewWidgetBlueprint" FILE="../../../../../../Users/u.nair/Documents/CS580/CS580AIProject 4.11/Content/UI/NewWidgetBlueprint.uasset" SILENT=true
[2016.04.12-04.40.42:637][798]LogSavePackage: Save=1.04ms
[2016.04.12-04.40.42:637][798]LogSavePackage: Moving '../../../../../../Users/u.nair/Documents/CS580/CS580AIProject 4.11/Saved/NewWidgetBlueprint0F5FC1A44AA6D253E6332688DB9B579B.tmp' to '../../../../../../Users/u.nair/Documents/CS580/CS580AIProject 4.11/Content/UI/NewWidgetBlueprint.uasset'
[2016.04.12-04.40.42:640][798]LogSavePackage: Total save time: 4.10ms
[2016.04.12-04.40.42:640][798]LogSavePackage:Display: Finished SavePackage ../../../../../../Users/u.nair/Documents/CS580/CS580AIProject 4.11/Content/UI/NewWidgetBlueprint.uasset
[2016.04.12-04.40.42:869][799]Cmd: QUIT_EDITOR
[2016.04.12-04.40.42:943][799]LogExit: Preparing to exit.
[2016.04.12-04.40.43:340][799]LogExit: Editor shut down
[2016.04.12-04.40.43:341][799]LogExit: Transaction tracking system shut down
[2016.04.12-04.40.43:455][799]LogObj: Freed 0b from 0 cluster array pools.
[2016.04.12-04.40.43:456][799]LogExit: Object subsystem successfully closed.
[2016.04.12-04.40.43:468][799]LogD3D11RHI: Shutdown
[2016.04.12-04.40.43:468][799]LogD3D11RHI: CleanupD3DDevice
[2016.04.12-04.40.43:507][799]LogD3D11RHI: ~FD3D11DynamicRHI
[2016.04.12-04.40.43:652][799]LogDerivedDataCache: Shutdown
[2016.04.12-04.40.43:652][799]LogModuleManager: Shutting down and abandoning module MovieSceneCapture (206)
[2016.04.12-04.40.43:652][799]LogModuleManager: Shutting down and abandoning module SequencerWidgets (205)
[2016.04.12-04.40.43:652][799]LogModuleManager: Shutting down and abandoning module BlueprintGraph (204)
[2016.04.12-04.40.43:652][799]LogModuleManager: Shutting down and abandoning module HierarchicalLODOutliner (203)
[2016.04.12-04.40.43:652][799]LogModuleManager: Shutting down and abandoning module CrashTracker (202)
[2016.04.12-04.40.43:652][799]LogModuleManager: Shutting down and abandoning module SceneOutliner (201)
[2016.04.12-04.40.43:652][799]LogModuleManager: Shutting down and abandoning module SuperSearch (200)
[2016.04.12-04.40.43:652][799]LogModuleManager: Shutting down and abandoning module WidgetCarousel (199)
[2016.04.12-04.40.43:652][799]LogModuleManager: Shutting down and abandoning module AddContentDialog (198)
[2016.04.12-04.40.43:653][799]LogModuleManager: Shutting down and abandoning module GameplayTags (197)
[2016.04.12-04.40.43:653][799]LogModuleManager: Shutting down and abandoning module EditorWidgets (196)
[2016.04.12-04.40.43:653][799]LogModuleManager: Shutting down and abandoning module CollectionManager (195)
[2016.04.12-04.40.43:653][799]LogModuleManager: Shutting down and abandoning module StatsViewer (194)
[2016.04.12-04.40.43:653][799]LogModuleManager: Shutting down and abandoning module FoliageEdit (193)
[2016.04.12-04.40.43:653][799]LogModuleManager: Shutting down and abandoning module LandscapeEditor (192)
[2016.04.12-04.40.43:653][799]LogModuleManager: Shutting down and abandoning module ActorPickerMode (191)
[2016.04.12-04.40.43:653][799]LogModuleManager: Shutting down and abandoning module GeometryMode (190)
[2016.04.12-04.40.43:653][799]LogModuleManager: Shutting down and abandoning module TextureAlignMode (189)
[2016.04.12-04.40.43:653][799]LogModuleManager: Shutting down and abandoning module BspMode (188)
[2016.04.12-04.40.43:653][799]LogModuleManager: Shutting down and abandoning module PlacementMode (187)
[2016.04.12-04.40.43:653][799]LogModuleManager: Shutting down and abandoning module AutomationWorker (186)
[2016.04.12-04.40.43:653][799]LogModuleManager: Shutting down and abandoning module CharacterAI (185)
[2016.04.12-04.40.43:653][799]LogModuleManager: Shutting down and abandoning module SmartSnapping (184)
[2016.04.12-04.40.43:653][799]LogModuleManager: Shutting down and abandoning module ViewportSnapping (183)
[2016.04.12-04.40.43:653][799]LogModuleManager: Shutting down and abandoning module LogVisualizer (182)
[2016.04.12-04.40.43:653][799]LogModuleManager: Shutting down and abandoning module GameProjectGeneration (181)
[2016.04.12-04.40.43:653][799]LogModuleManager: Shutting down and abandoning module IntroTutorials (180)
[2016.04.12-04.40.43:654][799]LogModuleManager: Shutting down and abandoning module EditorLiveStreaming (179)
[2016.04.12-04.40.43:654][799]LogModuleManager: Shutting down and abandoning module IOSPlatformEditor (178)
[2016.04.12-04.40.43:654][799]LogModuleManager: Shutting down and abandoning module HTML5PlatformEditor (177)
[2016.04.12-04.40.43:654][799]LogModuleManager: Shutting down and abandoning module AndroidDeviceDetection (176)
[2016.04.12-04.40.43:899][799]LogModuleManager: Shutting down and abandoning module AndroidPlatformEditor (175)
[2016.04.12-04.40.43:899][799]LogModuleManager: Shutting down and abandoning module IOSRuntimeSettings (174)
[2016.04.12-04.40.43:899][799]LogModuleManager: Shutting down and abandoning module AndroidRuntimeSettings (173)
[2016.04.12-04.40.43:899][799]LogModuleManager: Shutting down and abandoning module MergeActors (172)
[2016.04.12-04.40.43:899][799]LogModuleManager: Shutting down and abandoning module SizeMap (171)
[2016.04.12-04.40.43:899][799]LogModuleManager: Shutting down and abandoning module TreeMap (170)
[2016.04.12-04.40.43:899][799]LogModuleManager: Shutting down and abandoning module ReferenceViewer (169)
[2016.04.12-04.40.43:899][799]LogModuleManager: Shutting down and abandoning module LocalizationService (168)
[2016.04.12-04.40.43:899][799]LogModuleManager: Shutting down and abandoning module LocalizationDashboard (167)
[2016.04.12-04.40.43:899][799]LogModuleManager: Shutting down and abandoning module HardwareTargeting (166)
[2016.04.12-04.40.43:899][799]LogModuleManager: Shutting down and abandoning module DeviceProfileEditor (165)
[2016.04.12-04.40.43:899][799]LogModuleManager: Shutting down and abandoning module UndoHistory (164)
[2016.04.12-04.40.43:899][799]LogModuleManager: Shutting down and abandoning module UserFeedback (163)
[2016.04.12-04.40.43:899][799]LogModuleManager: Shutting down and abandoning module XmlParser (162)
[2016.04.12-04.40.43:899][799]LogModuleManager: Shutting down and abandoning module Blutility (161)
[2016.04.12-04.40.43:899][799]LogModuleManager: Shutting down and abandoning module ProjectTargetPlatformEditor (160)
[2016.04.12-04.40.43:899][799]LogModuleManager: Shutting down and abandoning module ProjectSettingsViewer (159)
[2016.04.12-04.40.43:899][799]LogModuleManager: Shutting down and abandoning module InputBindingEditor (158)
[2016.04.12-04.40.43:899][799]LogModuleManager: Shutting down and abandoning module EditorSettingsViewer (157)
[2016.04.12-04.40.43:899][799]LogModuleManager: Shutting down and abandoning module SettingsEditor (156)
[2016.04.12-04.40.43:899][799]LogModuleManager: Shutting down and abandoning module ProjectLauncher (155)
[2016.04.12-04.40.43:899][799]LogModuleManager: Shutting down and abandoning module SessionFrontend (154)
[2016.04.12-04.40.43:899][799]LogModuleManager: Shutting down and abandoning module ProfilerClient (153)
[2016.04.12-04.40.43:899][799]LogModuleManager: Shutting down and abandoning module TargetDeviceServices (152)
[2016.04.12-04.40.43:899][799]LogModuleManager: Shutting down and abandoning module DeviceManager (151)
[2016.04.12-04.40.43:939][799]LogModuleManager: Shutting down and abandoning module AutomationController (150)
[2016.04.12-04.40.43:939][799]LogModuleManager: Shutting down and abandoning module AutomationWindow (149)
[2016.04.12-04.40.43:939][799]LogModuleManager: Shutting down and abandoning module Layers (148)
[2016.04.12-04.40.43:939][799]LogModuleManager: Shutting down and abandoning module ComponentVisualizers (147)
[2016.04.12-04.40.43:939][799]LogModuleManager: Shutting down and abandoning module DetailCustomizations (146)
[2016.04.12-04.40.43:939][799]LogModuleManager: Shutting down and abandoning module PackagesDialog (145)
[2016.04.12-04.40.43:939][799]LogModuleManager: Shutting down and abandoning module Persona (144)
[2016.04.12-04.40.43:939][799]LogModuleManager: Shutting down and abandoning module Kismet (143)
[2016.04.12-04.40.43:939][799]LogModuleManager: Shutting down and abandoning module GraphEditor (142)
[2016.04.12-04.40.43:939][799]LogModuleManager: Shutting down and abandoning module ClassViewer (141)
[2016.04.12-04.40.43:940][799]LogModuleManager: Shutting down and abandoning module Toolbox (140)
[2016.04.12-04.40.43:940][799]LogModuleManager: Shutting down and abandoning module ModuleUI (139)
[2016.04.12-04.40.43:940][799]LogModuleManager: Shutting down and abandoning module MovieSceneTools (138)
[2016.04.12-04.40.43:940][799]LogModuleManager: Shutting down and abandoning module OutputLog (137)
[2016.04.12-04.40.43:940][799]LogModuleManager: Shutting down and abandoning module GammaUI (136)
[2016.04.12-04.40.43:940][799]LogModuleManager: Shutting down and abandoning module Documentation (135)
[2016.04.12-04.40.43:940][799]LogModuleManager: Shutting down and abandoning module StreamingPauseRendering (134)
[2016.04.12-04.40.43:940][799]LogModuleManager: Shutting down and abandoning module AnalyticsET (133)
[2016.04.12-04.40.43:940][799]LogModuleManager: Shutting down and abandoning module Analytics (132)
[2016.04.12-04.40.43:940][799]LogModuleManager: Shutting down and abandoning module PortalServices (131)
[2016.04.12-04.40.43:940][799]LogModuleManager: Shutting down and abandoning module PortalRpc (130)
[2016.04.12-04.40.43:940][799]LogModuleManager: Shutting down and abandoning module MessagingRpc (129)
[2016.04.12-04.40.43:940][799]LogModuleManager: Shutting down and abandoning module AITestSuite (128)
[2016.04.12-04.40.43:940][799]LogModuleManager: Shutting down and abandoning module GameplayDebugger (127)
[2016.04.12-04.40.43:940][799]LogModuleManager: Shutting down and abandoning module AIModule (126)
[2016.04.12-04.40.43:940][799]LogModuleManager: Shutting down and abandoning module ProfilerService (125)
[2016.04.12-04.40.44:100][799]LogModuleManager: Shutting down and abandoning module TaskGraph (124)
[2016.04.12-04.40.44:100][799]LogModuleManager: Shutting down and abandoning module SlateRemote (123)
[2016.04.12-04.40.44:100][799]LogModuleManager: Shutting down and abandoning module SteamVRController (122)
[2016.04.12-04.40.44:100][799]LogModuleManager: Shutting down and abandoning module SteamVR (121)
[2016.04.12-04.40.44:100][799]LogModuleManager: Shutting down and abandoning module ProceduralMeshComponent (120)
[2016.04.12-04.40.44:100][799]LogModuleManager: Shutting down and abandoning module OculusLibrary (119)
[2016.04.12-04.40.44:100][799]LogModuleManager: Shutting down and abandoning module OculusInput (118)
[2016.04.12-04.40.44:100][799]LogModuleManager: Shutting down and abandoning module CustomMeshComponent (117)
[2016.04.12-04.40.44:100][799]LogModuleManager: Shutting down and abandoning module CableComponent (116)
[2016.04.12-04.40.44:100][799]LogModuleManager: Shutting down and abandoning module ArchVisCharacter (115)
[2016.04.12-04.40.44:100][799]LogModuleManager: Shutting down and abandoning module MediaPlayerEditor (114)
[2016.04.12-04.40.44:100][799]LogModuleManager: Shutting down and abandoning module HTML5Networking (113)
[2016.04.12-04.40.44:100][799]LogModuleManager: Shutting down and abandoning module SpeedTreeImporter (112)
[2016.04.12-04.40.44:100][799]LogModuleManager: Shutting down and abandoning module PluginBrowser (111)
[2016.04.12-04.40.44:100][799]LogModuleManager: Shutting down and abandoning module EpicSurvey (110)
[2016.04.12-04.40.44:100][799]LogModuleManager: Shutting down and abandoning module DesktopPlatform (109)
[2016.04.12-04.40.44:100][799]LogModuleManager: Shutting down and abandoning module VisualStudioSourceCodeAccess (108)
[2016.04.12-04.40.44:100][799]LogModuleManager: Shutting down and abandoning module UObjectPlugin (107)
[2016.04.12-04.40.44:100][799]LogModuleManager: Shutting down and abandoning module SubversionSourceControl (106)
[2016.04.12-04.40.44:100][799]LogModuleManager: Shutting down and abandoning module PerforceSourceControl (105)
[2016.04.12-04.40.44:100][799]LogModuleManager: Shutting down and abandoning module SourceControl (104)
[2016.04.12-04.40.44:100][799]LogModuleManager: Shutting down and abandoning module GitSourceControl (103)
[2016.04.12-04.40.44:100][799]LogModuleManager: Shutting down and abandoning module LightPropagationVolumeEditor (102)
[2016.04.12-04.40.44:100][799]LogModuleManager: Shutting down and abandoning module PaperTiledImporter (101)
[2016.04.12-04.40.44:100][799]LogModuleManager: Shutting down and abandoning module PaperSpriteSheetImporter (100)
[2016.04.12-04.40.44:100][799]LogModuleManager: Shutting down and abandoning module MeshPaint (99)
[2016.04.12-04.40.44:100][799]LogModuleManager: Shutting down and abandoning module HotReload (98)
[2016.04.12-04.40.44:101][799]LogModuleManager: Shutting down and abandoning module MainFrame (97)
[2016.04.12-04.40.44:101][799]LogModuleManager: Shutting down and abandoning module LevelEditor (96)
[2016.04.12-04.40.44:101][799]LogModuleManager: Shutting down and abandoning module DirectoryWatcher (95)
[2016.04.12-04.40.44:102][799]LogModuleManager: Shutting down and abandoning module AssetRegistry (94)
[2016.04.12-04.40.44:169][799]LogModuleManager: Shutting down and abandoning module ContentBrowser (93)
[2016.04.12-04.40.44:170][799]LogModuleManager: Shutting down and abandoning module Paper2DEditor (92)
[2016.04.12-04.40.44:170][799]LogModuleManager: Shutting down and abandoning module UdpMessaging (91)
[2016.04.12-04.40.44:270][799]LogModuleManager: Shutting down and abandoning module LightPropagationVolumeRuntime (90)
[2016.04.12-04.40.44:270][799]LogModuleManager: Shutting down and abandoning module Paper2D (89)
[2016.04.12-04.40.44:270][799]LogModuleManager: Shutting down and abandoning module WindowsMoviePlayer (88)
[2016.04.12-04.40.44:270][799]LogModuleManager: Shutting down and abandoning module Media (87)
[2016.04.12-04.40.44:270][799]LogModuleManager: Shutting down and abandoning module WmfMedia (86)
[2016.04.12-04.40.44:270][799]LogModuleManager: Shutting down and abandoning module GameLiveStreaming (85)
[2016.04.12-04.40.44:270][799]LogModuleManager: Shutting down and abandoning module GameplayTagsEditor (84)
[2016.04.12-04.40.44:270][799]LogModuleManager: Shutting down and abandoning module OnlineBlueprintSupport (83)
[2016.04.12-04.40.44:270][799]LogModuleManager: Shutting down and abandoning module GameplayTasksEditor (82)
[2016.04.12-04.40.44:270][799]LogModuleManager: Shutting down and abandoning module PropertyEditor (81)
[2016.04.12-04.40.44:270][799]LogModuleManager: Shutting down and abandoning module BehaviorTreeEditor (80)
[2016.04.12-04.40.44:270][799]LogModuleManager: Shutting down and abandoning module FunctionalTesting (79)
[2016.04.12-04.40.44:270][799]LogModuleManager: Shutting down and abandoning module CollisionAnalyzer (78)
[2016.04.12-04.40.44:270][799]LogModuleManager: Shutting down and abandoning module WorkspaceMenuStructure (77)
[2016.04.12-04.40.44:270][799]LogModuleManager: Shutting down and abandoning module MessageLog (76)
[2016.04.12-04.40.44:270][799]LogModuleManager: Shutting down and abandoning module Sequencer (75)
[2016.04.12-04.40.44:270][799]LogModuleManager: Shutting down and abandoning module AssetTools (74)
[2016.04.12-04.40.44:270][799]LogModuleManager: Shutting down and abandoning module UMGEditor (73)
[2016.04.12-04.40.44:270][799]LogModuleManager: Shutting down and abandoning module UMG (72)
[2016.04.12-04.40.44:270][799]LogModuleManager: Shutting down and abandoning module SlateReflector (71)
[2016.04.12-04.40.44:270][799]LogModuleManager: Shutting down and abandoning module Slate (70)
[2016.04.12-04.40.44:270][799]LogModuleManager: Shutting down and abandoning module EditorStyle (69)
[2016.04.12-04.40.44:275][799]LogModuleManager: Shutting down and abandoning module SessionServices (68)
[2016.04.12-04.40.44:275][799]LogModuleManager: Shutting down and abandoning module SourceCodeAccess (67)
[2016.04.12-04.40.44:275][799]LogModuleManager: Shutting down and abandoning module HeadMountedDisplay (66)
[2016.04.12-04.40.44:275][799]LogModuleManager: Shutting down and abandoning module XAudio2 (65)
[2016.04.12-04.40.44:275][799]LogModuleManager: Shutting down and abandoning module Networking (63)
[2016.04.12-04.40.44:275][799]LogModuleManager: Shutting down and abandoning module Core (62)
[2016.04.12-04.40.44:275][799]LogModuleManager: Shutting down and abandoning module KismetCompiler (61)
[2016.04.12-04.40.44:275][799]LogModuleManager: Shutting down and abandoning module PhysXFormats (60)
[2016.04.12-04.40.44:275][799]LogModuleManager: Shutting down and abandoning module MeshUtilities (59)
[2016.04.12-04.40.44:275][799]LogModuleManager: Shutting down and abandoning module CookingStats (58)
[2016.04.12-04.40.44:275][799]LogModuleManager: Shutting down and abandoning module DerivedDataCache (57)
[2016.04.12-04.40.44:275][799]LogDerivedDataCache: Shutdown
[2016.04.12-04.40.44:275][799]LogModuleManager: Shutting down and abandoning module ShaderFormatOpenGL (56)
[2016.04.12-04.40.44:275][799]LogModuleManager: Shutting down and abandoning module ShaderFormatD3D (55)
[2016.04.12-04.40.44:275][799]LogModuleManager: Shutting down and abandoning module MetalShaderFormat (54)
[2016.04.12-04.40.44:275][799]LogModuleManager: Shutting down and abandoning module TextureFormatUncompressed (53)
[2016.04.12-04.40.44:275][799]LogModuleManager: Shutting down and abandoning module TextureFormatPVR (52)
[2016.04.12-04.40.44:275][799]LogModuleManager: Shutting down and abandoning module TextureFormatIntelISPCTexComp (51)
[2016.04.12-04.40.44:275][799]LogModuleManager: Shutting down and abandoning module TextureFormatDXT (50)
[2016.04.12-04.40.44:275][799]LogModuleManager: Shutting down and abandoning module ImageWrapper (49)
[2016.04.12-04.40.44:275][799]LogModuleManager: Shutting down and abandoning module TextureFormatASTC (48)
[2016.04.12-04.40.44:275][799]LogModuleManager: Shutting down and abandoning module TextureFormatAndroid (47)
[2016.04.12-04.40.44:275][799]LogModuleManager: Shutting down and abandoning module AudioFormatOpus (46)
[2016.04.12-04.40.44:275][799]LogModuleManager: Shutting down and abandoning module AudioFormatOgg (45)
[2016.04.12-04.40.44:275][799]LogModuleManager: Shutting down and abandoning module AudioFormatADPCM (44)
[2016.04.12-04.40.44:275][799]LogModuleManager: Shutting down and abandoning module LinuxTargetPlatform (43)
[2016.04.12-04.40.44:275][799]LogModuleManager: Shutting down and abandoning module LinuxServerTargetPlatform (42)
[2016.04.12-04.40.44:275][799]LogModuleManager: Shutting down and abandoning module LinuxNoEditorTargetPlatform (41)
[2016.04.12-04.40.44:275][799]LogModuleManager: Shutting down and abandoning module TVOSTargetPlatform (40)
[2016.04.12-04.40.44:275][799]LogModuleManager: Shutting down and abandoning module Messaging (39)
[2016.04.12-04.40.44:275][799]LogModuleManager: Shutting down and abandoning module IOSTargetPlatform (38)
[2016.04.12-04.40.44:275][799]LogModuleManager: Shutting down and abandoning module HTML5TargetPlatform (37)
[2016.04.12-04.40.44:275][799]LogModuleManager: Shutting down and abandoning module Android_PVRTCTargetPlatform (36)
[2016.04.12-04.40.44:275][799]LogModuleManager: Shutting down and abandoning module Android_MultiTargetPlatform (35)
[2016.04.12-04.40.44:275][799]LogModuleManager: Shutting down and abandoning module Android_ETC2TargetPlatform (34)
[2016.04.12-04.40.44:275][799]LogModuleManager: Shutting down and abandoning module Android_ETC1TargetPlatform (33)
[2016.04.12-04.40.44:275][799]LogModuleManager: Shutting down and abandoning module Android_DXTTargetPlatform (32)
[2016.04.12-04.40.44:275][799]LogModuleManager: Shutting down and abandoning module Android_ATCTargetPlatform (31)
[2016.04.12-04.40.44:275][799]LogModuleManager: Shutting down and abandoning module Android_ASTCTargetPlatform (30)
[2016.04.12-04.40.44:275][799]LogModuleManager: Shutting down and abandoning module AndroidTargetPlatform (29)
[2016.04.12-04.40.44:275][799]LogModuleManager: Shutting down and abandoning module WindowsTargetPlatform (28)
[2016.04.12-04.40.44:275][799]LogModuleManager: Shutting down and abandoning module WindowsServerTargetPlatform (27)
[2016.04.12-04.40.44:275][799]LogModuleManager: Shutting down and abandoning module WindowsNoEditorTargetPlatform (26)
[2016.04.12-04.40.44:275][799]LogModuleManager: Shutting down and abandoning module WindowsClientTargetPlatform (25)
[2016.04.12-04.40.44:275][799]LogModuleManager: Shutting down and abandoning module AllDesktopTargetPlatform (24)
[2016.04.12-04.40.44:275][799]LogModuleManager: Shutting down and abandoning module TargetPlatform (23)
[2016.04.12-04.40.44:275][799]LogModuleManager: Shutting down and abandoning module InputCore (22)
[2016.04.12-04.40.44:275][799]LogModuleManager: Shutting down and abandoning module Settings (21)
[2016.04.12-04.40.44:275][799]LogModuleManager: Shutting down and abandoning module OnlineSubsystem (19)
[2016.04.12-04.40.44:275][799]LogModuleManager: Shutting down and abandoning module HTTP (18)
[2016.04.12-04.40.45:275][799]LogModuleManager: Shutting down and abandoning module XMPP (17)
[2016.04.12-04.40.45:275][799]LogModuleManager: Shutting down and abandoning module OculusRift (16)
[2016.04.12-04.40.45:275][799]LogModuleManager: Shutting down and abandoning module ExampleDeviceProfileSelector (15)
[2016.04.12-04.40.45:275][799]LogModuleManager: Shutting down and abandoning module TextureCompressor (14)
[2016.04.12-04.40.45:275][799]LogModuleManager: Shutting down and abandoning module ShaderCore (13)
[2016.04.12-04.40.45:275][799]LogModuleManager: Shutting down and abandoning module Landscape (12)
[2016.04.12-04.40.45:275][799]LogModuleManager: Shutting down and abandoning module SlateRHIRenderer (11)
[2016.04.12-04.40.45:277][799]LogModuleManager: Shutting down and abandoning module OpenGLDrv (10)
[2016.04.12-04.40.45:277][799]LogModuleManager: Shutting down and abandoning module D3D11RHI (9)
[2016.04.12-04.40.45:277][799]LogModuleManager: Shutting down and abandoning module AnimGraphRuntime (8)
[2016.04.12-04.40.45:277][799]LogModuleManager: Shutting down and abandoning module Renderer (7)
[2016.04.12-04.40.45:277][799]LogModuleManager: Shutting down and abandoning module Engine (6)
[2016.04.12-04.40.45:277][799]LogModuleManager: Shutting down and abandoning module CoreUObject (5)
[2016.04.12-04.40.45:277][799]LogModuleManager: Shutting down and abandoning module NetworkFile (4)
[2016.04.12-04.40.45:277][799]LogModuleManager: Shutting down and abandoning module StreamingFile (3)
[2016.04.12-04.40.45:277][799]LogModuleManager: Shutting down and abandoning module SandboxFile (2)
[2016.04.12-04.40.45:277][799]LogModuleManager: Shutting down and abandoning module PakFile (1)
[2016.04.12-04.40.45:278][799]LogExit: Exiting.
[2016.04.12-04.40.45:291][799]Log file closed, 04/11/16 21:40:45
