Log file open, 04/11/16 21:29:29
LogInit:Display: Running engine for game: CS580AIProject
LogPlatformFile: Not using cached read wrapper
LogInit:Display: RandInit(-1290858487) SRandInit(-1290858486).
LogTaskGraph: Started task graph with 4 named threads and 7 total threads.
LogStats: Stats thread started at 0.063283
LogHMD: Can't find Oculus library dev build: is proper Runtime installed? Version: 1.3.0
LogInit: Version: 4.11.1-2934540+++UE4+Release-4.11
LogInit: API Version: 2927265
LogInit: Compiled (64-bit): Apr  6 2016 02:14:16
LogInit: Compiled with Visual C++: 19.00.23026.00
LogInit: Build Configuration: Development
LogInit: Branch Name: ++UE4+Release-4.11
LogInit: Command line:  
LogInit: Base directory: C:/Program Files (x86)/Epic Games/4.11/Engine/Binaries/Win64/
LogInit: Installed Engine Build: 1
LogInit: Using libcurl 7.41.0
LogInit:  - built for x86_64-pc-win32
LogInit:  - supports SSL with WinSSL
LogInit:  - other features:
LogInit:      CURL_VERSION_SSL
LogInit:      CURL_VERSION_IPV6
LogInit:      CURL_VERSION_ASYNCHDNS
LogInit:      CURL_VERSION_LARGEFILE
LogInit:      CURL_VERSION_IDN
LogInit:  CurlRequestOptions (configurable via config and command line):
LogInit:  - bVerifyPeer = true  - Libcurl will verify peer certificate
LogInit:  - bUseHttpProxy = false  - Libcurl will NOT use HTTP proxy
LogInit:  - bDontReuseConnections = false  - Libcurl will reuse connections
LogInit:  - CertBundlePath = nullptr  - Libcurl will use whatever was configured at build time.
LogInit: Presizing for max 16777216 objects, including 0 objects not considered by GC, pre-allocating 0 bytes for permanent pool.
LogInit: Object subsystem initialized
[2016.04.12-04.29.29:365][  0]LogInit: Selected Device Profile: [Windows]
[2016.04.12-04.29.29:365][  0]LogInit: Applying CVar settings loaded from the selected device profile: [Windows]
[2016.04.12-04.29.29:376][  0]LogInit: Computer: DIT2525US
[2016.04.12-04.29.29:376][  0]LogInit: User: unair
[2016.04.12-04.29.29:376][  0]LogInit: CPU Page size=65536, Cores=4
[2016.04.12-04.29.29:376][  0]LogInit: High frequency timer resolution =3.515644 MHz
[2016.04.12-04.29.29:376][  0]LogMemory: Memory total: Physical=15.9GB (16GB approx)
[2016.04.12-04.29.29:376][  0]LogMemory: Platform Memory Stats for Windows
[2016.04.12-04.29.29:376][  0]LogMemory: Process Physical Memory: 314.67 MB used, 314.67 MB peak
[2016.04.12-04.29.29:376][  0]LogMemory: Process Virtual Memory: 316.73 MB used, 316.73 MB peak
[2016.04.12-04.29.29:376][  0]LogMemory: Physical Memory: 6059.73 MB used, 16326.36 MB total
[2016.04.12-04.29.29:376][  0]LogMemory: Virtual Memory: 621.79 MB used, 8388608.00 MB total
[2016.04.12-04.29.29:416][  0]LogTextLocalizationManager: No specific translations for ('en-US') exist, so ('en') translations will be used.
[2016.04.12-04.29.29:767][  0]LogD3D11RHI: D3D11 adapters:
[2016.04.12-04.29.29:790][  0]LogD3D11RHI:    0. 'NVIDIA GeForce GTX 760' (Feature Level 11_0)
[2016.04.12-04.29.29:790][  0]LogD3D11RHI:       1990MB of dedicated video memory, 0MB of dedicated system memory, and 2048MB of shared system memory, 1 output[s]
[2016.04.12-04.29.29:790][  0]LogD3D11RHI: Chosen D3D11 Adapter: 0
[2016.04.12-04.29.29:795][  0]LogD3D11RHI: Creating new Direct3DDevice
[2016.04.12-04.29.29:795][  0]LogD3D11RHI:     Adapter Name: NVIDIA GeForce GTX 760
[2016.04.12-04.29.29:795][  0]LogD3D11RHI:   Driver Version: 10.18.13.5891 (internal 10.18.13.5891)
[2016.04.12-04.29.29:795][  0]LogD3D11RHI:      Driver Date: 11-5-2015
[2016.04.12-04.29.29:795][  0]LogRHI: Texture pool is 1361 MB (70% of 1945 MB)
[2016.04.12-04.29.29:804][  0]LogD3D11RHI: Async texture creation enabled
[2016.04.12-04.29.29:818][  0]LogShaderCompilers: Guid format shader working directory is -15 characters bigger than the processId version (../../../../../../Users/u.nair/Documents/CS580/CS580AIProject 4.11/Intermediate/Shaders/WorkingDirectory/14796/).
[2016.04.12-04.29.29:818][  0]LogShaderCompilers: Cleaned the shader compiler working directory 'C:/Users/U2E02~1.NAI/AppData/Local/Temp/UnrealShaderWorkingDir/91889BD24A26B9E5820BABB89791CE84/'.
[2016.04.12-04.29.29:818][  0]LogShaderCompilers:Display: Using Local Shader Compiler.
[2016.04.12-04.29.30:640][  0]LogTemp:Display: Loaded TP AllDesktopTargetPlatform
[2016.04.12-04.29.30:644][  0]LogTemp:Display: Loaded TP WindowsClientTargetPlatform
[2016.04.12-04.29.30:648][  0]LogTemp:Display: Loaded TP WindowsNoEditorTargetPlatform
[2016.04.12-04.29.30:651][  0]LogTemp:Display: Loaded TP WindowsServerTargetPlatform
[2016.04.12-04.29.30:655][  0]LogTemp:Display: Loaded TP WindowsTargetPlatform
[2016.04.12-04.29.30:658][  0]LogTemp:Display: Loaded TP AndroidTargetPlatform
[2016.04.12-04.29.30:661][  0]LogTemp:Display: Loaded TP Android_ASTCTargetPlatform
[2016.04.12-04.29.30:664][  0]LogTemp:Display: Loaded TP Android_ATCTargetPlatform
[2016.04.12-04.29.30:668][  0]LogTemp:Display: Loaded TP Android_DXTTargetPlatform
[2016.04.12-04.29.30:671][  0]LogTemp:Display: Loaded TP Android_ETC1TargetPlatform
[2016.04.12-04.29.30:674][  0]LogTemp:Display: Loaded TP Android_ETC2TargetPlatform
[2016.04.12-04.29.30:680][  0]LogTemp:Display: Loaded TP Android_MultiTargetPlatform
[2016.04.12-04.29.30:680][  0]LogTemp:Display: Loaded TP Android_PVRTCTargetPlatform
[2016.04.12-04.29.30:681][  0]LogTemp:Display: Loaded TP HTML5TargetPlatform
[2016.04.12-04.29.30:698][  0]LogTemp:Display: Loaded TP IOSTargetPlatform
[2016.04.12-04.29.30:702][  0]LogTemp:Display: Loaded TP TVOSTargetPlatform
[2016.04.12-04.29.30:706][  0]LogTemp:Display: Loaded TP LinuxNoEditorTargetPlatform
[2016.04.12-04.29.30:709][  0]LogTemp:Display: Loaded TP LinuxServerTargetPlatform
[2016.04.12-04.29.30:714][  0]LogTemp:Display: Loaded TP LinuxTargetPlatform
[2016.04.12-04.29.30:714][  0]LogTargetPlatformManager:Display: Building Assets For Windows
[2016.04.12-04.29.30:786][  0]LogDerivedDataCache:Display: Max Cache Size: 512 MB
[2016.04.12-04.29.30:846][  0]LogDerivedDataCache: Loaded boot cache 0.06s 58MB C:/Users/u.nair/AppData/Local/UnrealEngine/4.11/DerivedDataCache/Boot.ddc.
[2016.04.12-04.29.30:846][  0]LogDerivedDataCache:Display: Loaded Boot cache: C:/Users/u.nair/AppData/Local/UnrealEngine/4.11/DerivedDataCache/Boot.ddc
[2016.04.12-04.29.30:846][  0]LogDerivedDataCache: FDerivedDataBackendGraph:  Pak pak cache file ../../../../../../Users/u.nair/Documents/CS580/CS580AIProject 4.11/DerivedDataCache/DDC.ddp not found, will not use a pak cache.
[2016.04.12-04.29.30:846][  0]LogDerivedDataCache: Unable to find inner node Pak for hierarchical cache Hierarchy.
[2016.04.12-04.29.30:846][  0]LogDerivedDataCache: FDerivedDataBackendGraph:  CompressedPak pak cache file ../../../../../../Users/u.nair/Documents/CS580/CS580AIProject 4.11/DerivedDataCache/Compressed.ddp not found, will not use a pak cache.
[2016.04.12-04.29.30:846][  0]LogDerivedDataCache: Unable to find inner node CompressedPak for hierarchical cache Hierarchy.
[2016.04.12-04.29.30:857][  0]LogDerivedDataCache:Display: Pak cache opened for reading ../../../Engine/DerivedDataCache/Compressed.ddp.
[2016.04.12-04.29.30:868][  0]LogDerivedDataCache: Using Local data cache path C:/Users/u.nair/AppData/Local/UnrealEngine/Common/DerivedDataCache: Writable
[2016.04.12-04.29.31:022][  0]LogInit: Selected Device Profile: [Windows]
[2016.04.12-04.29.31:023][  0]LogContentStreaming: Texture pool size is 0.00 MB
[2016.04.12-04.29.31:043][  0]LogMaterial: Uniform references updated for custom material expression Custom.
[2016.04.12-04.29.31:154][  0]LogMeshUtilities: No automatic mesh reduction module available
[2016.04.12-04.29.31:154][  0]LogMeshUtilities: No automatic mesh merging module available
[2016.04.12-04.29.31:154][  0]LogMeshUtilities: No distributed automatic mesh merging module available
[2016.04.12-04.29.31:347][  0]LogUObjectArray: 27678 objects as part of root set at end of initial load.
[2016.04.12-04.29.31:347][  0]LogUObjectAllocator: 5591384 out of 0 bytes used by permanent object pool.
[2016.04.12-04.29.31:347][  0]LogUObjectArray: CloseDisregardForGC: 0/0 objects in disregard for GC pool
[2016.04.12-04.29.31:352][  0]LogInit: WinSock: version 1.1 (2.2), MaxSocks=32767, MaxUdp=65467
[2016.04.12-04.29.31:429][  0]LogSlate: SlateFontCache - WITH_FREETYPE: 1, WITH_HARFBUZZ: 1
[2016.04.12-04.29.31:429][  0]LogSlate: SlateFontCache - WITH_FREETYPE: 1, WITH_HARFBUZZ: 1
[2016.04.12-04.29.31:522][  0]LogStreaming:Warning: Failed to read file '../../../Engine/Content/Editor/Slate/Common/Selection_16x.png' error.
[2016.04.12-04.29.31:522][  0]LogSlate: Could not find file for Slate resource: ../../../Engine/Content/Editor/Slate/Common/Selection_16x.png
[2016.04.12-04.29.31:522][  0]LogStreaming:Warning: Failed to read file '../../../Engine/Content/Editor/Slate/Common/Selection_16x.png' error.
[2016.04.12-04.29.31:522][  0]LogSlate: Could not find file for Slate resource: ../../../Engine/Content/Editor/Slate/Common/Selection_16x.png
[2016.04.12-04.29.31:522][  0]LogStreaming:Warning: Failed to read file '../../../Engine/Content/Editor/Slate/Common/Selection_16x.png' error.
[2016.04.12-04.29.31:522][  0]LogSlate: Could not find file for Slate resource: ../../../Engine/Content/Editor/Slate/Common/Selection_16x.png
[2016.04.12-04.29.32:077][  0]LogUdpMessaging: Initializing bridge on interface 0.0.0.0:0 to multicast group 230.0.0.1:6666.
[2016.04.12-04.29.32:174][  0]LogAssetRegistry: FAssetRegistry took 0.0200 seconds to start up
[2016.04.12-04.29.32:366][  0]SourceControl: Info Source control is disabled
[2016.04.12-04.29.32:507][  0]SourceControl: Info Source control is disabled
[2016.04.12-04.29.32:520][  0]SourceControl: Info Source control is disabled
[2016.04.12-04.29.32:532][  0]SourceControl: Info Source control is disabled
[2016.04.12-04.29.32:736][  0]LogEngine: Initializing Engine...
[2016.04.12-04.29.32:737][  0]LogHMD: SteamVR failed to initialize.  Err: 110
[2016.04.12-04.29.32:737][  0]LogHMD: SteamVR failed to initialize.  Err: 110
[2016.04.12-04.29.32:848][  0]LogAIModule: Creating AISystem for world NewWorld
[2016.04.12-04.29.32:852][  0]LogInit: XAudio2 using 'Realtek Digital Output(Optical) (Realtek High Definition Audio)' : 2 channels at 48 kHz using 16 bits per sample (channel mask 0x3)
[2016.04.12-04.29.32:858][  0]LogInit: FAudioDevice initialized.
[2016.04.12-04.29.33:097][  0]LogDerivedDataCache: Saved boot cache 0.24s 58MB C:/Users/u.nair/AppData/Local/UnrealEngine/4.11/DerivedDataCache/Boot.ddc.
[2016.04.12-04.29.33:101][  0]LogInit: Texture streaming: Enabled
[2016.04.12-04.29.33:116][  0]LogInit: Transaction tracking system initialized
[2016.04.12-04.29.33:131][  0]BlueprintLog: New page: Editor Load
[2016.04.12-04.29.33:184][  0]LocalizationService: Info Localization service is disabled
[2016.04.12-04.29.33:235][  0]LogConsoleResponse:Display: 
[2016.04.12-04.29.33:319][  0]LogCook:Display: Max memory allowance for cook 8192mb
[2016.04.12-04.29.33:319][  0]LogCook:Display: Mobile HDR setting 1
[2016.04.12-04.29.33:319][  0]LogCook:Display: Done creating registry. It took  0.00s.
[2016.04.12-04.29.33:357][  0]LogFileCache: Scanning file cache for directory 'C:/Users/u.nair/Documents/CS580/CS580AIProject 4.11/Content/' took 0.01s
[2016.04.12-04.29.33:357][  0]SourceControl: Info Source control is disabled
[2016.04.12-04.29.33:358][  0]Cmd: MAP LOAD FILE="../../../../../../Users/u.nair/Documents/CS580/CS580AIProject 4.11/Content/TopDownBP/Maps/TopDownExampleMap.umap" TEMPLATE=0 SHOWPROGRESS=1 FEATURELEVEL=3
[2016.04.12-04.29.33:358][  0]LightingResults: New page: Lighting Build
[2016.04.12-04.29.33:360][  0]MapCheck: New page: Map Check
[2016.04.12-04.29.33:360][  0]LightingResults: New page: Lighting Build
[2016.04.12-04.29.33:497][  0]LogClass:Warning: Type mismatch in CustomDistance of move_to_enemy_C - Previous (FloatProperty) Current(StructProperty) for package:  FObjectReader
[2016.04.12-04.29.33:855][  0]LogTexture:Display: Building textures: HQ_Lightmap0_1 (AutoDXT)
[2016.04.12-04.29.34:105][  0]LogTexture:Display: Building textures: HQ_Lightmap0_2 (AutoDXT)
[2016.04.12-04.29.34:131][  0]LogTexture:Display: Building textures: HQ_Lightmap0_3 (AutoDXT)
[2016.04.12-04.29.34:186][  0]LogTexture:Display: Building textures: HQ_Lightmap0_4 (AutoDXT)
[2016.04.12-04.29.34:209][  0]LogTexture:Display: Building textures: HQ_Lightmap0_5 (AutoDXT)
[2016.04.12-04.29.34:257][  0]LogTexture:Display: Building textures: HQ_Lightmap1_6 (AutoDXT)
[2016.04.12-04.29.34:287][  0]LogTexture:Display: Building textures: LQ_Lightmap_0_1 (DXT1)
[2016.04.12-04.29.34:449][  0]LogTexture:Display: Building textures: LQ_Lightmap_0_2 (DXT1)
[2016.04.12-04.29.34:464][  0]LogTexture:Display: Building textures: LQ_Lightmap_0_3 (DXT1)
[2016.04.12-04.29.34:490][  0]LogTexture:Display: Building textures: LQ_Lightmap_0_4 (DXT1)
[2016.04.12-04.29.34:504][  0]LogTexture:Display: Building textures: LQ_Lightmap_0_5 (DXT1)
[2016.04.12-04.29.34:525][  0]LogTexture:Display: Building textures: LQ_Lightmap_1_6 (DXT1)
[2016.04.12-04.29.34:544][  0]LogTexture:Display: Building textures: SkyOcclusion0_1 (AutoDXT)
[2016.04.12-04.29.34:675][  0]LogTexture:Display: Building textures: SkyOcclusion0_2 (AutoDXT)
[2016.04.12-04.29.34:688][  0]LogTexture:Display: Building textures: SkyOcclusion0_3 (AutoDXT)
[2016.04.12-04.29.34:711][  0]LogTexture:Display: Building textures: SkyOcclusion0_4 (AutoDXT)
[2016.04.12-04.29.34:724][  0]LogTexture:Display: Building textures: SkyOcclusion0_5 (AutoDXT)
[2016.04.12-04.29.34:743][  0]LogTexture:Display: Building textures: SkyOcclusion0_6 (AutoDXT)
[2016.04.12-04.29.34:755][  0]LogTexture:Display: Building textures: ShadowMapTexture2D_12 (G8)
[2016.04.12-04.29.34:812][  0]LogTexture:Display: Building textures: ShadowMapTexture2D_13 (G8)
[2016.04.12-04.29.34:816][  0]LogTexture:Display: Building textures: ShadowMapTexture2D_14 (G8)
[2016.04.12-04.29.34:819][  0]LogTexture:Display: Building textures: ShadowMapTexture2D_15 (G8)
[2016.04.12-04.29.34:823][  0]LogTexture:Display: Building textures: ShadowMapTexture2D_16 (G8)
[2016.04.12-04.29.34:826][  0]LogTexture:Display: Building textures: ShadowMapTexture2D_17 (G8)
[2016.04.12-04.29.34:949][  0]LogTexture:Display: Building textures: T_Metal_Gold_D (AutoDXT)
[2016.04.12-04.29.36:975][  0]LogTexture:Display: Building textures: T_MacroVariation (AutoDXT)
[2016.04.12-04.29.39:068][  0]LogTexture:Display: Building textures: T_Metal_Gold_N (BC5)
[2016.04.12-04.29.39:424][  0]LogTexture:Display: Building textures: UE4_LOGO_CARD (AutoDXT)
[2016.04.12-04.29.39:458][  0]LogTexture:Display: Building textures: T_ML_Aluminum01_N (BC5)
[2016.04.12-04.29.39:482][  0]LogTexture:Display: Building textures: T_ML_Aluminum01 (AutoDXT)
[2016.04.12-04.29.39:564][  0]LogTexture:Display: Building textures: UE4Man_Logo_N (BC5)
[2016.04.12-04.29.39:587][  0]LogTexture:Display: Building textures: T_ML_Rubber_Blue_01_D (AutoDXT)
[2016.04.12-04.29.39:692][  0]LogTexture:Display: Building textures: T_ML_Rubber_Blue_01_N (BC5)
[2016.04.12-04.29.39:717][  0]LogTexture:Display: Building textures: UE4_Mannequin_MAT_MASKA (AutoDXT)
[2016.04.12-04.29.39:902][  0]LogTexture:Display: Building textures: UE4_Mannequin__normals (BC5)
[2016.04.12-04.29.40:283][  0]LogAIModule: Creating AISystem for world TopDownExampleMap
[2016.04.12-04.29.40:293][  0]LogEditorServer: Finished looking for orphan Actors (0.000 secs)
[2016.04.12-04.29.40:294][  0]Cmd: MAP CHECKDEP NOCLEARLOG
[2016.04.12-04.29.40:356][  0]MapCheck: Info Map check complete: 0 Error(s), 0 Warning(s), took 61.77ms to complete.
[2016.04.12-04.29.40:356][  0]LogFileHelpers: Loading map 'TopDownExampleMap' took 6.999
[2016.04.12-04.29.40:477][  0]LogCollectionManager: Loaded 0 collections in 0.001160 seconds
[2016.04.12-04.29.40:514][  0]LogFileCache: Scanning file cache for directory 'C:/Users/u.nair/Documents/CS580/CS580AIProject 4.11/Saved/Collections/' took 0.01s
[2016.04.12-04.29.40:514][  0]LogFileCache: Scanning file cache for directory 'C:/Users/u.nair/Documents/CS580/CS580AIProject 4.11/Content/Developers/unair/Collections/' took 0.01s
[2016.04.12-04.29.40:514][  0]LogFileCache: Scanning file cache for directory 'C:/Users/u.nair/Documents/CS580/CS580AIProject 4.11/Content/Collections/' took 0.01s
[2016.04.12-04.29.40:514][  0]LogCollectionManager: Rebuilt the GUID cache for 0 collections in 0.000002 seconds
[2016.04.12-04.29.40:520][  0]LogContentBrowser: Native class hierarchy populated in 0.0053 seconds. Added 1979 classes and 343 folders.
[2016.04.12-04.29.40:534][  0]LogStats: UGameplayTagsManager::ConstructGameplayTagTree: Construct from data asset -  0.000 s
[2016.04.12-04.29.40:534][  0]LogStats: UGameplayTagsManager::ConstructGameplayTagTree: GameplayTagTreeChangedEvent.Broadcast -  0.000 s
[2016.04.12-04.29.40:535][  0]LogContentBrowser: Native class hierarchy updated for 'GameplayTags' in 0.0004 seconds. Added 12 classes and 0 folders.
[2016.04.12-04.29.40:538][  0]LogContentBrowser: Native class hierarchy updated for 'WidgetCarousel' in 0.0003 seconds. Added 0 classes and 0 folders.
[2016.04.12-04.29.40:543][  0]LogContentBrowser: Native class hierarchy updated for 'SuperSearch' in 0.0004 seconds. Added 1 classes and 2 folders.
[2016.04.12-04.29.40:580][  0]LogContentBrowser: Native class hierarchy updated for 'AddContentDialog' in 0.0004 seconds. Added 0 classes and 0 folders.
[2016.04.12-04.29.40:583][  0]LogContentBrowser: Native class hierarchy updated for 'SceneOutliner' in 0.0004 seconds. Added 1 classes and 2 folders.
[2016.04.12-04.29.40:823][  0]LogCrashTracker: Crashtracker disabled due to settings.
[2016.04.12-04.29.40:835][  0]LogTexture:Display: Building textures: Blueprint_64x (BGRA8)
[2016.04.12-04.29.40:836][  0]LogTexture:Display: Building textures: icon_Editor_Preferences_General_40x (BGRA8)
[2016.04.12-04.29.40:838][  0]LogTexture:Display: Building textures: Paper2DSprite_TutorialIcon (BGRA8)
[2016.04.12-04.29.40:839][  0]LogTexture:Display: Building textures: icon_ShowSkeletalMeshes_40x (BGRA8)
[2016.04.12-04.29.40:839][  0]LogTexture:Display: Building textures: Landscape (BGRA8)
[2016.04.12-04.29.40:840][  0]LogTexture:Display: Building textures: Foliage (BGRA8)
[2016.04.12-04.29.40:866][  0]LogContentBrowser: Native class hierarchy updated for 'HierarchicalLODOutliner' in 0.0004 seconds. Added 1 classes and 2 folders.
[2016.04.12-04.29.40:866][  0]LogLoad: Full Startup: 12.29 seconds (BP compile: 0.18 seconds)
[2016.04.12-04.29.40:866][  0]LogExternalProfiler: Found external profiler: VSPerf
[2016.04.12-04.29.40:866][  0]LogExternalProfiler: Using external profiler: VSPerf
[2016.04.12-04.29.40:875][  0]LogOcInput: OculusInput pre-init called
[2016.04.12-04.29.40:884][  0]LogOcInput: Can't find Oculus library dev build: is proper Runtime installed? Version: 1.3.0
[2016.04.12-04.29.40:898][  0]LogAssetRegistry: Asset discovery search completed in 8.7445 seconds
[2016.04.12-04.29.40:898][  0]LogCollectionManager: Rebuilt the object cache for 0 collections in 0.000001 seconds (found 0 objects)
[2016.04.12-04.29.40:898][  0]LogCollectionManager: Fixed up redirectors for 0 collections in 0.000013 seconds (updated 0 objects)
[2016.04.12-04.29.40:923][  0]LogContentStreaming: Texture pool size now 1000 MB
[2016.04.12-04.29.40:935][  0]LogTexture:Display: Building textures: icon_tab_Levels_40x (BGRA8)
[2016.04.12-04.29.40:984][  0]LogTexture:Display: Building textures: LevelGrid1DStripes (BGRA8)
[2016.04.12-04.29.41:520][  0]LogRenderer: Reallocating scene render targets to support 1208x576 (Frame:2).
[2016.04.12-04.40.37:724][409]LogActorComponent: UnregisterComponent: (/Engine/Transient.CharMoveComp) Not registered. Aborting.
[2016.04.12-04.40.37:724][409]LogActorComponent: UnregisterComponent: (/Engine/Transient.PawnSensing_GEN_VARIABLE) Not registered. Aborting.
[2016.04.12-04.40.37:724][409]LogActorComponent: UnregisterComponent: (/Engine/Transient.ProjectileMovement_GEN_VARIABLE) Not registered. Aborting.
[2016.04.12-04.40.38:000][410]Cmd: QUIT_EDITOR
[2016.04.12-04.40.38:068][410]LogExit: Preparing to exit.
[2016.04.12-04.40.39:199][410]LogExit: Editor shut down
[2016.04.12-04.40.39:199][410]LogExit: Transaction tracking system shut down
[2016.04.12-04.40.39:284][410]LogObj: Freed 0b from 0 cluster array pools.
[2016.04.12-04.40.39:285][410]LogExit: Object subsystem successfully closed.
[2016.04.12-04.40.39:298][410]LogD3D11RHI: Shutdown
[2016.04.12-04.40.39:298][410]LogD3D11RHI: CleanupD3DDevice
[2016.04.12-04.40.39:328][410]LogD3D11RHI: ~FD3D11DynamicRHI
[2016.04.12-04.40.39:411][410]LogDerivedDataCache: Shutdown
[2016.04.12-04.40.39:411][410]LogModuleManager: Shutting down and abandoning module HierarchicalLODOutliner (203)
[2016.04.12-04.40.39:411][410]LogModuleManager: Shutting down and abandoning module CrashTracker (202)
[2016.04.12-04.40.39:411][410]LogModuleManager: Shutting down and abandoning module SceneOutliner (201)
[2016.04.12-04.40.39:411][410]LogModuleManager: Shutting down and abandoning module SuperSearch (200)
[2016.04.12-04.40.39:411][410]LogModuleManager: Shutting down and abandoning module WidgetCarousel (199)
[2016.04.12-04.40.39:411][410]LogModuleManager: Shutting down and abandoning module AddContentDialog (198)
[2016.04.12-04.40.39:412][410]LogModuleManager: Shutting down and abandoning module GameplayTags (197)
[2016.04.12-04.40.39:412][410]LogModuleManager: Shutting down and abandoning module EditorWidgets (196)
[2016.04.12-04.40.39:412][410]LogModuleManager: Shutting down and abandoning module CollectionManager (195)
[2016.04.12-04.40.39:412][410]LogModuleManager: Shutting down and abandoning module StatsViewer (194)
[2016.04.12-04.40.39:412][410]LogModuleManager: Shutting down and abandoning module FoliageEdit (193)
[2016.04.12-04.40.39:412][410]LogModuleManager: Shutting down and abandoning module LandscapeEditor (192)
[2016.04.12-04.40.39:412][410]LogModuleManager: Shutting down and abandoning module ActorPickerMode (191)
[2016.04.12-04.40.39:412][410]LogModuleManager: Shutting down and abandoning module GeometryMode (190)
[2016.04.12-04.40.39:412][410]LogModuleManager: Shutting down and abandoning module TextureAlignMode (189)
[2016.04.12-04.40.39:412][410]LogModuleManager: Shutting down and abandoning module BspMode (188)
[2016.04.12-04.40.39:412][410]LogModuleManager: Shutting down and abandoning module PlacementMode (187)
[2016.04.12-04.40.39:412][410]LogModuleManager: Shutting down and abandoning module AutomationWorker (186)
[2016.04.12-04.40.39:412][410]LogModuleManager: Shutting down and abandoning module CharacterAI (185)
[2016.04.12-04.40.39:412][410]LogModuleManager: Shutting down and abandoning module SmartSnapping (184)
[2016.04.12-04.40.39:412][410]LogModuleManager: Shutting down and abandoning module ViewportSnapping (183)
[2016.04.12-04.40.39:412][410]LogModuleManager: Shutting down and abandoning module LogVisualizer (182)
[2016.04.12-04.40.39:412][410]LogModuleManager: Shutting down and abandoning module GameProjectGeneration (181)
[2016.04.12-04.40.39:412][410]LogModuleManager: Shutting down and abandoning module IntroTutorials (180)
[2016.04.12-04.40.39:412][410]LogModuleManager: Shutting down and abandoning module EditorLiveStreaming (179)
[2016.04.12-04.40.39:412][410]LogModuleManager: Shutting down and abandoning module IOSPlatformEditor (178)
[2016.04.12-04.40.39:412][410]LogModuleManager: Shutting down and abandoning module HTML5PlatformEditor (177)
[2016.04.12-04.40.39:412][410]LogModuleManager: Shutting down and abandoning module AndroidDeviceDetection (176)
[2016.04.12-04.40.40:234][410]LogModuleManager: Shutting down and abandoning module AndroidPlatformEditor (175)
[2016.04.12-04.40.40:234][410]LogModuleManager: Shutting down and abandoning module IOSRuntimeSettings (174)
[2016.04.12-04.40.40:234][410]LogModuleManager: Shutting down and abandoning module AndroidRuntimeSettings (173)
[2016.04.12-04.40.40:234][410]LogModuleManager: Shutting down and abandoning module MergeActors (172)
[2016.04.12-04.40.40:234][410]LogModuleManager: Shutting down and abandoning module SizeMap (171)
[2016.04.12-04.40.40:234][410]LogModuleManager: Shutting down and abandoning module TreeMap (170)
[2016.04.12-04.40.40:234][410]LogModuleManager: Shutting down and abandoning module ReferenceViewer (169)
[2016.04.12-04.40.40:234][410]LogModuleManager: Shutting down and abandoning module LocalizationService (168)
[2016.04.12-04.40.40:234][410]LogModuleManager: Shutting down and abandoning module LocalizationDashboard (167)
[2016.04.12-04.40.40:234][410]LogModuleManager: Shutting down and abandoning module HardwareTargeting (166)
[2016.04.12-04.40.40:234][410]LogModuleManager: Shutting down and abandoning module DeviceProfileEditor (165)
[2016.04.12-04.40.40:234][410]LogModuleManager: Shutting down and abandoning module UndoHistory (164)
[2016.04.12-04.40.40:234][410]LogModuleManager: Shutting down and abandoning module UserFeedback (163)
[2016.04.12-04.40.40:234][410]LogModuleManager: Shutting down and abandoning module XmlParser (162)
[2016.04.12-04.40.40:234][410]LogModuleManager: Shutting down and abandoning module Blutility (161)
[2016.04.12-04.40.40:234][410]LogModuleManager: Shutting down and abandoning module ProjectTargetPlatformEditor (160)
[2016.04.12-04.40.40:234][410]LogModuleManager: Shutting down and abandoning module ProjectSettingsViewer (159)
[2016.04.12-04.40.40:234][410]LogModuleManager: Shutting down and abandoning module InputBindingEditor (158)
[2016.04.12-04.40.40:234][410]LogModuleManager: Shutting down and abandoning module EditorSettingsViewer (157)
[2016.04.12-04.40.40:234][410]LogModuleManager: Shutting down and abandoning module SettingsEditor (156)
[2016.04.12-04.40.40:234][410]LogModuleManager: Shutting down and abandoning module ProjectLauncher (155)
[2016.04.12-04.40.40:234][410]LogModuleManager: Shutting down and abandoning module SessionFrontend (154)
[2016.04.12-04.40.40:234][410]LogModuleManager: Shutting down and abandoning module ProfilerClient (153)
[2016.04.12-04.40.40:234][410]LogModuleManager: Shutting down and abandoning module TargetDeviceServices (152)
[2016.04.12-04.40.40:234][410]LogModuleManager: Shutting down and abandoning module DeviceManager (151)
[2016.04.12-04.40.40:275][410]LogModuleManager: Shutting down and abandoning module AutomationController (150)
[2016.04.12-04.40.40:275][410]LogModuleManager: Shutting down and abandoning module AutomationWindow (149)
[2016.04.12-04.40.40:275][410]LogModuleManager: Shutting down and abandoning module Layers (148)
[2016.04.12-04.40.40:275][410]LogModuleManager: Shutting down and abandoning module ComponentVisualizers (147)
[2016.04.12-04.40.40:275][410]LogModuleManager: Shutting down and abandoning module DetailCustomizations (146)
[2016.04.12-04.40.40:275][410]LogModuleManager: Shutting down and abandoning module PackagesDialog (145)
[2016.04.12-04.40.40:275][410]LogModuleManager: Shutting down and abandoning module Persona (144)
[2016.04.12-04.40.40:275][410]LogModuleManager: Shutting down and abandoning module Kismet (143)
[2016.04.12-04.40.40:275][410]LogModuleManager: Shutting down and abandoning module GraphEditor (142)
[2016.04.12-04.40.40:275][410]LogModuleManager: Shutting down and abandoning module ClassViewer (141)
[2016.04.12-04.40.40:275][410]LogModuleManager: Shutting down and abandoning module Toolbox (140)
[2016.04.12-04.40.40:275][410]LogModuleManager: Shutting down and abandoning module ModuleUI (139)
[2016.04.12-04.40.40:275][410]LogModuleManager: Shutting down and abandoning module MovieSceneTools (138)
[2016.04.12-04.40.40:275][410]LogModuleManager: Shutting down and abandoning module OutputLog (137)
[2016.04.12-04.40.40:275][410]LogModuleManager: Shutting down and abandoning module GammaUI (136)
[2016.04.12-04.40.40:275][410]LogModuleManager: Shutting down and abandoning module Documentation (135)
[2016.04.12-04.40.40:275][410]LogModuleManager: Shutting down and abandoning module StreamingPauseRendering (134)
[2016.04.12-04.40.40:275][410]LogModuleManager: Shutting down and abandoning module AnalyticsET (133)
[2016.04.12-04.40.40:275][410]LogModuleManager: Shutting down and abandoning module Analytics (132)
[2016.04.12-04.40.40:275][410]LogModuleManager: Shutting down and abandoning module PortalServices (131)
[2016.04.12-04.40.40:275][410]LogModuleManager: Shutting down and abandoning module PortalRpc (130)
[2016.04.12-04.40.40:275][410]LogModuleManager: Shutting down and abandoning module MessagingRpc (129)
[2016.04.12-04.40.40:275][410]LogModuleManager: Shutting down and abandoning module AITestSuite (128)
[2016.04.12-04.40.40:275][410]LogModuleManager: Shutting down and abandoning module GameplayDebugger (127)
[2016.04.12-04.40.40:275][410]LogModuleManager: Shutting down and abandoning module AIModule (126)
[2016.04.12-04.40.40:275][410]LogModuleManager: Shutting down and abandoning module ProfilerService (125)
[2016.04.12-04.40.40:497][410]LogModuleManager: Shutting down and abandoning module TaskGraph (124)
[2016.04.12-04.40.40:497][410]LogModuleManager: Shutting down and abandoning module SlateRemote (123)
[2016.04.12-04.40.40:497][410]LogModuleManager: Shutting down and abandoning module SteamVRController (122)
[2016.04.12-04.40.40:497][410]LogModuleManager: Shutting down and abandoning module SteamVR (121)
[2016.04.12-04.40.40:497][410]LogModuleManager: Shutting down and abandoning module ProceduralMeshComponent (120)
[2016.04.12-04.40.40:497][410]LogModuleManager: Shutting down and abandoning module OculusLibrary (119)
[2016.04.12-04.40.40:497][410]LogModuleManager: Shutting down and abandoning module OculusInput (118)
[2016.04.12-04.40.40:497][410]LogModuleManager: Shutting down and abandoning module CustomMeshComponent (117)
[2016.04.12-04.40.40:497][410]LogModuleManager: Shutting down and abandoning module CableComponent (116)
[2016.04.12-04.40.40:497][410]LogModuleManager: Shutting down and abandoning module ArchVisCharacter (115)
[2016.04.12-04.40.40:497][410]LogModuleManager: Shutting down and abandoning module MediaPlayerEditor (114)
[2016.04.12-04.40.40:497][410]LogModuleManager: Shutting down and abandoning module HTML5Networking (113)
[2016.04.12-04.40.40:497][410]LogModuleManager: Shutting down and abandoning module SpeedTreeImporter (112)
[2016.04.12-04.40.40:497][410]LogModuleManager: Shutting down and abandoning module PluginBrowser (111)
[2016.04.12-04.40.40:497][410]LogModuleManager: Shutting down and abandoning module EpicSurvey (110)
[2016.04.12-04.40.40:497][410]LogModuleManager: Shutting down and abandoning module DesktopPlatform (109)
[2016.04.12-04.40.40:497][410]LogModuleManager: Shutting down and abandoning module VisualStudioSourceCodeAccess (108)
[2016.04.12-04.40.40:497][410]LogModuleManager: Shutting down and abandoning module UObjectPlugin (107)
[2016.04.12-04.40.40:497][410]LogModuleManager: Shutting down and abandoning module SubversionSourceControl (106)
[2016.04.12-04.40.40:497][410]LogModuleManager: Shutting down and abandoning module PerforceSourceControl (105)
[2016.04.12-04.40.40:497][410]LogModuleManager: Shutting down and abandoning module SourceControl (104)
[2016.04.12-04.40.40:497][410]LogModuleManager: Shutting down and abandoning module GitSourceControl (103)
[2016.04.12-04.40.40:497][410]LogModuleManager: Shutting down and abandoning module LightPropagationVolumeEditor (102)
[2016.04.12-04.40.40:497][410]LogModuleManager: Shutting down and abandoning module PaperTiledImporter (101)
[2016.04.12-04.40.40:497][410]LogModuleManager: Shutting down and abandoning module PaperSpriteSheetImporter (100)
[2016.04.12-04.40.40:497][410]LogModuleManager: Shutting down and abandoning module MeshPaint (99)
[2016.04.12-04.40.40:497][410]LogModuleManager: Shutting down and abandoning module HotReload (98)
[2016.04.12-04.40.40:498][410]LogModuleManager: Shutting down and abandoning module MainFrame (97)
[2016.04.12-04.40.40:498][410]LogModuleManager: Shutting down and abandoning module LevelEditor (96)
[2016.04.12-04.40.40:498][410]LogModuleManager: Shutting down and abandoning module DirectoryWatcher (95)
[2016.04.12-04.40.40:499][410]LogModuleManager: Shutting down and abandoning module AssetRegistry (94)
[2016.04.12-04.40.40:603][410]LogModuleManager: Shutting down and abandoning module ContentBrowser (93)
[2016.04.12-04.40.40:603][410]LogModuleManager: Shutting down and abandoning module Paper2DEditor (92)
[2016.04.12-04.40.40:603][410]LogModuleManager: Shutting down and abandoning module UdpMessaging (91)
[2016.04.12-04.40.40:703][410]LogModuleManager: Shutting down and abandoning module LightPropagationVolumeRuntime (90)
[2016.04.12-04.40.40:703][410]LogModuleManager: Shutting down and abandoning module Paper2D (89)
[2016.04.12-04.40.40:703][410]LogModuleManager: Shutting down and abandoning module WindowsMoviePlayer (88)
[2016.04.12-04.40.40:703][410]LogModuleManager: Shutting down and abandoning module Media (87)
[2016.04.12-04.40.40:703][410]LogModuleManager: Shutting down and abandoning module WmfMedia (86)
[2016.04.12-04.40.40:703][410]LogModuleManager: Shutting down and abandoning module GameLiveStreaming (85)
[2016.04.12-04.40.40:703][410]LogModuleManager: Shutting down and abandoning module GameplayTagsEditor (84)
[2016.04.12-04.40.40:703][410]LogModuleManager: Shutting down and abandoning module OnlineBlueprintSupport (83)
[2016.04.12-04.40.40:703][410]LogModuleManager: Shutting down and abandoning module GameplayTasksEditor (82)
[2016.04.12-04.40.40:703][410]LogModuleManager: Shutting down and abandoning module PropertyEditor (81)
[2016.04.12-04.40.40:703][410]LogModuleManager: Shutting down and abandoning module BehaviorTreeEditor (80)
[2016.04.12-04.40.40:703][410]LogModuleManager: Shutting down and abandoning module FunctionalTesting (79)
[2016.04.12-04.40.40:703][410]LogModuleManager: Shutting down and abandoning module CollisionAnalyzer (78)
[2016.04.12-04.40.40:703][410]LogModuleManager: Shutting down and abandoning module WorkspaceMenuStructure (77)
[2016.04.12-04.40.40:703][410]LogModuleManager: Shutting down and abandoning module MessageLog (76)
[2016.04.12-04.40.40:703][410]LogModuleManager: Shutting down and abandoning module Sequencer (75)
[2016.04.12-04.40.40:703][410]LogModuleManager: Shutting down and abandoning module AssetTools (74)
[2016.04.12-04.40.40:703][410]LogModuleManager: Shutting down and abandoning module UMGEditor (73)
[2016.04.12-04.40.40:703][410]LogModuleManager: Shutting down and abandoning module UMG (72)
[2016.04.12-04.40.40:703][410]LogModuleManager: Shutting down and abandoning module SlateReflector (71)
[2016.04.12-04.40.40:703][410]LogModuleManager: Shutting down and abandoning module Slate (70)
[2016.04.12-04.40.40:703][410]LogModuleManager: Shutting down and abandoning module EditorStyle (69)
[2016.04.12-04.40.40:707][410]LogModuleManager: Shutting down and abandoning module SessionServices (68)
[2016.04.12-04.40.40:707][410]LogModuleManager: Shutting down and abandoning module SourceCodeAccess (67)
[2016.04.12-04.40.40:707][410]LogModuleManager: Shutting down and abandoning module HeadMountedDisplay (66)
[2016.04.12-04.40.40:707][410]LogModuleManager: Shutting down and abandoning module XAudio2 (65)
[2016.04.12-04.40.40:707][410]LogModuleManager: Shutting down and abandoning module Networking (63)
[2016.04.12-04.40.40:707][410]LogModuleManager: Shutting down and abandoning module Core (62)
[2016.04.12-04.40.40:707][410]LogModuleManager: Shutting down and abandoning module KismetCompiler (61)
[2016.04.12-04.40.40:707][410]LogModuleManager: Shutting down and abandoning module PhysXFormats (60)
[2016.04.12-04.40.40:707][410]LogModuleManager: Shutting down and abandoning module MeshUtilities (59)
[2016.04.12-04.40.40:707][410]LogModuleManager: Shutting down and abandoning module CookingStats (58)
[2016.04.12-04.40.40:707][410]LogModuleManager: Shutting down and abandoning module DerivedDataCache (57)
[2016.04.12-04.40.40:707][410]LogDerivedDataCache: Shutdown
[2016.04.12-04.40.40:707][410]LogModuleManager: Shutting down and abandoning module ShaderFormatOpenGL (56)
[2016.04.12-04.40.40:707][410]LogModuleManager: Shutting down and abandoning module ShaderFormatD3D (55)
[2016.04.12-04.40.40:707][410]LogModuleManager: Shutting down and abandoning module MetalShaderFormat (54)
[2016.04.12-04.40.40:707][410]LogModuleManager: Shutting down and abandoning module TextureFormatUncompressed (53)
[2016.04.12-04.40.40:707][410]LogModuleManager: Shutting down and abandoning module TextureFormatPVR (52)
[2016.04.12-04.40.40:707][410]LogModuleManager: Shutting down and abandoning module TextureFormatIntelISPCTexComp (51)
[2016.04.12-04.40.40:707][410]LogModuleManager: Shutting down and abandoning module TextureFormatDXT (50)
[2016.04.12-04.40.40:707][410]LogModuleManager: Shutting down and abandoning module ImageWrapper (49)
[2016.04.12-04.40.40:707][410]LogModuleManager: Shutting down and abandoning module TextureFormatASTC (48)
[2016.04.12-04.40.40:707][410]LogModuleManager: Shutting down and abandoning module TextureFormatAndroid (47)
[2016.04.12-04.40.40:707][410]LogModuleManager: Shutting down and abandoning module AudioFormatOpus (46)
[2016.04.12-04.40.40:707][410]LogModuleManager: Shutting down and abandoning module AudioFormatOgg (45)
[2016.04.12-04.40.40:707][410]LogModuleManager: Shutting down and abandoning module AudioFormatADPCM (44)
[2016.04.12-04.40.40:707][410]LogModuleManager: Shutting down and abandoning module LinuxTargetPlatform (43)
[2016.04.12-04.40.40:707][410]LogModuleManager: Shutting down and abandoning module LinuxServerTargetPlatform (42)
[2016.04.12-04.40.40:707][410]LogModuleManager: Shutting down and abandoning module LinuxNoEditorTargetPlatform (41)
[2016.04.12-04.40.40:707][410]LogModuleManager: Shutting down and abandoning module TVOSTargetPlatform (40)
[2016.04.12-04.40.40:707][410]LogModuleManager: Shutting down and abandoning module Messaging (39)
[2016.04.12-04.40.40:707][410]LogModuleManager: Shutting down and abandoning module IOSTargetPlatform (38)
[2016.04.12-04.40.40:707][410]LogModuleManager: Shutting down and abandoning module HTML5TargetPlatform (37)
[2016.04.12-04.40.40:707][410]LogModuleManager: Shutting down and abandoning module Android_PVRTCTargetPlatform (36)
[2016.04.12-04.40.40:707][410]LogModuleManager: Shutting down and abandoning module Android_MultiTargetPlatform (35)
[2016.04.12-04.40.40:707][410]LogModuleManager: Shutting down and abandoning module Android_ETC2TargetPlatform (34)
[2016.04.12-04.40.40:707][410]LogModuleManager: Shutting down and abandoning module Android_ETC1TargetPlatform (33)
[2016.04.12-04.40.40:707][410]LogModuleManager: Shutting down and abandoning module Android_DXTTargetPlatform (32)
[2016.04.12-04.40.40:707][410]LogModuleManager: Shutting down and abandoning module Android_ATCTargetPlatform (31)
[2016.04.12-04.40.40:707][410]LogModuleManager: Shutting down and abandoning module Android_ASTCTargetPlatform (30)
[2016.04.12-04.40.40:707][410]LogModuleManager: Shutting down and abandoning module AndroidTargetPlatform (29)
[2016.04.12-04.40.40:707][410]LogModuleManager: Shutting down and abandoning module WindowsTargetPlatform (28)
[2016.04.12-04.40.40:707][410]LogModuleManager: Shutting down and abandoning module WindowsServerTargetPlatform (27)
[2016.04.12-04.40.40:707][410]LogModuleManager: Shutting down and abandoning module WindowsNoEditorTargetPlatform (26)
[2016.04.12-04.40.40:707][410]LogModuleManager: Shutting down and abandoning module WindowsClientTargetPlatform (25)
[2016.04.12-04.40.40:707][410]LogModuleManager: Shutting down and abandoning module AllDesktopTargetPlatform (24)
[2016.04.12-04.40.40:707][410]LogModuleManager: Shutting down and abandoning module TargetPlatform (23)
[2016.04.12-04.40.40:707][410]LogModuleManager: Shutting down and abandoning module InputCore (22)
[2016.04.12-04.40.40:707][410]LogModuleManager: Shutting down and abandoning module Settings (21)
[2016.04.12-04.40.40:707][410]LogModuleManager: Shutting down and abandoning module OnlineSubsystem (19)
[2016.04.12-04.40.40:707][410]LogModuleManager: Shutting down and abandoning module HTTP (18)
[2016.04.12-04.40.42:708][410]LogModuleManager: Shutting down and abandoning module XMPP (17)
[2016.04.12-04.40.42:708][410]LogModuleManager: Shutting down and abandoning module OculusRift (16)
[2016.04.12-04.40.42:708][410]LogModuleManager: Shutting down and abandoning module ExampleDeviceProfileSelector (15)
[2016.04.12-04.40.42:708][410]LogModuleManager: Shutting down and abandoning module TextureCompressor (14)
[2016.04.12-04.40.42:708][410]LogModuleManager: Shutting down and abandoning module ShaderCore (13)
[2016.04.12-04.40.42:708][410]LogModuleManager: Shutting down and abandoning module Landscape (12)
[2016.04.12-04.40.42:708][410]LogModuleManager: Shutting down and abandoning module SlateRHIRenderer (11)
[2016.04.12-04.40.42:708][410]LogModuleManager: Shutting down and abandoning module OpenGLDrv (10)
[2016.04.12-04.40.42:708][410]LogModuleManager: Shutting down and abandoning module D3D11RHI (9)
[2016.04.12-04.40.42:708][410]LogModuleManager: Shutting down and abandoning module AnimGraphRuntime (8)
[2016.04.12-04.40.42:708][410]LogModuleManager: Shutting down and abandoning module Renderer (7)
[2016.04.12-04.40.42:708][410]LogModuleManager: Shutting down and abandoning module Engine (6)
[2016.04.12-04.40.42:708][410]LogModuleManager: Shutting down and abandoning module CoreUObject (5)
[2016.04.12-04.40.42:708][410]LogModuleManager: Shutting down and abandoning module NetworkFile (4)
[2016.04.12-04.40.42:708][410]LogModuleManager: Shutting down and abandoning module StreamingFile (3)
[2016.04.12-04.40.42:708][410]LogModuleManager: Shutting down and abandoning module SandboxFile (2)
[2016.04.12-04.40.42:708][410]LogModuleManager: Shutting down and abandoning module PakFile (1)
[2016.04.12-04.40.42:709][410]LogExit: Exiting.
[2016.04.12-04.40.42:740][410]Log file closed, 04/11/16 21:40:42
